#
# A fatal error has been detected by the Java Runtime Environment:
#
#  SIGSEGV (0xb) at pc=0x00007f91dc2f3e51, pid=27258, tid=140264117364480
#
# JRE version: OpenJDK Runtime Environment (7.0_55-b14) (build 1.7.0_55-b14)
# Java VM: OpenJDK 64-Bit Server VM (24.51-b03 mixed mode linux-amd64 compressed oops)
# Problematic frame:
# C  [r600_dri.so+0xbbe51]  __printf_chk+0xbbe51
#
# Failed to write core dump. Core dumps have been disabled. To enable core dumping, try "ulimit -c unlimited" before starting Java again
#
# If you would like to submit a bug report, please include
# instructions on how to reproduce the bug and visit:
#   http://icedtea.classpath.org/bugzilla
# The crash happened outside the Java Virtual Machine in native code.
# See problematic frame for where to report the bug.
#

---------------  T H R E A D  ---------------

Current thread (0x00007f92088c3000):  JavaThread "AWT-EventQueue-0" [_thread_in_native, id=27284, stack(0x00007f91c8d3e000,0x00007f91c8e3f000)]

siginfo:si_signo=SIGSEGV: si_errno=0, si_code=1 (SEGV_MAPERR), si_addr=0x0000000000000000

Registers:
RAX=0x00007f91a0099d60, RBX=0x0000000000000000, RCX=0x00007f91dc2f3e48, RDX=0x0000000000000012
RSP=0x00007f91c8e3c550, RBP=0x00007f91c8e3c560, RSI=0xffffffffffddd430, RDI=0x0000000000000387
R8 =0x0000000000000000, R9 =0x00007f920837a08a, R10=0x00007f91c8e3c4e0, R11=0x00007f91a011b410
R12=0x0000000000000000, R13=0x000000077ae685e8, R14=0x00007f91c8e3c810, R15=0x00007f92088c3000
RIP=0x00007f91dc2f3e51, EFLAGS=0x0000000000010207, CSGSFS=0xffff000000000033, ERR=0x0000000000000006
  TRAPNO=0x000000000000000e

Top of Stack: (sp=0x00007f91c8e3c550)
0x00007f91c8e3c550:   00007f9208229c90 00007f91a0099d60
0x00007f91c8e3c560:   0000000000000000 0000000000000000
0x00007f91c8e3c570:   00007f9200000005 0000000000000000
0x00007f91c8e3c580:   0000000000000001 00007f9208229c90
0x00007f91c8e3c590:   0000000000000000 0000000000000000
0x00007f91c8e3c5a0:   0000000000000000 0000000000000000
0x00007f91c8e3c5b0:   0000000000000000 00007f9208229fe8
0x00007f91c8e3c5c0:   00007f9208232050 00007f91c8e3c5e0
0x00007f91c8e3c5d0:   000000005935c704 00007f91dd3d37a2
0x00007f91c8e3c5e0:   00000000ffffffff 0000000000000000
0x00007f91c8e3c5f0:   00007f91dea2c670 00007f9208232590
0x00007f91c8e3c600:   00007f92041a8960 00007f91c8010000
0x00007f91c8e3c610:   00007f91c8e3c570 0000000000000000
0x00007f91c8e3c620:   0000000000000000 0000000000000000
0x00007f91c8e3c630:   0000000000000000 0000000000000000
0x00007f91c8e3c640:   0000000000000000 0000000000000000
0x00007f91c8e3c650:   0000000000000000 00007f91dd59f740
0x00007f91c8e3c660:   0000000000000000 000000077ae685e8
0x00007f91c8e3c670:   00007f91c8e3c810 00007f92088c3000
0x00007f91c8e3c680:   00007f91c8e3c760 00007f920e617557
0x00007f91c8e3c690:   0000000700000005 0000000000000000
0x00007f91c8e3c6a0:   00007f91c8e3c700 00007f91dea2c670
0x00007f91c8e3c6b0:   000000077ae685e8 00007f91c8e3c760
0x00007f91c8e3c6c0:   0000000000000000 00007f920e61e515
0x00007f91c8e3c6d0:   00007f91dd413e0b 0000000000000000
0x00007f91c8e3c6e0:   0000000000000b23 0000000000000000
0x00007f91c8e3c6f0:   0000000000000b23 0000000000000000
0x00007f91c8e3c700:   00007f920837a08a 000000077ae685e8
0x00007f91c8e3c710:   00007f91c8e3c760 00007f91dd413e6e
0x00007f91c8e3c720:   00007f92088c3000 00000000c8e3c770
0x00007f91c8e3c730:   0000000000000000 00000b2300000000
0x00007f91c8e3c740:   00007f91c8e3c810 00007f92088c31d8 

Instructions: (pc=0x00007f91dc2f3e51)
0x00007f91dc2f3e31:   8d 0d e1 2b 22 00 0f b6 f2 48 63 34 b1 48 01 f1
0x00007f91dc2f3e41:   ff e1 0f 1f 44 00 00 48 8b 44 24 08 f3 0f 10 00
0x00007f91dc2f3e51:   f3 0f 11 03 48 81 c4 b8 01 00 00 5b 5d c3 90 48
0x00007f91dc2f3e61:   8b 44 24 08 48 8d 35 94 2f 22 00 48 8b 38 31 c0 

Register to memory mapping:

RAX=0x00007f91a0099d60 is an unknown value
RBX=0x0000000000000000 is an unknown value
RCX=0x00007f91dc2f3e48: <offset 0xbbe48> in /usr/lib/x86_64-linux-gnu/dri/r600_dri.so at 0x00007f91dc238000
RDX=0x0000000000000012 is an unknown value
RSP=0x00007f91c8e3c550 is pointing into the stack for thread: 0x00007f92088c3000
RBP=0x00007f91c8e3c560 is pointing into the stack for thread: 0x00007f92088c3000
RSI=0xffffffffffddd430 is an unknown value
RDI=0x0000000000000387 is an unknown value
R8 =0x0000000000000000 is an unknown value
R9 =0x00007f920837a08a is an unknown value
R10=0x00007f91c8e3c4e0 is pointing into the stack for thread: 0x00007f92088c3000
R11=0x00007f91a011b410 is an unknown value
R12=0x0000000000000000 is an unknown value
R13=0x000000077ae685e8 is an oop
{method} 
 - klass: {other class}
R14=0x00007f91c8e3c810 is pointing into the stack for thread: 0x00007f92088c3000
R15=0x00007f92088c3000 is a thread


Stack: [0x00007f91c8d3e000,0x00007f91c8e3f000],  sp=0x00007f91c8e3c550,  free space=1017k
Native frames: (J=compiled Java code, j=interpreted, Vv=VM code, C=native code)
C  [r600_dri.so+0xbbe51]  __printf_chk+0xbbe51

Java frames: (J=compiled Java code, j=interpreted, Vv=VM code)
j  com.sun.opengl.impl.GLImpl.glGetFloatv1(ILjava/lang/Object;I)V+0
j  com.sun.opengl.impl.GLImpl.glGetFloatv(I[FI)V+59
j  examen2.AntialiasedLines.init(Ljavax/media/opengl/GLAutoDrawable;)V+46
j  com.sun.opengl.impl.GLDrawableHelper.init(Ljavax/media/opengl/GLAutoDrawable;)V+29
j  javax.media.opengl.GLCanvas$InitAction.run()V+11
j  com.sun.opengl.impl.GLDrawableHelper.invokeGL(Ljavax/media/opengl/GLDrawable;Ljavax/media/opengl/GLContext;Ljava/lang/Runnable;Ljava/lang/Runnable;)V+370
j  javax.media.opengl.GLCanvas$DisplayOnEventDispatchThreadAction.run()V+35
j  java.awt.event.InvocationEvent.dispatch()V+11
j  java.awt.EventQueue.dispatchEventImpl(Ljava/awt/AWTEvent;Ljava/lang/Object;)V+21
j  java.awt.EventQueue.access$200(Ljava/awt/EventQueue;Ljava/awt/AWTEvent;Ljava/lang/Object;)V+3
j  java.awt.EventQueue$3.run()Ljava/lang/Void;+12
j  java.awt.EventQueue$3.run()Ljava/lang/Object;+1
v  ~StubRoutines::call_stub
j  java.security.AccessController.doPrivileged(Ljava/security/PrivilegedAction;Ljava/security/AccessControlContext;)Ljava/lang/Object;+0
j  java.security.ProtectionDomain$1.doIntersectionPrivilege(Ljava/security/PrivilegedAction;Ljava/security/AccessControlContext;Ljava/security/AccessControlContext;)Ljava/lang/Object;+28
j  java.awt.EventQueue.dispatchEvent(Ljava/awt/AWTEvent;)V+46
j  java.awt.EventDispatchThread.pumpOneEventForFilters(I)V+245
j  java.awt.EventDispatchThread.pumpEventsForFilter(ILjava/awt/Conditional;Ljava/awt/EventFilter;)V+35
j  java.awt.EventDispatchThread.pumpEventsForHierarchy(ILjava/awt/Conditional;Ljava/awt/Component;)V+11
j  java.awt.EventDispatchThread.pumpEvents(ILjava/awt/Conditional;)V+4
j  java.awt.EventDispatchThread.pumpEvents(Ljava/awt/Conditional;)V+3
j  java.awt.EventDispatchThread.run()V+9
v  ~StubRoutines::call_stub

---------------  P R O C E S S  ---------------

Java Threads: ( => current thread )
  0x00007f920800a000 JavaThread "DestroyJavaVM" [_thread_blocked, id=27263, stack(0x00007f920e729000,0x00007f920e82a000)]
  0x00007f920898f000 JavaThread "Thread-0" [_thread_blocked, id=27285, stack(0x00007f91c8c3d000,0x00007f91c8d3e000)]
=>0x00007f92088c3000 JavaThread "AWT-EventQueue-0" [_thread_in_native, id=27284, stack(0x00007f91c8d3e000,0x00007f91c8e3f000)]
  0x00007f92088c5800 JavaThread "AWT-Shutdown" [_thread_blocked, id=27283, stack(0x00007f91c8e3f000,0x00007f91c8f40000)]
  0x00007f9208202000 JavaThread "AWT-XAWT" daemon [_thread_blocked, id=27281, stack(0x00007f91ded97000,0x00007f91dee98000)]
  0x00007f92081db000 JavaThread "Java2D Disposer" daemon [_thread_blocked, id=27280, stack(0x00007f91e40a7000,0x00007f91e41a8000)]
  0x00007f92080af000 JavaThread "Service Thread" daemon [_thread_blocked, id=27278, stack(0x00007f91efbfc000,0x00007f91efcfd000)]
  0x00007f92080ac800 JavaThread "C2 CompilerThread1" daemon [_thread_blocked, id=27277, stack(0x00007f91efcfd000,0x00007f91efdfe000)]
  0x00007f92080a9800 JavaThread "C2 CompilerThread0" daemon [_thread_blocked, id=27276, stack(0x00007f91efdfe000,0x00007f91efeff000)]
  0x00007f92080a7800 JavaThread "Signal Dispatcher" daemon [_thread_blocked, id=27275, stack(0x00007f91efeff000,0x00007f91f0000000)]
  0x00007f9208084800 JavaThread "Finalizer" daemon [_thread_blocked, id=27274, stack(0x00007f9200dac000,0x00007f9200ead000)]
  0x00007f9208082800 JavaThread "Reference Handler" daemon [_thread_blocked, id=27273, stack(0x00007f9200ead000,0x00007f9200fae000)]

Other Threads:
  0x00007f920807e000 VMThread [stack: 0x00007f9200fae000,0x00007f92010af000] [id=27272]
  0x00007f92080b9800 WatcherThread [stack: 0x00007f91efafb000,0x00007f91efbfc000] [id=27279]

VM state:not at safepoint (normal execution)

VM Mutex/Monitor currently owned by a thread: None

Heap
 PSYoungGen      total 37376K, used 10301K [0x00000007d6e80000, 0x00000007d9800000, 0x0000000800000000)
  eden space 32256K, 31% used [0x00000007d6e80000,0x00000007d788f560,0x00000007d8e00000)
  from space 5120K, 0% used [0x00000007d9300000,0x00000007d9300000,0x00000007d9800000)
  to   space 5120K, 0% used [0x00000007d8e00000,0x00000007d8e00000,0x00000007d9300000)
 ParOldGen       total 83968K, used 0K [0x0000000784c00000, 0x0000000789e00000, 0x00000007d6e80000)
  object space 83968K, 0% used [0x0000000784c00000,0x0000000784c00000,0x0000000789e00000)
 PSPermGen       total 21504K, used 11662K [0x000000077a600000, 0x000000077bb00000, 0x0000000784c00000)
  object space 21504K, 54% used [0x000000077a600000,0x000000077b1639c0,0x000000077bb00000)

Card table byte_map: [0x00007f9203d2a000,0x00007f9204158000] byte_map_base: 0x00007f9200157000

Polling page: 0x00007f920e728000

Code Cache  [0x00007f9204158000, 0x00007f92043c8000, 0x00007f9207158000)
 total_blobs=665 nmethods=40 adapters=580 free_code_cache=48455Kb largest_free_block=49594176

Compilation events (10 events):
Event: 0.540 Thread 0x00007f92080a9800   36             sun.java2d.loops.GraphicsPrimitive::getUniqueID (5 bytes)
Event: 0.540 Thread 0x00007f92080a9800 nmethod 36 0x00007f9204207510 code [0x00007f9204207640, 0x00007f9204207698]
Event: 0.553 Thread 0x00007f92080ac800   37             java.util.Arrays::binarySearch0 (95 bytes)
Event: 0.553 Thread 0x00007f92080a9800   38             sun.java2d.loops.GraphicsPrimitiveMgr$2::compare (39 bytes)
Event: 0.554 Thread 0x00007f92080a9800 nmethod 38 0x00007f9204204fd0 code [0x00007f9204205120, 0x00007f9204205218]
Event: 0.555 Thread 0x00007f92080ac800 nmethod 37 0x00007f9204204ad0 code [0x00007f9204204c20, 0x00007f9204204dd8]
Event: 0.591 Thread 0x00007f92080a9800   39             java.lang.String::length (6 bytes)
Event: 0.592 Thread 0x00007f92080a9800 nmethod 39 0x00007f9204207910 code [0x00007f9204207a40, 0x00007f9204207ab8]
Event: 0.612 Thread 0x00007f92080a9800   40             java.lang.String::startsWith (72 bytes)
Event: 0.614 Thread 0x00007f92080a9800 nmethod 40 0x00007f9204205cd0 code [0x00007f9204205e20, 0x00007f9204206018]

GC Heap History (0 events):
No events

Deoptimization events (2 events):
Event: 0.251 Thread 0x00007f920800a000 Uncommon trap: reason=class_check action=maybe_recompile pc=0x00007f92041bba80 method=java.util.Properties$LineReader.readLine()I @ 62
Event: 0.280 Thread 0x00007f920800a000 Uncommon trap: reason=null_check action=make_not_entrant pc=0x00007f92041c7b28 method=java.lang.String.equals(Ljava/lang/Object;)Z @ 8

Internal exceptions (10 events):
Event: 0.589 Thread 0x00007f92088c3000 Threw 0x00000007d761cc58 at /build/buildd/openjdk-7-7u55-2.4.7/build/openjdk/hotspot/src/share/vm/prims/jvm.cpp:1244
Event: 0.589 Thread 0x00007f92088c3000 Threw 0x00000007d7622350 at /build/buildd/openjdk-7-7u55-2.4.7/build/openjdk/hotspot/src/share/vm/prims/jvm.cpp:1244
Event: 0.590 Thread 0x00007f92088c3000 Threw 0x00000007d7625958 at /build/buildd/openjdk-7-7u55-2.4.7/build/openjdk/hotspot/src/share/vm/prims/jvm.cpp:1244
Event: 0.591 Thread 0x00007f92088c3000 Threw 0x00000007d7629080 at /build/buildd/openjdk-7-7u55-2.4.7/build/openjdk/hotspot/src/share/vm/prims/jvm.cpp:1244
Event: 0.591 Thread 0x00007f92088c3000 Threw 0x00000007d762c510 at /build/buildd/openjdk-7-7u55-2.4.7/build/openjdk/hotspot/src/share/vm/prims/jvm.cpp:1244
Event: 0.592 Thread 0x00007f92088c3000 Threw 0x00000007d76302a0 at /build/buildd/openjdk-7-7u55-2.4.7/build/openjdk/hotspot/src/share/vm/prims/jvm.cpp:1244
Event: 0.592 Thread 0x00007f92088c3000 Threw 0x00000007d7633410 at /build/buildd/openjdk-7-7u55-2.4.7/build/openjdk/hotspot/src/share/vm/prims/jvm.cpp:1244
Event: 0.593 Thread 0x00007f92088c3000 Threw 0x00000007d7637318 at /build/buildd/openjdk-7-7u55-2.4.7/build/openjdk/hotspot/src/share/vm/prims/jvm.cpp:1244
Event: 0.603 Thread 0x00007f92088c3000 Threw 0x00000007d763bf60 at /build/buildd/openjdk-7-7u55-2.4.7/build/openjdk/hotspot/src/share/vm/prims/jvm.cpp:1244
Event: 0.623 Thread 0x00007f92088c3000 Threw 0x00000007d780a970 at /build/buildd/openjdk-7-7u55-2.4.7/build/openjdk/hotspot/src/share/vm/prims/jvm.cpp:1244

Events (10 events):
Event: 0.592 loading class 0x00007f91a00036c0
Event: 0.592 loading class 0x00007f91a00036c0 done
Event: 0.592 loading class 0x00007f91a0004150
Event: 0.592 loading class 0x00007f91a0004150 done
Event: 0.593 loading class 0x00007f91a0003e00
Event: 0.593 loading class 0x00007f91a0003e00 done
Event: 0.603 loading class 0x00007f9208233420
Event: 0.603 loading class 0x00007f9208233420 done
Event: 0.623 loading class 0x00007f92082334e0
Event: 0.623 loading class 0x00007f92082334e0 done


Dynamic libraries:
00400000-00401000 r-xp 00000000 08:11 2100875                            /usr/lib/jvm/java-7-openjdk-amd64/jre/bin/java
00600000-00601000 r--p 00000000 08:11 2100875                            /usr/lib/jvm/java-7-openjdk-amd64/jre/bin/java
00601000-00602000 rw-p 00001000 08:11 2100875                            /usr/lib/jvm/java-7-openjdk-amd64/jre/bin/java
0143f000-01460000 rw-p 00000000 00:00 0                                  [heap]
77a600000-77bb00000 rw-p 00000000 00:00 0 
77bb00000-784c00000 rw-p 00000000 00:00 0 
784c00000-789e00000 rw-p 00000000 00:00 0 
789e00000-7d6e80000 rw-p 00000000 00:00 0 
7d6e80000-7d9800000 rw-p 00000000 00:00 0 
7d9800000-800000000 rw-p 00000000 00:00 0 
7f9194000000-7f9194021000 rw-p 00000000 00:00 0 
7f9194021000-7f9198000000 ---p 00000000 00:00 0 
7f919c000000-7f919c021000 rw-p 00000000 00:00 0 
7f919c021000-7f91a0000000 ---p 00000000 00:00 0 
7f91a0000000-7f91a01dc000 rw-p 00000000 00:00 0 
7f91a01dc000-7f91a4000000 ---p 00000000 00:00 0 
7f91a4000000-7f91a4021000 rw-p 00000000 00:00 0 
7f91a4021000-7f91a8000000 ---p 00000000 00:00 0 
7f91a8000000-7f91a8021000 rw-p 00000000 00:00 0 
7f91a8021000-7f91ac000000 ---p 00000000 00:00 0 
7f91ac000000-7f91ac021000 rw-p 00000000 00:00 0 
7f91ac021000-7f91b0000000 ---p 00000000 00:00 0 
7f91b0000000-7f91b0021000 rw-p 00000000 00:00 0 
7f91b0021000-7f91b4000000 ---p 00000000 00:00 0 
7f91b4000000-7f91b421d000 rw-p 00000000 00:00 0 
7f91b421d000-7f91b8000000 ---p 00000000 00:00 0 
7f91b8000000-7f91b82bf000 rw-p 00000000 00:00 0 
7f91b82bf000-7f91bc000000 ---p 00000000 00:00 0 
7f91bc000000-7f91bc021000 rw-p 00000000 00:00 0 
7f91bc021000-7f91c0000000 ---p 00000000 00:00 0 
7f91c0000000-7f91c0021000 rw-p 00000000 00:00 0 
7f91c0021000-7f91c4000000 ---p 00000000 00:00 0 
7f91c4000000-7f91c4021000 rw-p 00000000 00:00 0 
7f91c4021000-7f91c8000000 ---p 00000000 00:00 0 
7f91c8c3d000-7f91c8c40000 ---p 00000000 00:00 0 
7f91c8c40000-7f91c8d3e000 rw-p 00000000 00:00 0                          [stack:27285]
7f91c8d3e000-7f91c8d41000 ---p 00000000 00:00 0 
7f91c8d41000-7f91c8e3f000 rw-p 00000000 00:00 0                          [stack:27284]
7f91c8e3f000-7f91c8e42000 ---p 00000000 00:00 0 
7f91c8e42000-7f91c8f40000 rw-p 00000000 00:00 0                          [stack:27283]
7f91c8f40000-7f91c8f77000 r-xp 00000000 08:11 2101194                    /usr/lib/x86_64-linux-gnu/libtxc_dxtn_s2tc.so.0.0.0
7f91c8f77000-7f91c9176000 ---p 00037000 08:11 2101194                    /usr/lib/x86_64-linux-gnu/libtxc_dxtn_s2tc.so.0.0.0
7f91c9176000-7f91c9177000 r--p 00036000 08:11 2101194                    /usr/lib/x86_64-linux-gnu/libtxc_dxtn_s2tc.so.0.0.0
7f91c9177000-7f91c9178000 rw-p 00037000 08:11 2101194                    /usr/lib/x86_64-linux-gnu/libtxc_dxtn_s2tc.so.0.0.0
7f91c917f000-7f91c9180000 ---p 00000000 00:00 0 
7f91c9180000-7f91c9980000 rw-p 00000000 00:00 0                          [stack:27282]
7f91c9980000-7f91c99a5000 r-xp 00000000 08:11 397338                     /lib/x86_64-linux-gnu/libtinfo.so.5.9
7f91c99a5000-7f91c9ba4000 ---p 00025000 08:11 397338                     /lib/x86_64-linux-gnu/libtinfo.so.5.9
7f91c9ba4000-7f91c9ba8000 r--p 00024000 08:11 397338                     /lib/x86_64-linux-gnu/libtinfo.so.5.9
7f91c9ba8000-7f91c9ba9000 rw-p 00028000 08:11 397338                     /lib/x86_64-linux-gnu/libtinfo.so.5.9
7f91c9bb0000-7f91cb3ae000 r-xp 00000000 08:11 2100657                    /usr/lib/x86_64-linux-gnu/libLLVM-3.4.so.1
7f91cb3ae000-7f91cb53c000 r--p 017fd000 08:11 2100657                    /usr/lib/x86_64-linux-gnu/libLLVM-3.4.so.1
7f91cb53c000-7f91cb53e000 rw-p 0198b000 08:11 2100657                    /usr/lib/x86_64-linux-gnu/libLLVM-3.4.so.1
7f91cb53e000-7f91cb551000 rw-p 00000000 00:00 0 
7f91cb558000-7f91cb564000 r-xp 00000000 08:11 2100673                    /usr/lib/x86_64-linux-gnu/libdrm_radeon.so.1.0.1
7f91cb564000-7f91cb763000 ---p 0000c000 08:11 2100673                    /usr/lib/x86_64-linux-gnu/libdrm_radeon.so.1.0.1
7f91cb763000-7f91cb764000 r--p 0000b000 08:11 2100673                    /usr/lib/x86_64-linux-gnu/libdrm_radeon.so.1.0.1
7f91cb764000-7f91cb765000 rw-p 0000c000 08:11 2100673                    /usr/lib/x86_64-linux-gnu/libdrm_radeon.so.1.0.1
7f91cb768000-7f91cb955000 r-xp 00000000 08:11 2099513                    /usr/lib/x86_64-linux-gnu/libgallium.so.0.0.0
7f91cb955000-7f91cbb55000 ---p 001ed000 08:11 2099513                    /usr/lib/x86_64-linux-gnu/libgallium.so.0.0.0
7f91cbb55000-7f91cbb65000 r--p 001ed000 08:11 2099513                    /usr/lib/x86_64-linux-gnu/libgallium.so.0.0.0
7f91cbb65000-7f91cbb67000 rw-p 001fd000 08:11 2099513                    /usr/lib/x86_64-linux-gnu/libgallium.so.0.0.0
7f91cbb67000-7f91cbd2f000 rw-p 00000000 00:00 0 
7f91cbd30000-7f91d0000000 rw-p 00000000 00:00 0 
7f91d0000000-7f91d0021000 rw-p 00000000 00:00 0 
7f91d0021000-7f91d4000000 ---p 00000000 00:00 0 
7f91d4000000-7f91d4021000 rw-p 00000000 00:00 0 
7f91d4021000-7f91d8000000 ---p 00000000 00:00 0 
7f91d8000000-7f91d8021000 rw-p 00000000 00:00 0 
7f91d8021000-7f91dc000000 ---p 00000000 00:00 0 
7f91dc020000-7f91dc035000 r-xp 00000000 08:11 2097342                    /usr/lib/x86_64-linux-gnu/libelf-0.158.so
7f91dc035000-7f91dc234000 ---p 00015000 08:11 2097342                    /usr/lib/x86_64-linux-gnu/libelf-0.158.so
7f91dc234000-7f91dc235000 r--p 00014000 08:11 2097342                    /usr/lib/x86_64-linux-gnu/libelf-0.158.so
7f91dc235000-7f91dc236000 rw-p 00015000 08:11 2097342                    /usr/lib/x86_64-linux-gnu/libelf-0.158.so
7f91dc238000-7f91dc5d8000 r-xp 00000000 08:11 2359532                    /usr/lib/x86_64-linux-gnu/dri/r600_dri.so
7f91dc5d8000-7f91dc7d7000 ---p 003a0000 08:11 2359532                    /usr/lib/x86_64-linux-gnu/dri/r600_dri.so
7f91dc7d7000-7f91dc815000 r--p 0039f000 08:11 2359532                    /usr/lib/x86_64-linux-gnu/dri/r600_dri.so
7f91dc815000-7f91dc820000 rw-p 003dd000 08:11 2359532                    /usr/lib/x86_64-linux-gnu/dri/r600_dri.so
7f91dc820000-7f91dc83c000 rw-p 00000000 00:00 0 
7f91dc840000-7f91dc848000 r-xp 00000000 08:11 401667                     /lib/x86_64-linux-gnu/libnih-dbus.so.1.0.0
7f91dc848000-7f91dca48000 ---p 00008000 08:11 401667                     /lib/x86_64-linux-gnu/libnih-dbus.so.1.0.0
7f91dca48000-7f91dca49000 r--p 00008000 08:11 401667                     /lib/x86_64-linux-gnu/libnih-dbus.so.1.0.0
7f91dca49000-7f91dca4a000 rw-p 00009000 08:11 401667                     /lib/x86_64-linux-gnu/libnih-dbus.so.1.0.0
7f91dca50000-7f91dca67000 r-xp 00000000 08:11 397403                     /lib/x86_64-linux-gnu/libnih.so.1.0.0
7f91dca67000-7f91dcc66000 ---p 00017000 08:11 397403                     /lib/x86_64-linux-gnu/libnih.so.1.0.0
7f91dcc66000-7f91dcc67000 r--p 00016000 08:11 397403                     /lib/x86_64-linux-gnu/libnih.so.1.0.0
7f91dcc67000-7f91dcc68000 rw-p 00017000 08:11 397403                     /lib/x86_64-linux-gnu/libnih.so.1.0.0
7f91dcc68000-7f91dcc81000 r-xp 00000000 08:11 396498                     /lib/x86_64-linux-gnu/libcgmanager.so.0.0.0
7f91dcc81000-7f91dce80000 ---p 00019000 08:11 396498                     /lib/x86_64-linux-gnu/libcgmanager.so.0.0.0
7f91dce80000-7f91dce82000 r--p 00018000 08:11 396498                     /lib/x86_64-linux-gnu/libcgmanager.so.0.0.0
7f91dce82000-7f91dce83000 rw-p 0001a000 08:11 396498                     /lib/x86_64-linux-gnu/libcgmanager.so.0.0.0
7f91dce88000-7f91dce98000 r-xp 00000000 08:11 396500                     /lib/x86_64-linux-gnu/libudev.so.1.3.5
7f91dce98000-7f91dd097000 ---p 00010000 08:11 396500                     /lib/x86_64-linux-gnu/libudev.so.1.3.5
7f91dd097000-7f91dd098000 r--p 0000f000 08:11 396500                     /lib/x86_64-linux-gnu/libudev.so.1.3.5
7f91dd098000-7f91dd099000 rw-p 00010000 08:11 396500                     /lib/x86_64-linux-gnu/libudev.so.1.3.5
7f91dd0a0000-7f91dd0a2000 r-xp 00000000 08:15 22151911                   /home/mau/.netbeans/8.0/jogl-runtime/jogl.jar-natives-linux-amd64/libjogl_awt.so
7f91dd0a2000-7f91dd1a1000 ---p 00002000 08:15 22151911                   /home/mau/.netbeans/8.0/jogl-runtime/jogl.jar-natives-linux-amd64/libjogl_awt.so
7f91dd1a1000-7f91dd1a2000 rw-p 00001000 08:15 22151911                   /home/mau/.netbeans/8.0/jogl-runtime/jogl.jar-natives-linux-amd64/libjogl_awt.so
7f91dd1a8000-7f91dd1a9000 r-xp 00000000 08:11 2101605                    /usr/lib/jvm/java-7-openjdk-amd64/jre/lib/amd64/libjawt.so
7f91dd1a9000-7f91dd3a8000 ---p 00001000 08:11 2101605                    /usr/lib/jvm/java-7-openjdk-amd64/jre/lib/amd64/libjawt.so
7f91dd3a8000-7f91dd3a9000 r--p 00000000 08:11 2101605                    /usr/lib/jvm/java-7-openjdk-amd64/jre/lib/amd64/libjawt.so
7f91dd3a9000-7f91dd3aa000 rw-p 00001000 08:11 2101605                    /usr/lib/jvm/java-7-openjdk-amd64/jre/lib/amd64/libjawt.so
7f91dd3b0000-7f91dd49f000 r-xp 00000000 08:15 22151910                   /home/mau/.netbeans/8.0/jogl-runtime/jogl.jar-natives-linux-amd64/libjogl.so
7f91dd49f000-7f91dd59f000 ---p 000ef000 08:15 22151910                   /home/mau/.netbeans/8.0/jogl-runtime/jogl.jar-natives-linux-amd64/libjogl.so
7f91dd59f000-7f91dd5a0000 rw-p 000ef000 08:15 22151910                   /home/mau/.netbeans/8.0/jogl-runtime/jogl.jar-natives-linux-amd64/libjogl.so
7f91dd5a0000-7f91dd5ab000 r-xp 00000000 08:11 2100653                    /usr/lib/x86_64-linux-gnu/libdrm.so.2.4.0
7f91dd5ab000-7f91dd7aa000 ---p 0000b000 08:11 2100653                    /usr/lib/x86_64-linux-gnu/libdrm.so.2.4.0
7f91dd7aa000-7f91dd7ab000 r--p 0000a000 08:11 2100653                    /usr/lib/x86_64-linux-gnu/libdrm.so.2.4.0
7f91dd7ab000-7f91dd7ac000 rw-p 0000b000 08:11 2100653                    /usr/lib/x86_64-linux-gnu/libdrm.so.2.4.0
7f91dd7b0000-7f91dd7b4000 r-xp 00000000 08:11 2106424                    /usr/lib/x86_64-linux-gnu/libXxf86vm.so.1.0.0
7f91dd7b4000-7f91dd9b4000 ---p 00004000 08:11 2106424                    /usr/lib/x86_64-linux-gnu/libXxf86vm.so.1.0.0
7f91dd9b4000-7f91dd9b5000 r--p 00004000 08:11 2106424                    /usr/lib/x86_64-linux-gnu/libXxf86vm.so.1.0.0
7f91dd9b5000-7f91dd9b6000 rw-p 00005000 08:11 2106424                    /usr/lib/x86_64-linux-gnu/libXxf86vm.so.1.0.0
7f91dd9b8000-7f91dd9b9000 r-xp 00000000 08:11 2098515                    /usr/lib/x86_64-linux-gnu/libxshmfence.so.1.0.0
7f91dd9b9000-7f91ddbb8000 ---p 00001000 08:11 2098515                    /usr/lib/x86_64-linux-gnu/libxshmfence.so.1.0.0
7f91ddbb8000-7f91ddbb9000 r--p 00000000 08:11 2098515                    /usr/lib/x86_64-linux-gnu/libxshmfence.so.1.0.0
7f91ddbb9000-7f91ddbba000 rw-p 00001000 08:11 2098515                    /usr/lib/x86_64-linux-gnu/libxshmfence.so.1.0.0
7f91ddbc0000-7f91ddbc5000 r-xp 00000000 08:11 2100744                    /usr/lib/x86_64-linux-gnu/libxcb-sync.so.1.0.0
7f91ddbc5000-7f91dddc4000 ---p 00005000 08:11 2100744                    /usr/lib/x86_64-linux-gnu/libxcb-sync.so.1.0.0
7f91dddc4000-7f91dddc5000 r--p 00004000 08:11 2100744                    /usr/lib/x86_64-linux-gnu/libxcb-sync.so.1.0.0
7f91dddc5000-7f91dddc6000 rw-p 00005000 08:11 2100744                    /usr/lib/x86_64-linux-gnu/libxcb-sync.so.1.0.0
7f91dddc8000-7f91dddca000 r-xp 00000000 08:11 2100742                    /usr/lib/x86_64-linux-gnu/libxcb-present.so.0.0.0
7f91dddca000-7f91ddfc9000 ---p 00002000 08:11 2100742                    /usr/lib/x86_64-linux-gnu/libxcb-present.so.0.0.0
7f91ddfc9000-7f91ddfca000 r--p 00001000 08:11 2100742                    /usr/lib/x86_64-linux-gnu/libxcb-present.so.0.0.0
7f91ddfca000-7f91ddfcb000 rw-p 00002000 08:11 2100742                    /usr/lib/x86_64-linux-gnu/libxcb-present.so.0.0.0
7f91ddfd0000-7f91ddfd2000 r-xp 00000000 08:11 2100740                    /usr/lib/x86_64-linux-gnu/libxcb-dri3.so.0.0.0
7f91ddfd2000-7f91de1d1000 ---p 00002000 08:11 2100740                    /usr/lib/x86_64-linux-gnu/libxcb-dri3.so.0.0.0
7f91de1d1000-7f91de1d2000 r--p 00001000 08:11 2100740                    /usr/lib/x86_64-linux-gnu/libxcb-dri3.so.0.0.0
7f91de1d2000-7f91de1d3000 rw-p 00002000 08:11 2100740                    /usr/lib/x86_64-linux-gnu/libxcb-dri3.so.0.0.0
7f91de1d8000-7f91de1db000 r-xp 00000000 08:11 2100676                    /usr/lib/x86_64-linux-gnu/libxcb-dri2.so.0.0.0
7f91de1db000-7f91de3db000 ---p 00003000 08:11 2100676                    /usr/lib/x86_64-linux-gnu/libxcb-dri2.so.0.0.0
7f91de3db000-7f91de3dc000 r--p 00003000 08:11 2100676                    /usr/lib/x86_64-linux-gnu/libxcb-dri2.so.0.0.0
7f91de3dc000-7f91de3dd000 rw-p 00004000 08:11 2100676                    /usr/lib/x86_64-linux-gnu/libxcb-dri2.so.0.0.0
7f91de3e0000-7f91de3f5000 r-xp 00000000 08:11 2100746                    /usr/lib/x86_64-linux-gnu/libxcb-glx.so.0.0.0
7f91de3f5000-7f91de5f4000 ---p 00015000 08:11 2100746                    /usr/lib/x86_64-linux-gnu/libxcb-glx.so.0.0.0
7f91de5f4000-7f91de5f6000 r--p 00014000 08:11 2100746                    /usr/lib/x86_64-linux-gnu/libxcb-glx.so.0.0.0
7f91de5f6000-7f91de5f7000 rw-p 00016000 08:11 2100746                    /usr/lib/x86_64-linux-gnu/libxcb-glx.so.0.0.0
7f91de5f8000-7f91de5f9000 r-xp 00000000 08:11 2105447                    /usr/lib/x86_64-linux-gnu/libX11-xcb.so.1.0.0
7f91de5f9000-7f91de7f8000 ---p 00001000 08:11 2105447                    /usr/lib/x86_64-linux-gnu/libX11-xcb.so.1.0.0
7f91de7f8000-7f91de7f9000 r--p 00000000 08:11 2105447                    /usr/lib/x86_64-linux-gnu/libX11-xcb.so.1.0.0
7f91de7f9000-7f91de7fa000 rw-p 00001000 08:11 2105447                    /usr/lib/x86_64-linux-gnu/libX11-xcb.so.1.0.0
7f91de800000-7f91de822000 r-xp 00000000 08:11 2100738                    /usr/lib/x86_64-linux-gnu/libglapi.so.0.0.0
7f91de822000-7f91dea22000 ---p 00022000 08:11 2100738                    /usr/lib/x86_64-linux-gnu/libglapi.so.0.0.0
7f91dea22000-7f91dea25000 r--p 00022000 08:11 2100738                    /usr/lib/x86_64-linux-gnu/libglapi.so.0.0.0
7f91dea25000-7f91dea26000 rw-p 00025000 08:11 2100738                    /usr/lib/x86_64-linux-gnu/libglapi.so.0.0.0
7f91dea26000-7f91dea27000 rw-p 00000000 00:00 0 
7f91dea28000-7f91dea89000 r-xp 00000000 08:11 2359556                    /usr/lib/x86_64-linux-gnu/mesa/libGL.so.1.2.0
7f91dea89000-7f91dec88000 ---p 00061000 08:11 2359556                    /usr/lib/x86_64-linux-gnu/mesa/libGL.so.1.2.0
7f91dec88000-7f91dec8b000 r--p 00060000 08:11 2359556                    /usr/lib/x86_64-linux-gnu/mesa/libGL.so.1.2.0
7f91dec8b000-7f91dec8c000 rw-p 00063000 08:11 2359556                    /usr/lib/x86_64-linux-gnu/mesa/libGL.so.1.2.0
7f91dec8c000-7f91dec8d000 rw-p 00000000 00:00 0 
7f91dec90000-7f91dec91000 r-xp 00000000 08:15 22151876                   /home/mau/.netbeans/8.0/gluegen-runtime/gluegen-rt.jar-natives-linux-amd64/libgluegen-rt.so
7f91dec91000-7f91ded90000 ---p 00001000 08:15 22151876                   /home/mau/.netbeans/8.0/gluegen-runtime/gluegen-rt.jar-natives-linux-amd64/libgluegen-rt.so
7f91ded90000-7f91ded91000 rw-p 00000000 08:15 22151876                   /home/mau/.netbeans/8.0/gluegen-runtime/gluegen-rt.jar-natives-linux-amd64/libgluegen-rt.so
7f91ded97000-7f91ded9a000 ---p 00000000 00:00 0 
7f91ded9a000-7f91dee98000 rw-p 00000000 00:00 0                          [stack:27281]
7f91dee98000-7f91dee9c000 r-xp 00000000 08:11 397871                     /lib/x86_64-linux-gnu/libgpg-error.so.0.10.0
7f91dee9c000-7f91df09b000 ---p 00004000 08:11 397871                     /lib/x86_64-linux-gnu/libgpg-error.so.0.10.0
7f91df09b000-7f91df09c000 r--p 00003000 08:11 397871                     /lib/x86_64-linux-gnu/libgpg-error.so.0.10.0
7f91df09c000-7f91df09d000 rw-p 00004000 08:11 397871                     /lib/x86_64-linux-gnu/libgpg-error.so.0.10.0
7f91df0a0000-7f91df0a2000 r-xp 00000000 08:11 397347                     /lib/x86_64-linux-gnu/libkeyutils.so.1.4
7f91df0a2000-7f91df2a2000 ---p 00002000 08:11 397347                     /lib/x86_64-linux-gnu/libkeyutils.so.1.4
7f91df2a2000-7f91df2a3000 r--p 00002000 08:11 397347                     /lib/x86_64-linux-gnu/libkeyutils.so.1.4
7f91df2a3000-7f91df2a4000 rw-p 00003000 08:11 397347                     /lib/x86_64-linux-gnu/libkeyutils.so.1.4
7f91df2a8000-7f91df2c2000 r-xp 00000000 08:11 2106707                    /usr/lib/x86_64-linux-gnu/libgraphite2.so.3.0.1
7f91df2c2000-7f91df4c1000 ---p 0001a000 08:11 2106707                    /usr/lib/x86_64-linux-gnu/libgraphite2.so.3.0.1
7f91df4c1000-7f91df4c3000 r--p 00019000 08:11 2106707                    /usr/lib/x86_64-linux-gnu/libgraphite2.so.3.0.1
7f91df4c3000-7f91df4c4000 rw-p 0001b000 08:11 2106707                    /usr/lib/x86_64-linux-gnu/libgraphite2.so.3.0.1
7f91df4c8000-7f91df50c000 r-xp 00000000 08:11 393407                     /lib/x86_64-linux-gnu/libdbus-1.so.3.7.6
7f91df50c000-7f91df70b000 ---p 00044000 08:11 393407                     /lib/x86_64-linux-gnu/libdbus-1.so.3.7.6
7f91df70b000-7f91df70c000 r--p 00043000 08:11 393407                     /lib/x86_64-linux-gnu/libdbus-1.so.3.7.6
7f91df70c000-7f91df70d000 rw-p 00044000 08:11 393407                     /lib/x86_64-linux-gnu/libdbus-1.so.3.7.6
7f91df710000-7f91df74b000 r-xp 00000000 08:11 2106506                    /usr/lib/x86_64-linux-gnu/libp11-kit.so.0.0.0
7f91df74b000-7f91df94a000 ---p 0003b000 08:11 2106506                    /usr/lib/x86_64-linux-gnu/libp11-kit.so.0.0.0
7f91df94a000-7f91df950000 r--p 0003a000 08:11 2106506                    /usr/lib/x86_64-linux-gnu/libp11-kit.so.0.0.0
7f91df950000-7f91df952000 rw-p 00040000 08:11 2106506                    /usr/lib/x86_64-linux-gnu/libp11-kit.so.0.0.0
7f91df958000-7f91df96a000 r-xp 00000000 08:11 2106458                    /usr/lib/x86_64-linux-gnu/libtasn1.so.6.2.0
7f91df96a000-7f91dfb6a000 ---p 00012000 08:11 2106458                    /usr/lib/x86_64-linux-gnu/libtasn1.so.6.2.0
7f91dfb6a000-7f91dfb6b000 r--p 00012000 08:11 2106458                    /usr/lib/x86_64-linux-gnu/libtasn1.so.6.2.0
7f91dfb6b000-7f91dfb6c000 rw-p 00013000 08:11 2106458                    /usr/lib/x86_64-linux-gnu/libtasn1.so.6.2.0
7f91dfb70000-7f91dfbeb000 r-xp 00000000 08:11 397371                     /lib/x86_64-linux-gnu/libgcrypt.so.11.8.2
7f91dfbeb000-7f91dfdeb000 ---p 0007b000 08:11 397371                     /lib/x86_64-linux-gnu/libgcrypt.so.11.8.2
7f91dfdeb000-7f91dfdec000 r--p 0007b000 08:11 397371                     /lib/x86_64-linux-gnu/libgcrypt.so.11.8.2
7f91dfdec000-7f91dfdef000 rw-p 0007c000 08:11 397371                     /lib/x86_64-linux-gnu/libgcrypt.so.11.8.2
7f91dfdf0000-7f91dfdfa000 r-xp 00000000 08:11 2106642                    /usr/lib/x86_64-linux-gnu/libkrb5support.so.0.1
7f91dfdfa000-7f91dfff9000 ---p 0000a000 08:11 2106642                    /usr/lib/x86_64-linux-gnu/libkrb5support.so.0.1
7f91dfff9000-7f91dfffa000 r--p 00009000 08:11 2106642                    /usr/lib/x86_64-linux-gnu/libkrb5support.so.0.1
7f91dfffa000-7f91dfffb000 rw-p 0000a000 08:11 2106642                    /usr/lib/x86_64-linux-gnu/libkrb5support.so.0.1
7f91e0000000-7f91e0021000 rw-p 00000000 00:00 0 
7f91e0021000-7f91e4000000 ---p 00000000 00:00 0 
7f91e40a7000-7f91e40aa000 ---p 00000000 00:00 0 
7f91e40aa000-7f91e41a8000 rw-p 00000000 00:00 0                          [stack:27280]
7f91e41a8000-7f91e41ab000 r-xp 00000000 08:11 397875                     /lib/x86_64-linux-gnu/libcom_err.so.2.1
7f91e41ab000-7f91e43aa000 ---p 00003000 08:11 397875                     /lib/x86_64-linux-gnu/libcom_err.so.2.1
7f91e43aa000-7f91e43ab000 r--p 00002000 08:11 397875                     /lib/x86_64-linux-gnu/libcom_err.so.2.1
7f91e43ab000-7f91e43ac000 rw-p 00003000 08:11 397875                     /lib/x86_64-linux-gnu/libcom_err.so.2.1
7f91e43b0000-7f91e43dc000 r-xp 00000000 08:11 2106582                    /usr/lib/x86_64-linux-gnu/libk5crypto.so.3.1
7f91e43dc000-7f91e45db000 ---p 0002c000 08:11 2106582                    /usr/lib/x86_64-linux-gnu/libk5crypto.so.3.1
7f91e45db000-7f91e45dd000 r--p 0002b000 08:11 2106582                    /usr/lib/x86_64-linux-gnu/libk5crypto.so.3.1
7f91e45dd000-7f91e45de000 rw-p 0002d000 08:11 2106582                    /usr/lib/x86_64-linux-gnu/libk5crypto.so.3.1
7f91e45de000-7f91e45df000 rw-p 00000000 00:00 0 
7f91e45e0000-7f91e469c000 r-xp 00000000 08:11 2106632                    /usr/lib/x86_64-linux-gnu/libkrb5.so.3.3
7f91e469c000-7f91e489c000 ---p 000bc000 08:11 2106632                    /usr/lib/x86_64-linux-gnu/libkrb5.so.3.3
7f91e489c000-7f91e48a9000 r--p 000bc000 08:11 2106632                    /usr/lib/x86_64-linux-gnu/libkrb5.so.3.3
7f91e48a9000-7f91e48ab000 rw-p 000c9000 08:11 2106632                    /usr/lib/x86_64-linux-gnu/libkrb5.so.3.3
7f91e48b0000-7f91e48b6000 r-xp 00000000 08:11 2101554                    /usr/lib/x86_64-linux-gnu/libdatrie.so.1.3.1
7f91e48b6000-7f91e4ab5000 ---p 00006000 08:11 2101554                    /usr/lib/x86_64-linux-gnu/libdatrie.so.1.3.1
7f91e4ab5000-7f91e4ab6000 r--p 00005000 08:11 2101554                    /usr/lib/x86_64-linux-gnu/libdatrie.so.1.3.1
7f91e4ab6000-7f91e4ab7000 rw-p 00006000 08:11 2101554                    /usr/lib/x86_64-linux-gnu/libdatrie.so.1.3.1
7f91e4ab8000-7f91e4b0b000 r-xp 00000000 08:11 2104973                    /usr/lib/x86_64-linux-gnu/libharfbuzz.so.0.927.0
7f91e4b0b000-7f91e4d0b000 ---p 00053000 08:11 2104973                    /usr/lib/x86_64-linux-gnu/libharfbuzz.so.0.927.0
7f91e4d0b000-7f91e4d0c000 r--p 00053000 08:11 2104973                    /usr/lib/x86_64-linux-gnu/libharfbuzz.so.0.927.0
7f91e4d0c000-7f91e4d0d000 rw-p 00054000 08:11 2104973                    /usr/lib/x86_64-linux-gnu/libharfbuzz.so.0.927.0
7f91e4d10000-7f91e4d18000 r-xp 00000000 08:11 2111101                    /usr/lib/x86_64-linux-gnu/libxcb-render.so.0.0.0
7f91e4d18000-7f91e4f17000 ---p 00008000 08:11 2111101                    /usr/lib/x86_64-linux-gnu/libxcb-render.so.0.0.0
7f91e4f17000-7f91e4f18000 r--p 00007000 08:11 2111101                    /usr/lib/x86_64-linux-gnu/libxcb-render.so.0.0.0
7f91e4f18000-7f91e4f19000 rw-p 00008000 08:11 2111101                    /usr/lib/x86_64-linux-gnu/libxcb-render.so.0.0.0
7f91e4f20000-7f91e4f22000 r-xp 00000000 08:11 2111105                    /usr/lib/x86_64-linux-gnu/libxcb-shm.so.0.0.0
7f91e4f22000-7f91e5121000 ---p 00002000 08:11 2111105                    /usr/lib/x86_64-linux-gnu/libxcb-shm.so.0.0.0
7f91e5121000-7f91e5122000 r--p 00001000 08:11 2111105                    /usr/lib/x86_64-linux-gnu/libxcb-shm.so.0.0.0
7f91e5122000-7f91e5123000 rw-p 00002000 08:11 2111105                    /usr/lib/x86_64-linux-gnu/libxcb-shm.so.0.0.0
7f91e5128000-7f91e514d000 r-xp 00000000 08:11 401507                     /lib/x86_64-linux-gnu/libpng12.so.0.50.0
7f91e514d000-7f91e534c000 ---p 00025000 08:11 401507                     /lib/x86_64-linux-gnu/libpng12.so.0.50.0
7f91e534c000-7f91e534d000 r--p 00024000 08:11 401507                     /lib/x86_64-linux-gnu/libpng12.so.0.50.0
7f91e534d000-7f91e534e000 rw-p 00025000 08:11 401507                     /lib/x86_64-linux-gnu/libpng12.so.0.50.0
7f91e5350000-7f91e53f1000 r-xp 00000000 08:11 2111098                    /usr/lib/x86_64-linux-gnu/libpixman-1.so.0.30.2
7f91e53f1000-7f91e55f1000 ---p 000a1000 08:11 2111098                    /usr/lib/x86_64-linux-gnu/libpixman-1.so.0.30.2
7f91e55f1000-7f91e55f8000 r--p 000a1000 08:11 2111098                    /usr/lib/x86_64-linux-gnu/libpixman-1.so.0.30.2
7f91e55f8000-7f91e55f9000 rw-p 000a8000 08:11 2111098                    /usr/lib/x86_64-linux-gnu/libpixman-1.so.0.30.2
7f91e5600000-7f91e5605000 r-xp 00000000 08:11 2106390                    /usr/lib/x86_64-linux-gnu/libXdmcp.so.6.0.0
7f91e5605000-7f91e5804000 ---p 00005000 08:11 2106390                    /usr/lib/x86_64-linux-gnu/libXdmcp.so.6.0.0
7f91e5804000-7f91e5805000 r--p 00004000 08:11 2106390                    /usr/lib/x86_64-linux-gnu/libXdmcp.so.6.0.0
7f91e5805000-7f91e5806000 rw-p 00005000 08:11 2106390                    /usr/lib/x86_64-linux-gnu/libXdmcp.so.6.0.0
7f91e5808000-7f91e580a000 r-xp 00000000 08:11 2106379                    /usr/lib/x86_64-linux-gnu/libXau.so.6.0.0
7f91e580a000-7f91e5a0a000 ---p 00002000 08:11 2106379                    /usr/lib/x86_64-linux-gnu/libXau.so.6.0.0
7f91e5a0a000-7f91e5a0b000 r--p 00002000 08:11 2106379                    /usr/lib/x86_64-linux-gnu/libXau.so.6.0.0
7f91e5a0b000-7f91e5a0c000 rw-p 00003000 08:11 2106379                    /usr/lib/x86_64-linux-gnu/libXau.so.6.0.0
7f91e5a10000-7f91e5a1f000 r-xp 00000000 08:11 2097599                    /usr/lib/x86_64-linux-gnu/libavahi-client.so.3.2.9
7f91e5a1f000-7f91e5c1f000 ---p 0000f000 08:11 2097599                    /usr/lib/x86_64-linux-gnu/libavahi-client.so.3.2.9
7f91e5c1f000-7f91e5c20000 r--p 0000f000 08:11 2097599                    /usr/lib/x86_64-linux-gnu/libavahi-client.so.3.2.9
7f91e5c20000-7f91e5c21000 rw-p 00010000 08:11 2097599                    /usr/lib/x86_64-linux-gnu/libavahi-client.so.3.2.9
7f91e5c28000-7f91e5c33000 r-xp 00000000 08:11 2106954                    /usr/lib/x86_64-linux-gnu/libavahi-common.so.3.5.3
7f91e5c33000-7f91e5e32000 ---p 0000b000 08:11 2106954                    /usr/lib/x86_64-linux-gnu/libavahi-common.so.3.5.3
7f91e5e32000-7f91e5e33000 r--p 0000a000 08:11 2106954                    /usr/lib/x86_64-linux-gnu/libavahi-common.so.3.5.3
7f91e5e33000-7f91e5e34000 rw-p 0000b000 08:11 2106954                    /usr/lib/x86_64-linux-gnu/libavahi-common.so.3.5.3
7f91e5e38000-7f91e5eee000 r-xp 00000000 08:11 2106556                    /usr/lib/x86_64-linux-gnu/libgnutls.so.26.22.6
7f91e5eee000-7f91e60ee000 ---p 000b6000 08:11 2106556                    /usr/lib/x86_64-linux-gnu/libgnutls.so.26.22.6
7f91e60ee000-7f91e60f4000 r--p 000b6000 08:11 2106556                    /usr/lib/x86_64-linux-gnu/libgnutls.so.26.22.6
7f91e60f4000-7f91e60f5000 rw-p 000bc000 08:11 2106556                    /usr/lib/x86_64-linux-gnu/libgnutls.so.26.22.6
7f91e60f5000-7f91e60f6000 rw-p 00000000 00:00 0 
7f91e60f8000-7f91e613b000 r-xp 00000000 08:11 2106630                    /usr/lib/x86_64-linux-gnu/libgssapi_krb5.so.2.2
7f91e613b000-7f91e633b000 ---p 00043000 08:11 2106630                    /usr/lib/x86_64-linux-gnu/libgssapi_krb5.so.2.2
7f91e633b000-7f91e633c000 r--p 00043000 08:11 2106630                    /usr/lib/x86_64-linux-gnu/libgssapi_krb5.so.2.2
7f91e633c000-7f91e633e000 rw-p 00044000 08:11 2106630                    /usr/lib/x86_64-linux-gnu/libgssapi_krb5.so.2.2
7f91e6340000-7f91e637d000 r-xp 00000000 08:11 397324                     /lib/x86_64-linux-gnu/libpcre.so.3.13.1
7f91e637d000-7f91e657c000 ---p 0003d000 08:11 397324                     /lib/x86_64-linux-gnu/libpcre.so.3.13.1
7f91e657c000-7f91e657d000 r--p 0003c000 08:11 397324                     /lib/x86_64-linux-gnu/libpcre.so.3.13.1
7f91e657d000-7f91e657e000 rw-p 0003d000 08:11 397324                     /lib/x86_64-linux-gnu/libpcre.so.3.13.1
7f91e6580000-7f91e6587000 r-xp 00000000 08:11 2098005                    /usr/lib/x86_64-linux-gnu/libffi.so.6.0.1
7f91e6587000-7f91e6786000 ---p 00007000 08:11 2098005                    /usr/lib/x86_64-linux-gnu/libffi.so.6.0.1
7f91e6786000-7f91e6787000 r--p 00006000 08:11 2098005                    /usr/lib/x86_64-linux-gnu/libffi.so.6.0.1
7f91e6787000-7f91e6788000 rw-p 00007000 08:11 2098005                    /usr/lib/x86_64-linux-gnu/libffi.so.6.0.1
7f91e6788000-7f91e67af000 r-xp 00000000 08:11 401497                     /lib/x86_64-linux-gnu/libexpat.so.1.6.0
7f91e67af000-7f91e69af000 ---p 00027000 08:11 401497                     /lib/x86_64-linux-gnu/libexpat.so.1.6.0
7f91e69af000-7f91e69b1000 r--p 00027000 08:11 401497                     /lib/x86_64-linux-gnu/libexpat.so.1.6.0
7f91e69b1000-7f91e69b2000 rw-p 00029000 08:11 401497                     /lib/x86_64-linux-gnu/libexpat.so.1.6.0
7f91e69b8000-7f91e6a55000 r-xp 00000000 08:11 2110715                    /usr/lib/x86_64-linux-gnu/libfreetype.so.6.11.1
7f91e6a55000-7f91e6c54000 ---p 0009d000 08:11 2110715                    /usr/lib/x86_64-linux-gnu/libfreetype.so.6.11.1
7f91e6c54000-7f91e6c5a000 r--p 0009c000 08:11 2110715                    /usr/lib/x86_64-linux-gnu/libfreetype.so.6.11.1
7f91e6c5a000-7f91e6c5b000 rw-p 000a2000 08:11 2110715                    /usr/lib/x86_64-linux-gnu/libfreetype.so.6.11.1
7f91e6c60000-7f91e6c68000 r-xp 00000000 08:11 2101620                    /usr/lib/x86_64-linux-gnu/libthai.so.0.2.0
7f91e6c68000-7f91e6e67000 ---p 00008000 08:11 2101620                    /usr/lib/x86_64-linux-gnu/libthai.so.0.2.0
7f91e6e67000-7f91e6e68000 r--p 00007000 08:11 2101620                    /usr/lib/x86_64-linux-gnu/libthai.so.0.2.0
7f91e6e68000-7f91e6e69000 rw-p 00008000 08:11 2101620                    /usr/lib/x86_64-linux-gnu/libthai.so.0.2.0
7f91e6e70000-7f91e6e87000 r-xp 00000000 08:11 398260                     /lib/x86_64-linux-gnu/libresolv-2.19.so
7f91e6e87000-7f91e7087000 ---p 00017000 08:11 398260                     /lib/x86_64-linux-gnu/libresolv-2.19.so
7f91e7087000-7f91e7088000 r--p 00017000 08:11 398260                     /lib/x86_64-linux-gnu/libresolv-2.19.so
7f91e7088000-7f91e7089000 rw-p 00018000 08:11 398260                     /lib/x86_64-linux-gnu/libresolv-2.19.so
7f91e7089000-7f91e708b000 rw-p 00000000 00:00 0 
7f91e7090000-7f91e70b0000 r-xp 00000000 08:11 396472                     /lib/x86_64-linux-gnu/libselinux.so.1
7f91e70b0000-7f91e72af000 ---p 00020000 08:11 396472                     /lib/x86_64-linux-gnu/libselinux.so.1
7f91e72af000-7f91e72b0000 r--p 0001f000 08:11 396472                     /lib/x86_64-linux-gnu/libselinux.so.1
7f91e72b0000-7f91e72b1000 rw-p 00020000 08:11 396472                     /lib/x86_64-linux-gnu/libselinux.so.1
7f91e72b1000-7f91e72b3000 rw-p 00000000 00:00 0 
7f91e72b8000-7f91e72ba000 r-xp 00000000 08:11 2106388                    /usr/lib/x86_64-linux-gnu/libXdamage.so.1.1.0
7f91e72ba000-7f91e74b9000 ---p 00002000 08:11 2106388                    /usr/lib/x86_64-linux-gnu/libXdamage.so.1.1.0
7f91e74b9000-7f91e74ba000 r--p 00001000 08:11 2106388                    /usr/lib/x86_64-linux-gnu/libXdamage.so.1.1.0
7f91e74ba000-7f91e74bb000 rw-p 00002000 08:11 2106388                    /usr/lib/x86_64-linux-gnu/libXdamage.so.1.1.0
7f91e74c0000-7f91e74c2000 r-xp 00000000 08:11 2106384                    /usr/lib/x86_64-linux-gnu/libXcomposite.so.1.0.0
7f91e74c2000-7f91e76c1000 ---p 00002000 08:11 2106384                    /usr/lib/x86_64-linux-gnu/libXcomposite.so.1.0.0
7f91e76c1000-7f91e76c2000 r--p 00001000 08:11 2106384                    /usr/lib/x86_64-linux-gnu/libXcomposite.so.1.0.0
7f91e76c2000-7f91e76c3000 rw-p 00002000 08:11 2106384                    /usr/lib/x86_64-linux-gnu/libXcomposite.so.1.0.0
7f91e76c8000-7f91e76d1000 r-xp 00000000 08:11 2106386                    /usr/lib/x86_64-linux-gnu/libXcursor.so.1.0.2
7f91e76d1000-7f91e78d0000 ---p 00009000 08:11 2106386                    /usr/lib/x86_64-linux-gnu/libXcursor.so.1.0.2
7f91e78d0000-7f91e78d1000 r--p 00008000 08:11 2106386                    /usr/lib/x86_64-linux-gnu/libXcursor.so.1.0.2
7f91e78d1000-7f91e78d2000 rw-p 00009000 08:11 2106386                    /usr/lib/x86_64-linux-gnu/libXcursor.so.1.0.2
7f91e78d8000-7f91e78e1000 r-xp 00000000 08:11 2098926                    /usr/lib/x86_64-linux-gnu/libXrandr.so.2.2.0
7f91e78e1000-7f91e7ae0000 ---p 00009000 08:11 2098926                    /usr/lib/x86_64-linux-gnu/libXrandr.so.2.2.0
7f91e7ae0000-7f91e7ae1000 r--p 00008000 08:11 2098926                    /usr/lib/x86_64-linux-gnu/libXrandr.so.2.2.0
7f91e7ae1000-7f91e7ae2000 rw-p 00009000 08:11 2098926                    /usr/lib/x86_64-linux-gnu/libXrandr.so.2.2.0
7f91e7ae8000-7f91e7aea000 r-xp 00000000 08:11 2106402                    /usr/lib/x86_64-linux-gnu/libXinerama.so.1.0.0
7f91e7aea000-7f91e7ce9000 ---p 00002000 08:11 2106402                    /usr/lib/x86_64-linux-gnu/libXinerama.so.1.0.0
7f91e7ce9000-7f91e7cea000 r--p 00001000 08:11 2106402                    /usr/lib/x86_64-linux-gnu/libXinerama.so.1.0.0
7f91e7cea000-7f91e7ceb000 rw-p 00002000 08:11 2106402                    /usr/lib/x86_64-linux-gnu/libXinerama.so.1.0.0
7f91e7cf0000-7f91e7df6000 r-xp 00000000 08:11 2100228                    /usr/lib/x86_64-linux-gnu/libcairo.so.2.11301.0
7f91e7df6000-7f91e7ff5000 ---p 00106000 08:11 2100228                    /usr/lib/x86_64-linux-gnu/libcairo.so.2.11301.0
7f91e7ff5000-7f91e7ff8000 r--p 00105000 08:11 2100228                    /usr/lib/x86_64-linux-gnu/libcairo.so.2.11301.0
7f91e7ff8000-7f91e7ff9000 rw-p 00108000 08:11 2100228                    /usr/lib/x86_64-linux-gnu/libcairo.so.2.11301.0
7f91e7ff9000-7f91e7ffb000 rw-p 00000000 00:00 0 
7f91e8000000-7f91e8021000 rw-p 00000000 00:00 0 
7f91e8021000-7f91ec000000 ---p 00000000 00:00 0 
7f91ec0d0000-7f91ec0e4000 r-xp 00000000 08:11 2106882                    /usr/lib/x86_64-linux-gnu/libpangoft2-1.0.so.0.3600.3
7f91ec0e4000-7f91ec2e3000 ---p 00014000 08:11 2106882                    /usr/lib/x86_64-linux-gnu/libpangoft2-1.0.so.0.3600.3
7f91ec2e3000-7f91ec2e4000 r--p 00013000 08:11 2106882                    /usr/lib/x86_64-linux-gnu/libpangoft2-1.0.so.0.3600.3
7f91ec2e4000-7f91ec2e5000 rw-p 00014000 08:11 2106882                    /usr/lib/x86_64-linux-gnu/libpangoft2-1.0.so.0.3600.3
7f91ec2e8000-7f91ec307000 r-xp 00000000 08:11 2105600                    /usr/lib/x86_64-linux-gnu/libatk-1.0.so.0.21009.1
7f91ec307000-7f91ec507000 ---p 0001f000 08:11 2105600                    /usr/lib/x86_64-linux-gnu/libatk-1.0.so.0.21009.1
7f91ec507000-7f91ec509000 r--p 0001f000 08:11 2105600                    /usr/lib/x86_64-linux-gnu/libatk-1.0.so.0.21009.1
7f91ec509000-7f91ec50a000 rw-p 00021000 08:11 2105600                    /usr/lib/x86_64-linux-gnu/libatk-1.0.so.0.21009.1
7f91ec510000-7f91ec515000 r-xp 00000000 08:11 2106394                    /usr/lib/x86_64-linux-gnu/libXfixes.so.3.1.0
7f91ec515000-7f91ec714000 ---p 00005000 08:11 2106394                    /usr/lib/x86_64-linux-gnu/libXfixes.so.3.1.0
7f91ec714000-7f91ec715000 r--p 00004000 08:11 2106394                    /usr/lib/x86_64-linux-gnu/libXfixes.so.3.1.0
7f91ec715000-7f91ec716000 rw-p 00005000 08:11 2106394                    /usr/lib/x86_64-linux-gnu/libXfixes.so.3.1.0
7f91ec718000-7f91ec723000 r-xp 00000000 08:11 2108710                    /usr/lib/x86_64-linux-gnu/libpangocairo-1.0.so.0.3600.3
7f91ec723000-7f91ec923000 ---p 0000b000 08:11 2108710                    /usr/lib/x86_64-linux-gnu/libpangocairo-1.0.so.0.3600.3
7f91ec923000-7f91ec924000 r--p 0000b000 08:11 2108710                    /usr/lib/x86_64-linux-gnu/libpangocairo-1.0.so.0.3600.3
7f91ec924000-7f91ec925000 rw-p 0000c000 08:11 2108710                    /usr/lib/x86_64-linux-gnu/libpangocairo-1.0.so.0.3600.3
7f91ec928000-7f91ec92b000 r-xp 00000000 08:11 2104873                    /usr/lib/x86_64-linux-gnu/libgmodule-2.0.so.0.4000.0
7f91ec92b000-7f91ecb2a000 ---p 00003000 08:11 2104873                    /usr/lib/x86_64-linux-gnu/libgmodule-2.0.so.0.4000.0
7f91ecb2a000-7f91ecb2b000 r--p 00002000 08:11 2104873                    /usr/lib/x86_64-linux-gnu/libgmodule-2.0.so.0.4000.0
7f91ecb2b000-7f91ecb2c000 rw-p 00003000 08:11 2104873                    /usr/lib/x86_64-linux-gnu/libgmodule-2.0.so.0.4000.0
7f91ecb30000-7f91ecb4d000 r-xp 00000000 08:11 2111173                    /usr/lib/x86_64-linux-gnu/libxcb.so.1.1.0
7f91ecb4d000-7f91ecd4d000 ---p 0001d000 08:11 2111173                    /usr/lib/x86_64-linux-gnu/libxcb.so.1.1.0
7f91ecd4d000-7f91ecd4e000 r--p 0001d000 08:11 2111173                    /usr/lib/x86_64-linux-gnu/libxcb.so.1.1.0
7f91ecd4e000-7f91ecd4f000 rw-p 0001e000 08:11 2111173                    /usr/lib/x86_64-linux-gnu/libxcb.so.1.1.0
7f91ecd50000-7f91ecdbc000 r-xp 00000000 08:11 2097526                    /usr/lib/x86_64-linux-gnu/libcups.so.2
7f91ecdbc000-7f91ecfbc000 ---p 0006c000 08:11 2097526                    /usr/lib/x86_64-linux-gnu/libcups.so.2
7f91ecfbc000-7f91ecfc3000 r--p 0006c000 08:11 2097526                    /usr/lib/x86_64-linux-gnu/libcups.so.2
7f91ecfc3000-7f91ecfc4000 rw-p 00073000 08:11 2097526                    /usr/lib/x86_64-linux-gnu/libcups.so.2
7f91ecfc8000-7f91ed0ce000 r-xp 00000000 08:11 397932                     /lib/x86_64-linux-gnu/libglib-2.0.so.0.4000.0
7f91ed0ce000-7f91ed2cd000 ---p 00106000 08:11 397932                     /lib/x86_64-linux-gnu/libglib-2.0.so.0.4000.0
7f91ed2cd000-7f91ed2ce000 r--p 00105000 08:11 397932                     /lib/x86_64-linux-gnu/libglib-2.0.so.0.4000.0
7f91ed2ce000-7f91ed2cf000 rw-p 00106000 08:11 397932                     /lib/x86_64-linux-gnu/libglib-2.0.so.0.4000.0
7f91ed2cf000-7f91ed2d0000 rw-p 00000000 00:00 0 
7f91ed2d0000-7f91ed2d1000 r-xp 00000000 08:11 2104874                    /usr/lib/x86_64-linux-gnu/libgthread-2.0.so.0.4000.0
7f91ed2d1000-7f91ed4d0000 ---p 00001000 08:11 2104874                    /usr/lib/x86_64-linux-gnu/libgthread-2.0.so.0.4000.0
7f91ed4d0000-7f91ed4d1000 r--p 00000000 08:11 2104874                    /usr/lib/x86_64-linux-gnu/libgthread-2.0.so.0.4000.0
7f91ed4d1000-7f91ed4d2000 rw-p 00001000 08:11 2104874                    /usr/lib/x86_64-linux-gnu/libgthread-2.0.so.0.4000.0
7f91ed4d8000-7f91ed527000 r-xp 00000000 08:11 2102266                    /usr/lib/x86_64-linux-gnu/libgobject-2.0.so.0.4000.0
7f91ed527000-7f91ed727000 ---p 0004f000 08:11 2102266                    /usr/lib/x86_64-linux-gnu/libgobject-2.0.so.0.4000.0
7f91ed727000-7f91ed728000 r--p 0004f000 08:11 2102266                    /usr/lib/x86_64-linux-gnu/libgobject-2.0.so.0.4000.0
7f91ed728000-7f91ed729000 rw-p 00050000 08:11 2102266                    /usr/lib/x86_64-linux-gnu/libgobject-2.0.so.0.4000.0
7f91ed730000-7f91ed76a000 r-xp 00000000 08:11 2110693                    /usr/lib/x86_64-linux-gnu/libfontconfig.so.1.8.0
7f91ed76a000-7f91ed969000 ---p 0003a000 08:11 2110693                    /usr/lib/x86_64-linux-gnu/libfontconfig.so.1.8.0
7f91ed969000-7f91ed96b000 r--p 00039000 08:11 2110693                    /usr/lib/x86_64-linux-gnu/libfontconfig.so.1.8.0
7f91ed96b000-7f91ed96c000 rw-p 0003b000 08:11 2110693                    /usr/lib/x86_64-linux-gnu/libfontconfig.so.1.8.0
7f91ed970000-7f91ed9ba000 r-xp 00000000 08:11 2107065                    /usr/lib/x86_64-linux-gnu/libpango-1.0.so.0.3600.3
7f91ed9ba000-7f91edbba000 ---p 0004a000 08:11 2107065                    /usr/lib/x86_64-linux-gnu/libpango-1.0.so.0.3600.3
7f91edbba000-7f91edbbc000 r--p 0004a000 08:11 2107065                    /usr/lib/x86_64-linux-gnu/libpango-1.0.so.0.3600.3
7f91edbbc000-7f91edbbd000 rw-p 0004c000 08:11 2107065                    /usr/lib/x86_64-linux-gnu/libpango-1.0.so.0.3600.3
7f91edbc0000-7f91edbdf000 r-xp 00000000 08:11 2111190                    /usr/lib/x86_64-linux-gnu/libgdk_pixbuf-2.0.so.0.3000.7
7f91edbdf000-7f91edddf000 ---p 0001f000 08:11 2111190                    /usr/lib/x86_64-linux-gnu/libgdk_pixbuf-2.0.so.0.3000.7
7f91edddf000-7f91edde0000 r--p 0001f000 08:11 2111190                    /usr/lib/x86_64-linux-gnu/libgdk_pixbuf-2.0.so.0.3000.7
7f91edde0000-7f91edde1000 rw-p 00020000 08:11 2111190                    /usr/lib/x86_64-linux-gnu/libgdk_pixbuf-2.0.so.0.3000.7
7f91edde8000-7f91edf53000 r-xp 00000000 08:11 2102273                    /usr/lib/x86_64-linux-gnu/libgio-2.0.so.0.4000.0
7f91edf53000-7f91ee153000 ---p 0016b000 08:11 2102273                    /usr/lib/x86_64-linux-gnu/libgio-2.0.so.0.4000.0
7f91ee153000-7f91ee157000 r--p 0016b000 08:11 2102273                    /usr/lib/x86_64-linux-gnu/libgio-2.0.so.0.4000.0
7f91ee157000-7f91ee159000 rw-p 0016f000 08:11 2102273                    /usr/lib/x86_64-linux-gnu/libgio-2.0.so.0.4000.0
7f91ee159000-7f91ee15b000 rw-p 00000000 00:00 0 
7f91ee160000-7f91ee20d000 r-xp 00000000 08:11 2103777                    /usr/lib/x86_64-linux-gnu/libgdk-x11-2.0.so.0.2400.23
7f91ee20d000-7f91ee40c000 ---p 000ad000 08:11 2103777                    /usr/lib/x86_64-linux-gnu/libgdk-x11-2.0.so.0.2400.23
7f91ee40c000-7f91ee410000 r--p 000ac000 08:11 2103777                    /usr/lib/x86_64-linux-gnu/libgdk-x11-2.0.so.0.2400.23
7f91ee410000-7f91ee412000 rw-p 000b0000 08:11 2103777                    /usr/lib/x86_64-linux-gnu/libgdk-x11-2.0.so.0.2400.23
7f91ee418000-7f91ee847000 r-xp 00000000 08:11 2103775                    /usr/lib/x86_64-linux-gnu/libgtk-x11-2.0.so.0.2400.23
7f91ee847000-7f91eea46000 ---p 0042f000 08:11 2103775                    /usr/lib/x86_64-linux-gnu/libgtk-x11-2.0.so.0.2400.23
7f91eea46000-7f91eea4d000 r--p 0042e000 08:11 2103775                    /usr/lib/x86_64-linux-gnu/libgtk-x11-2.0.so.0.2400.23
7f91eea4d000-7f91eea51000 rw-p 00435000 08:11 2103775                    /usr/lib/x86_64-linux-gnu/libgtk-x11-2.0.so.0.2400.23
7f91eea51000-7f91eea54000 rw-p 00000000 00:00 0 
7f91eea58000-7f91eea67000 r-xp 00000000 08:11 2106400                    /usr/lib/x86_64-linux-gnu/libXi.so.6.1.0
7f91eea67000-7f91eec66000 ---p 0000f000 08:11 2106400                    /usr/lib/x86_64-linux-gnu/libXi.so.6.1.0
7f91eec66000-7f91eec67000 r--p 0000e000 08:11 2106400                    /usr/lib/x86_64-linux-gnu/libXi.so.6.1.0
7f91eec67000-7f91eec68000 rw-p 0000f000 08:11 2106400                    /usr/lib/x86_64-linux-gnu/libXi.so.6.1.0
7f91eec68000-7f91eec6d000 r-xp 00000000 08:11 2106418                    /usr/lib/x86_64-linux-gnu/libXtst.so.6.1.0
7f91eec6d000-7f91eee6c000 ---p 00005000 08:11 2106418                    /usr/lib/x86_64-linux-gnu/libXtst.so.6.1.0
7f91eee6c000-7f91eee6d000 r--p 00004000 08:11 2106418                    /usr/lib/x86_64-linux-gnu/libXtst.so.6.1.0
7f91eee6d000-7f91eee6e000 rw-p 00005000 08:11 2106418                    /usr/lib/x86_64-linux-gnu/libXtst.so.6.1.0
7f91eee70000-7f91eee79000 r-xp 00000000 08:11 2106414                    /usr/lib/x86_64-linux-gnu/libXrender.so.1.3.0
7f91eee79000-7f91ef078000 ---p 00009000 08:11 2106414                    /usr/lib/x86_64-linux-gnu/libXrender.so.1.3.0
7f91ef078000-7f91ef079000 r--p 00008000 08:11 2106414                    /usr/lib/x86_64-linux-gnu/libXrender.so.1.3.0
7f91ef079000-7f91ef07a000 rw-p 00009000 08:11 2106414                    /usr/lib/x86_64-linux-gnu/libXrender.so.1.3.0
7f91ef080000-7f91ef1b0000 r-xp 00000000 08:11 2114724                    /usr/lib/x86_64-linux-gnu/libX11.so.6.3.0
7f91ef1b0000-7f91ef3b0000 ---p 00130000 08:11 2114724                    /usr/lib/x86_64-linux-gnu/libX11.so.6.3.0
7f91ef3b0000-7f91ef3b1000 r--p 00130000 08:11 2114724                    /usr/lib/x86_64-linux-gnu/libX11.so.6.3.0
7f91ef3b1000-7f91ef3b5000 rw-p 00131000 08:11 2114724                    /usr/lib/x86_64-linux-gnu/libX11.so.6.3.0
7f91ef3b8000-7f91ef3c9000 r-xp 00000000 08:11 2106392                    /usr/lib/x86_64-linux-gnu/libXext.so.6.4.0
7f91ef3c9000-7f91ef5c8000 ---p 00011000 08:11 2106392                    /usr/lib/x86_64-linux-gnu/libXext.so.6.4.0
7f91ef5c8000-7f91ef5c9000 r--p 00010000 08:11 2106392                    /usr/lib/x86_64-linux-gnu/libXext.so.6.4.0
7f91ef5c9000-7f91ef5ca000 rw-p 00011000 08:11 2106392                    /usr/lib/x86_64-linux-gnu/libXext.so.6.4.0
7f91ef5d0000-7f91ef621000 r-xp 00000000 08:11 2100791                    /usr/lib/jvm/java-7-openjdk-amd64/jre/lib/amd64/xawt/libmawt.so
7f91ef621000-7f91ef820000 ---p 00051000 08:11 2100791                    /usr/lib/jvm/java-7-openjdk-amd64/jre/lib/amd64/xawt/libmawt.so
7f91ef820000-7f91ef821000 r--p 00050000 08:11 2100791                    /usr/lib/jvm/java-7-openjdk-amd64/jre/lib/amd64/xawt/libmawt.so
7f91ef821000-7f91ef824000 rw-p 00051000 08:11 2100791                    /usr/lib/jvm/java-7-openjdk-amd64/jre/lib/amd64/xawt/libmawt.so
7f91ef824000-7f91ef825000 rw-p 00000000 00:00 0 
7f91ef828000-7f91ef8c8000 r-xp 00000000 08:11 2101624                    /usr/lib/jvm/java-7-openjdk-amd64/jre/lib/amd64/libawt.so
7f91ef8c8000-7f91efac7000 ---p 000a0000 08:11 2101624                    /usr/lib/jvm/java-7-openjdk-amd64/jre/lib/amd64/libawt.so
7f91efac7000-7f91efac8000 r--p 0009f000 08:11 2101624                    /usr/lib/jvm/java-7-openjdk-amd64/jre/lib/amd64/libawt.so
7f91efac8000-7f91efad3000 rw-p 000a0000 08:11 2101624                    /usr/lib/jvm/java-7-openjdk-amd64/jre/lib/amd64/libawt.so
7f91efad3000-7f91efaf8000 rw-p 00000000 00:00 0 
7f91efafb000-7f91efafc000 ---p 00000000 00:00 0 
7f91efafc000-7f91efbfc000 rw-p 00000000 00:00 0                          [stack:27279]
7f91efbfc000-7f91efbff000 ---p 00000000 00:00 0 
7f91efbff000-7f91efcfd000 rw-p 00000000 00:00 0                          [stack:27278]
7f91efcfd000-7f91efd00000 ---p 00000000 00:00 0 
7f91efd00000-7f91efdfe000 rw-p 00000000 00:00 0                          [stack:27277]
7f91efdfe000-7f91efe01000 ---p 00000000 00:00 0 
7f91efe01000-7f91efeff000 rw-p 00000000 00:00 0                          [stack:27276]
7f91efeff000-7f91eff02000 ---p 00000000 00:00 0 
7f91eff02000-7f91f0000000 rw-p 00000000 00:00 0                          [stack:27275]
7f91f0000000-7f91f0021000 rw-p 00000000 00:00 0 
7f91f0021000-7f91f4000000 ---p 00000000 00:00 0 
7f91f4000000-7f91f4021000 rw-p 00000000 00:00 0 
7f91f4021000-7f91f8000000 ---p 00000000 00:00 0 
7f91f8000000-7f91f8021000 rw-p 00000000 00:00 0 
7f91f8021000-7f91fc000000 ---p 00000000 00:00 0 
7f91fc000000-7f91fc021000 rw-p 00000000 00:00 0 
7f91fc021000-7f9200000000 ---p 00000000 00:00 0 
7f920002e000-7f920003e000 rw-s 137ede000 00:05 7748                      /dev/dri/card0
7f920003f000-7f920004f000 rw-s 137ea7000 00:05 7748                      /dev/dri/card0
7f9200051000-7f920005a000 r--s 000b9000 08:11 2101259                    /usr/lib/jvm/java-7-openjdk-amd64/jre/lib/resources.jar
7f9200060000-7f9200067000 r--s 00000000 08:11 2378357                    /usr/lib/x86_64-linux-gnu/gconv/gconv-modules.cache
7f9200068000-7f920008e000 r--p 00000000 08:11 2626341                    /usr/share/locale-langpack/es/LC_MESSAGES/libc.mo
7f9200093000-7f920009e000 r--s 00203000 08:11 2100894                    /usr/lib/jvm/java-7-openjdk-amd64/jre/lib/charsets.jar
7f920009f000-7f92000a2000 r--s 00017000 08:11 2100901                    /usr/lib/jvm/java-7-openjdk-amd64/jre/lib/jce.jar
7f92000a4000-7f92000a9000 r--s 0004c000 08:11 2101274                    /usr/lib/jvm/java-7-openjdk-amd64/jre/lib/jsse.jar
7f92000b0000-7f92000bb000 r--s 00110000 08:15 22151908                   /home/mau/.netbeans/8.0/jogl-runtime/jogl.jar
7f92000bc000-7f92000be000 r--s 00004000 08:15 22151874                   /home/mau/.netbeans/8.0/gluegen-runtime/gluegen-rt.jar
7f92000c3000-7f92000c7000 r--s 0003b000 08:11 2101256                    /usr/lib/jvm/java-7-openjdk-amd64/jre/lib/ext/sunpkcs11.jar
7f92000cd000-7f92000d1000 r--s 00085000 08:11 2101255                    /usr/lib/jvm/java-7-openjdk-amd64/jre/lib/ext/localedata.jar
7f92000d7000-7f92000da000 r--s 0000f000 08:11 2101243                    /usr/lib/jvm/java-7-openjdk-amd64/jre/lib/ext/pulse-java.jar
7f92000e0000-7f9200da8000 r--p 00000000 08:11 2114398                    /usr/lib/locale/locale-archive
7f9200dac000-7f9200daf000 ---p 00000000 00:00 0 
7f9200daf000-7f9200ead000 rw-p 00000000 00:00 0                          [stack:27274]
7f9200ead000-7f9200eb0000 ---p 00000000 00:00 0 
7f9200eb0000-7f9200fae000 rw-p 00000000 00:00 0                          [stack:27273]
7f9200fae000-7f9200faf000 ---p 00000000 00:00 0 
7f9200faf000-7f9202d3c000 rw-p 00000000 00:00 0                          [stack:27272]
7f9202d3c000-7f9202eea000 r--s 01cfc000 08:11 2100893                    /usr/lib/jvm/java-7-openjdk-amd64/jre/lib/rt.jar
7f9202eee000-7f9203391000 rw-p 00000000 00:00 0 
7f9203391000-7f9203392000 ---p 00000000 00:00 0 
7f9203392000-7f9203492000 rw-p 00000000 00:00 0                          [stack:27271]
7f9203492000-7f9203493000 ---p 00000000 00:00 0 
7f9203493000-7f9203593000 rw-p 00000000 00:00 0                          [stack:27270]
7f9203593000-7f9203594000 ---p 00000000 00:00 0 
7f9203594000-7f9203694000 rw-p 00000000 00:00 0                          [stack:27269]
7f9203694000-7f9203695000 ---p 00000000 00:00 0 
7f9203695000-7f9203795000 rw-p 00000000 00:00 0                          [stack:27268]
7f9203795000-7f9203796000 ---p 00000000 00:00 0 
7f9203796000-7f9203896000 rw-p 00000000 00:00 0                          [stack:27267]
7f9203896000-7f9203897000 ---p 00000000 00:00 0 
7f9203897000-7f9203997000 rw-p 00000000 00:00 0                          [stack:27266]
7f9203997000-7f9203998000 ---p 00000000 00:00 0 
7f9203998000-7f9203ac1000 rw-p 00000000 00:00 0                          [stack:27265]
7f9203ac1000-7f9203d2a000 rw-p 00000000 00:00 0 
7f9203d2a000-7f9203d35000 rw-p 00000000 00:00 0 
7f9203d35000-7f9203d7d000 rw-p 00000000 00:00 0 
7f9203d7d000-7f9203da6000 rw-p 00000000 00:00 0 
7f9203da6000-7f920400e000 rw-p 00000000 00:00 0 
7f920400e000-7f9204023000 rw-p 00000000 00:00 0 
7f9204023000-7f9204157000 rw-p 00000000 00:00 0 
7f9204157000-7f9204158000 rw-p 00000000 00:00 0 
7f9204158000-7f92043c8000 rwxp 00000000 00:00 0 
7f92043c8000-7f9207158000 rw-p 00000000 00:00 0 
7f9207158000-7f9207160000 r-xp 00000000 08:11 2101490                    /usr/lib/jvm/java-7-openjdk-amd64/jre/lib/amd64/libzip.so
7f9207160000-7f920735f000 ---p 00008000 08:11 2101490                    /usr/lib/jvm/java-7-openjdk-amd64/jre/lib/amd64/libzip.so
7f920735f000-7f9207360000 r--p 00007000 08:11 2101490                    /usr/lib/jvm/java-7-openjdk-amd64/jre/lib/amd64/libzip.so
7f9207360000-7f9207361000 rw-p 00008000 08:11 2101490                    /usr/lib/jvm/java-7-openjdk-amd64/jre/lib/amd64/libzip.so
7f9207368000-7f9207373000 r-xp 00000000 08:11 398211                     /lib/x86_64-linux-gnu/libnss_files-2.19.so
7f9207373000-7f9207572000 ---p 0000b000 08:11 398211                     /lib/x86_64-linux-gnu/libnss_files-2.19.so
7f9207572000-7f9207573000 r--p 0000a000 08:11 398211                     /lib/x86_64-linux-gnu/libnss_files-2.19.so
7f9207573000-7f9207574000 rw-p 0000b000 08:11 398211                     /lib/x86_64-linux-gnu/libnss_files-2.19.so
7f9207578000-7f9207583000 r-xp 00000000 08:11 398225                     /lib/x86_64-linux-gnu/libnss_nis-2.19.so
7f9207583000-7f9207782000 ---p 0000b000 08:11 398225                     /lib/x86_64-linux-gnu/libnss_nis-2.19.so
7f9207782000-7f9207783000 r--p 0000a000 08:11 398225                     /lib/x86_64-linux-gnu/libnss_nis-2.19.so
7f9207783000-7f9207784000 rw-p 0000b000 08:11 398225                     /lib/x86_64-linux-gnu/libnss_nis-2.19.so
7f9207788000-7f920779f000 r-xp 00000000 08:11 398219                     /lib/x86_64-linux-gnu/libnsl-2.19.so
7f920779f000-7f920799e000 ---p 00017000 08:11 398219                     /lib/x86_64-linux-gnu/libnsl-2.19.so
7f920799e000-7f920799f000 r--p 00016000 08:11 398219                     /lib/x86_64-linux-gnu/libnsl-2.19.so
7f920799f000-7f92079a0000 rw-p 00017000 08:11 398219                     /lib/x86_64-linux-gnu/libnsl-2.19.so
7f92079a0000-7f92079a2000 rw-p 00000000 00:00 0 
7f92079a8000-7f92079b1000 r-xp 00000000 08:11 398227                     /lib/x86_64-linux-gnu/libnss_compat-2.19.so
7f92079b1000-7f9207bb0000 ---p 00009000 08:11 398227                     /lib/x86_64-linux-gnu/libnss_compat-2.19.so
7f9207bb0000-7f9207bb1000 r--p 00008000 08:11 398227                     /lib/x86_64-linux-gnu/libnss_compat-2.19.so
7f9207bb1000-7f9207bb2000 rw-p 00009000 08:11 398227                     /lib/x86_64-linux-gnu/libnss_compat-2.19.so
7f9207bb8000-7f9207be3000 r-xp 00000000 08:11 2101447                    /usr/lib/jvm/java-7-openjdk-amd64/jre/lib/amd64/libjava.so
7f9207be3000-7f9207de2000 ---p 0002b000 08:11 2101447                    /usr/lib/jvm/java-7-openjdk-amd64/jre/lib/amd64/libjava.so
7f9207de2000-7f9207de3000 r--p 0002a000 08:11 2101447                    /usr/lib/jvm/java-7-openjdk-amd64/jre/lib/amd64/libjava.so
7f9207de3000-7f9207de5000 rw-p 0002b000 08:11 2101447                    /usr/lib/jvm/java-7-openjdk-amd64/jre/lib/amd64/libjava.so
7f9207de8000-7f9207df8000 r-xp 00000000 08:11 2101668                    /usr/lib/jvm/java-7-openjdk-amd64/jre/lib/amd64/libverify.so
7f9207df8000-7f9207ff7000 ---p 00010000 08:11 2101668                    /usr/lib/jvm/java-7-openjdk-amd64/jre/lib/amd64/libverify.so
7f9207ff7000-7f9207ff9000 r--p 0000f000 08:11 2101668                    /usr/lib/jvm/java-7-openjdk-amd64/jre/lib/amd64/libverify.so
7f9207ff9000-7f9207ffa000 rw-p 00011000 08:11 2101668                    /usr/lib/jvm/java-7-openjdk-amd64/jre/lib/amd64/libverify.so
7f9208000000-7f92089cc000 rw-p 00000000 00:00 0 
7f92089cc000-7f920c000000 ---p 00000000 00:00 0 
7f920c002000-7f920c004000 r--s 00012000 08:11 2101244                    /usr/lib/jvm/java-7-openjdk-amd64/jre/lib/ext/zipfs.jar
7f920c00a000-7f920c00b000 r--s 00002000 08:11 2101257                    /usr/lib/jvm/java-7-openjdk-amd64/jre/lib/ext/dnsns.jar
7f920c012000-7f920c015000 r--s 00032000 08:11 2101249                    /usr/lib/jvm/java-7-openjdk-amd64/jre/lib/ext/sunjce_provider.jar
7f920c016000-7f920c018000 r--s 00006000 08:11 2493966                    /usr/share/java/java-atk-wrapper.jar
7f920c019000-7f920c09c000 rw-p 00000000 00:00 0 
7f920c09c000-7f920c09d000 ---p 00000000 00:00 0 
7f920c09d000-7f920c1a8000 rw-p 00000000 00:00 0                          [stack:27264]
7f920c1a8000-7f920c1f0000 rw-p 00000000 00:00 0 
7f920c1f0000-7f920c1f7000 r-xp 00000000 08:11 398331                     /lib/x86_64-linux-gnu/librt-2.19.so
7f920c1f7000-7f920c3f6000 ---p 00007000 08:11 398331                     /lib/x86_64-linux-gnu/librt-2.19.so
7f920c3f6000-7f920c3f7000 r--p 00006000 08:11 398331                     /lib/x86_64-linux-gnu/librt-2.19.so
7f920c3f7000-7f920c3f8000 rw-p 00007000 08:11 398331                     /lib/x86_64-linux-gnu/librt-2.19.so
7f920c3f8000-7f920c40e000 r-xp 00000000 08:11 397319                     /lib/x86_64-linux-gnu/libgcc_s.so.1
7f920c40e000-7f920c60d000 ---p 00016000 08:11 397319                     /lib/x86_64-linux-gnu/libgcc_s.so.1
7f920c60d000-7f920c60e000 rw-p 00015000 08:11 397319                     /lib/x86_64-linux-gnu/libgcc_s.so.1
7f920c610000-7f920c715000 r-xp 00000000 08:11 398213                     /lib/x86_64-linux-gnu/libm-2.19.so
7f920c715000-7f920c914000 ---p 00105000 08:11 398213                     /lib/x86_64-linux-gnu/libm-2.19.so
7f920c914000-7f920c915000 r--p 00104000 08:11 398213                     /lib/x86_64-linux-gnu/libm-2.19.so
7f920c915000-7f920c916000 rw-p 00105000 08:11 398213                     /lib/x86_64-linux-gnu/libm-2.19.so
7f920c918000-7f920c9fe000 r-xp 00000000 08:11 2097498                    /usr/lib/x86_64-linux-gnu/libstdc++.so.6.0.19
7f920c9fe000-7f920cbfd000 ---p 000e6000 08:11 2097498                    /usr/lib/x86_64-linux-gnu/libstdc++.so.6.0.19
7f920cbfd000-7f920cc05000 r--p 000e5000 08:11 2097498                    /usr/lib/x86_64-linux-gnu/libstdc++.so.6.0.19
7f920cc05000-7f920cc07000 rw-p 000ed000 08:11 2097498                    /usr/lib/x86_64-linux-gnu/libstdc++.so.6.0.19
7f920cc07000-7f920cc1c000 rw-p 00000000 00:00 0 
7f920cc20000-7f920d701000 r-xp 00000000 08:11 2101544                    /usr/lib/jvm/java-7-openjdk-amd64/jre/lib/amd64/server/libjvm.so
7f920d701000-7f920d900000 ---p 00ae1000 08:11 2101544                    /usr/lib/jvm/java-7-openjdk-amd64/jre/lib/amd64/server/libjvm.so
7f920d900000-7f920d992000 r--p 00ae0000 08:11 2101544                    /usr/lib/jvm/java-7-openjdk-amd64/jre/lib/amd64/server/libjvm.so
7f920d992000-7f920d9b5000 rw-p 00b72000 08:11 2101544                    /usr/lib/jvm/java-7-openjdk-amd64/jre/lib/amd64/server/libjvm.so
7f920d9b5000-7f920d9e2000 rw-p 00000000 00:00 0 
7f920d9e8000-7f920da00000 r-xp 00000000 08:11 397499                     /lib/x86_64-linux-gnu/libz.so.1.2.8
7f920da00000-7f920dbff000 ---p 00018000 08:11 397499                     /lib/x86_64-linux-gnu/libz.so.1.2.8
7f920dbff000-7f920dc00000 r--p 00017000 08:11 397499                     /lib/x86_64-linux-gnu/libz.so.1.2.8
7f920dc00000-7f920dc01000 rw-p 00018000 08:11 397499                     /lib/x86_64-linux-gnu/libz.so.1.2.8
7f920dc08000-7f920dc21000 r-xp 00000000 08:11 398261                     /lib/x86_64-linux-gnu/libpthread-2.19.so
7f920dc21000-7f920de20000 ---p 00019000 08:11 398261                     /lib/x86_64-linux-gnu/libpthread-2.19.so
7f920de20000-7f920de21000 r--p 00018000 08:11 398261                     /lib/x86_64-linux-gnu/libpthread-2.19.so
7f920de21000-7f920de22000 rw-p 00019000 08:11 398261                     /lib/x86_64-linux-gnu/libpthread-2.19.so
7f920de22000-7f920de26000 rw-p 00000000 00:00 0 
7f920de28000-7f920de2b000 r-xp 00000000 08:11 398233                     /lib/x86_64-linux-gnu/libdl-2.19.so
7f920de2b000-7f920e02a000 ---p 00003000 08:11 398233                     /lib/x86_64-linux-gnu/libdl-2.19.so
7f920e02a000-7f920e02b000 r--p 00002000 08:11 398233                     /lib/x86_64-linux-gnu/libdl-2.19.so
7f920e02b000-7f920e02c000 rw-p 00003000 08:11 398233                     /lib/x86_64-linux-gnu/libdl-2.19.so
7f920e030000-7f920e1ec000 r-xp 00000000 08:11 398207                     /lib/x86_64-linux-gnu/libc-2.19.so
7f920e1ec000-7f920e3eb000 ---p 001bc000 08:11 398207                     /lib/x86_64-linux-gnu/libc-2.19.so
7f920e3eb000-7f920e3ef000 r--p 001bb000 08:11 398207                     /lib/x86_64-linux-gnu/libc-2.19.so
7f920e3ef000-7f920e3f1000 rw-p 001bf000 08:11 398207                     /lib/x86_64-linux-gnu/libc-2.19.so
7f920e3f1000-7f920e3f6000 rw-p 00000000 00:00 0 
7f920e3f8000-7f920e405000 r-xp 00000000 08:11 2101622                    /usr/lib/jvm/java-7-openjdk-amd64/jre/lib/amd64/jli/libjli.so
7f920e405000-7f920e604000 ---p 0000d000 08:11 2101622                    /usr/lib/jvm/java-7-openjdk-amd64/jre/lib/amd64/jli/libjli.so
7f920e604000-7f920e605000 r--p 0000c000 08:11 2101622                    /usr/lib/jvm/java-7-openjdk-amd64/jre/lib/amd64/jli/libjli.so
7f920e605000-7f920e606000 rw-p 0000d000 08:11 2101622                    /usr/lib/jvm/java-7-openjdk-amd64/jre/lib/amd64/jli/libjli.so
7f920e608000-7f920e62b000 r-xp 00000000 08:11 398205                     /lib/x86_64-linux-gnu/ld-2.19.so
7f920e62e000-7f920e662000 rw-p 00000000 00:00 0 
7f920e662000-7f920e718000 rw-p 00000000 00:00 0 
7f920e718000-7f920e720000 rw-s 00000000 08:11 1966190                    /tmp/hsperfdata_mau/27258
7f920e725000-7f920e726000 rw-p 00000000 00:00 0 
7f920e726000-7f920e727000 rwxp 00000000 00:00 0 
7f920e727000-7f920e728000 rw-p 00000000 00:00 0 
7f920e728000-7f920e729000 r--p 00000000 00:00 0 
7f920e729000-7f920e72c000 ---p 00000000 00:00 0 
7f920e72c000-7f920e82a000 rw-p 00000000 00:00 0                          [stack:27263]
7f920e82a000-7f920e82b000 r--p 00022000 08:11 398205                     /lib/x86_64-linux-gnu/ld-2.19.so
7f920e82b000-7f920e82c000 rw-p 00023000 08:11 398205                     /lib/x86_64-linux-gnu/ld-2.19.so
7f920e82c000-7f920e82f000 rw-p 00000000 00:00 0 
7f920e82f000-7f920e834000 rw-p 00000000 00:00 0 
7fff3e69e000-7fff3e6bf000 rw-p 00000000 00:00 0                          [stack]
7fff3e758000-7fff3e75a000 r-xp 00000000 00:00 0                          [vdso]
ffffffffff600000-ffffffffff601000 r-xp 00000000 00:00 0                  [vsyscall]

VM Arguments:
jvm_args: -Dfile.encoding=UTF-8 -Djava.library.path=/home/mau/.netbeans/8.0/jogl-runtime/jogl.jar-natives-linux-amd64:/home/mau/.netbeans/8.0/gluegen-runtime/gluegen-rt.jar-natives-linux-amd64 
java_command: examen2.AntialiasedLines
Launcher Type: SUN_STANDARD

Environment Variables:
PATH=/usr/local/sbin:/usr/local/bin:/usr/sbin:/usr/bin:/sbin:/bin:/usr/games:/usr/local/games
LD_LIBRARY_PATH=/usr/lib/jvm/default-java/jre/lib/amd64:/usr/lib/jvm/default-java/jre/lib/i386:
SHELL=/bin/bash
DISPLAY=:0

Signal Handlers:
SIGSEGV: [libjvm.so+0x918620], sa_mask[0]=0x7ffbfeff, sa_flags=0x10000004
SIGBUS: [libjvm.so+0x918620], sa_mask[0]=0x7ffbfeff, sa_flags=0x10000004
SIGFPE: [libjvm.so+0x795e30], sa_mask[0]=0x7ffbfeff, sa_flags=0x10000004
SIGPIPE: [libjvm.so+0x795e30], sa_mask[0]=0x7ffbfeff, sa_flags=0x10000004
SIGXFSZ: [libjvm.so+0x795e30], sa_mask[0]=0x7ffbfeff, sa_flags=0x10000004
SIGILL: [libjvm.so+0x795e30], sa_mask[0]=0x7ffbfeff, sa_flags=0x10000004
SIGUSR1: SIG_DFL, sa_mask[0]=0x00000000, sa_flags=0x00000000
SIGUSR2: [libjvm.so+0x795cd0], sa_mask[0]=0x00000004, sa_flags=0x10000004
SIGHUP: [libjvm.so+0x795eb0], sa_mask[0]=0x7ffbfeff, sa_flags=0x10000004
SIGINT: SIG_IGN, sa_mask[0]=0x00000000, sa_flags=0x00000000
SIGTERM: [libjvm.so+0x795eb0], sa_mask[0]=0x7ffbfeff, sa_flags=0x10000004
SIGQUIT: [libjvm.so+0x795eb0], sa_mask[0]=0x7ffbfeff, sa_flags=0x10000004


---------------  S Y S T E M  ---------------

OS:Ubuntu 14.04 (trusty)
uname:Linux 3.13.0-27-generic #50-Ubuntu SMP Thu May 15 18:06:16 UTC 2014 x86_64
libc:glibc 2.19 NPTL 2.19 
rlimit: STACK 8192k, CORE 0k, NPROC 62405, NOFILE 4096, AS infinity
load average:0.34 0.61 0.50

/proc/meminfo:
MemTotal:        8075356 kB
MemFree:          309952 kB
Buffers:          326308 kB
Cached:          2823592 kB
SwapCached:         4860 kB
Active:          4735596 kB
Inactive:        2450988 kB
Active(anon):    3207476 kB
Inactive(anon):   960900 kB
Active(file):    1528120 kB
Inactive(file):  1490088 kB
Unevictable:          52 kB
Mlocked:              52 kB
SwapTotal:       1951740 kB
SwapFree:        1938488 kB
Dirty:               176 kB
Writeback:            60 kB
AnonPages:       4032136 kB
Mapped:           308812 kB
Shmem:            131668 kB
Slab:             304496 kB
SReclaimable:     253908 kB
SUnreclaim:        50588 kB
KernelStack:        6472 kB
PageTables:        62788 kB
NFS_Unstable:          0 kB
Bounce:                0 kB
WritebackTmp:          0 kB
CommitLimit:     5989416 kB
Committed_AS:   10185884 kB
VmallocTotal:   34359738367 kB
VmallocUsed:      296768 kB
VmallocChunk:   34359344244 kB
HardwareCorrupted:     0 kB
AnonHugePages:   2107392 kB
HugePages_Total:       0
HugePages_Free:        0
HugePages_Rsvd:        0
HugePages_Surp:        0
Hugepagesize:       2048 kB
DirectMap4k:       72628 kB
DirectMap2M:     4020224 kB
DirectMap1G:     4194304 kB


CPU:total 8 (8 cores per cpu, 1 threads per core) family 21 model 2 stepping 0, cmov, cx8, fxsr, mmx, sse, sse2, sse3, ssse3, sse4.1, sse4.2, popcnt, avx, aes, mmxext, 3dnowpref, lzcnt, sse4a, tsc, tscinvbit, tscinv

/proc/cpuinfo:
processor	: 0
vendor_id	: AuthenticAMD
cpu family	: 21
model		: 2
model name	: AMD FX(tm)-8350 Eight-Core Processor
stepping	: 0
microcode	: 0x6000817
cpu MHz		: 4334.505
cache size	: 2048 KB
physical id	: 0
siblings	: 8
core id		: 0
cpu cores	: 4
apicid		: 16
initial apicid	: 0
fpu		: yes
fpu_exception	: yes
cpuid level	: 13
wp		: yes
flags		: fpu vme de pse tsc msr pae mce cx8 apic sep mtrr pge mca cmov pat pse36 clflush mmx fxsr sse sse2 ht syscall nx mmxext fxsr_opt pdpe1gb rdtscp lm constant_tsc rep_good nopl nonstop_tsc extd_apicid aperfmperf pni pclmulqdq monitor ssse3 fma cx16 sse4_1 sse4_2 popcnt aes xsave avx f16c lahf_lm cmp_legacy svm extapic cr8_legacy abm sse4a misalignsse 3dnowprefetch osvw ibs xop skinit wdt lwp fma4 tce nodeid_msr tbm topoext perfctr_core perfctr_nb arat cpb hw_pstate npt lbrv svm_lock nrip_save tsc_scale vmcb_clean flushbyasid decodeassists pausefilter pfthreshold bmi1
bogomips	: 8669.01
TLB size	: 1536 4K pages
clflush size	: 64
cache_alignment	: 64
address sizes	: 48 bits physical, 48 bits virtual
power management: ts ttp tm 100mhzsteps hwpstate cpb eff_freq_ro

processor	: 1
vendor_id	: AuthenticAMD
cpu family	: 21
model		: 2
model name	: AMD FX(tm)-8350 Eight-Core Processor           
stepping	: 0
microcode	: 0x6000817
cpu MHz		: 4334.505
cache size	: 2048 KB
physical id	: 0
siblings	: 8
core id		: 1
cpu cores	: 4
apicid		: 17
initial apicid	: 1
fpu		: yes
fpu_exception	: yes
cpuid level	: 13
wp		: yes
flags		: fpu vme de pse tsc msr pae mce cx8 apic sep mtrr pge mca cmov pat pse36 clflush mmx fxsr sse sse2 ht syscall nx mmxext fxsr_opt pdpe1gb rdtscp lm constant_tsc rep_good nopl nonstop_tsc extd_apicid aperfmperf pni pclmulqdq monitor ssse3 fma cx16 sse4_1 sse4_2 popcnt aes xsave avx f16c lahf_lm cmp_legacy svm extapic cr8_legacy abm sse4a misalignsse 3dnowprefetch osvw ibs xop skinit wdt lwp fma4 tce nodeid_msr tbm topoext perfctr_core perfctr_nb arat cpb hw_pstate npt lbrv svm_lock nrip_save tsc_scale vmcb_clean flushbyasid decodeassists pausefilter pfthreshold bmi1
bogomips	: 8669.01
TLB size	: 1536 4K pages
clflush size	: 64
cache_alignment	: 64
address sizes	: 48 bits physical, 48 bits virtual
power management: ts ttp tm 100mhzsteps hwpstate cpb eff_freq_ro

processor	: 2
vendor_id	: AuthenticAMD
cpu family	: 21
model		: 2
model name	: AMD FX(tm)-8350 Eight-Core Processor           
stepping	: 0
microcode	: 0x6000817
cpu MHz		: 4334.505
cache size	: 2048 KB
physical id	: 0
siblings	: 8
core id		: 2
cpu cores	: 4
apicid		: 18
initial apicid	: 2
fpu		: yes
fpu_exception	: yes
cpuid level	: 13
wp		: yes
flags		: fpu vme de pse tsc msr pae mce cx8 apic sep mtrr pge mca cmov pat pse36 clflush mmx fxsr sse sse2 ht syscall nx mmxext fxsr_opt pdpe1gb rdtscp lm constant_tsc rep_good nopl nonstop_tsc extd_apicid aperfmperf pni pclmulqdq monitor ssse3 fma cx16 sse4_1 sse4_2 popcnt aes xsave avx f16c lahf_lm cmp_legacy svm extapic cr8_legacy abm sse4a misalignsse 3dnowprefetch osvw ibs xop skinit wdt lwp fma4 tce nodeid_msr tbm topoext perfctr_core perfctr_nb arat cpb hw_pstate npt lbrv svm_lock nrip_save tsc_scale vmcb_clean flushbyasid decodeassists pausefilter pfthreshold bmi1
bogomips	: 8669.01
TLB size	: 1536 4K pages
clflush size	: 64
cache_alignment	: 64
address sizes	: 48 bits physical, 48 bits virtual
power management: ts ttp tm 100mhzsteps hwpstate cpb eff_freq_ro

processor	: 3
vendor_id	: AuthenticAMD
cpu family	: 21
model		: 2
model name	: AMD FX(tm)-8350 Eight-Core Processor           
stepping	: 0
microcode	: 0x6000817
cpu MHz		: 4334.505
cache size	: 2048 KB
physical id	: 0
siblings	: 8
core id		: 3
cpu cores	: 4
apicid		: 19
initial apicid	: 3
fpu		: yes
fpu_exception	: yes
cpuid level	: 13
wp		: yes
flags		: fpu vme de pse tsc msr pae mce cx8 apic sep mtrr pge mca cmov pat pse36 clflush mmx fxsr sse sse2 ht syscall nx mmxext fxsr_opt pdpe1gb rdtscp lm constant_tsc rep_good nopl nonstop_tsc extd_apicid aperfmperf pni pclmulqdq monitor ssse3 fma cx16 sse4_1 sse4_2 popcnt aes xsave avx f16c lahf_lm cmp_legacy svm extapic cr8_legacy abm sse4a misalignsse 3dnowprefetch osvw ibs xop skinit wdt lwp fma4 tce nodeid_msr tbm topoext perfctr_core perfctr_nb arat cpb hw_pstate npt lbrv svm_lock nrip_save tsc_scale vmcb_clean flushbyasid decodeassists pausefilter pfthreshold bmi1
bogomips	: 8669.01
TLB size	: 1536 4K pages
clflush size	: 64
cache_alignment	: 64
address sizes	: 48 bits physical, 48 bits virtual
power management: ts ttp tm 100mhzsteps hwpstate cpb eff_freq_ro

processor	: 4
vendor_id	: AuthenticAMD
cpu family	: 21
model		: 2
model name	: AMD FX(tm)-8350 Eight-Core Processor           
stepping	: 0
microcode	: 0x6000817
cpu MHz		: 4334.505
cache size	: 2048 KB
physical id	: 0
siblings	: 8
core id		: 4
cpu cores	: 4
apicid		: 20
initial apicid	: 4
fpu		: yes
fpu_exception	: yes
cpuid level	: 13
wp		: yes
flags		: fpu vme de pse tsc msr pae mce cx8 apic sep mtrr pge mca cmov pat pse36 clflush mmx fxsr sse sse2 ht syscall nx mmxext fxsr_opt pdpe1gb rdtscp lm constant_tsc rep_good nopl nonstop_tsc extd_apicid aperfmperf pni pclmulqdq monitor ssse3 fma cx16 sse4_1 sse4_2 popcnt aes xsave avx f16c lahf_lm cmp_legacy svm extapic cr8_legacy abm sse4a misalignsse 3dnowprefetch osvw ibs xop skinit wdt lwp fma4 tce nodeid_msr tbm topoext perfctr_core perfctr_nb arat cpb hw_pstate npt lbrv svm_lock nrip_save tsc_scale vmcb_clean flushbyasid decodeassists pausefilter pfthreshold bmi1
bogomips	: 8669.01
TLB size	: 1536 4K pages
clflush size	: 64
cache_alignment	: 64
address sizes	: 48 bits physical, 48 bits virtual
power management: ts ttp tm 100mhzsteps hwpstate cpb eff_freq_ro

processor	: 5
vendor_id	: AuthenticAMD
cpu family	: 21
model		: 2
model name	: AMD FX(tm)-8350 Eight-Core Processor           
stepping	: 0
microcode	: 0x6000817
cpu MHz		: 4334.505
cache size	: 2048 KB
physical id	: 0
siblings	: 8
core id		: 5
cpu cores	: 4
apicid		: 21
initial apicid	: 5
fpu		: yes
fpu_exception	: yes
cpuid level	: 13
wp		: yes
flags		: fpu vme de pse tsc msr pae mce cx8 apic sep mtrr pge mca cmov pat pse36 clflush mmx fxsr sse sse2 ht syscall nx mmxext fxsr_opt pdpe1gb rdtscp lm constant_tsc rep_good nopl nonstop_tsc extd_apicid aperfmperf pni pclmulqdq monitor ssse3 fma cx16 sse4_1 sse4_2 popcnt aes xsave avx f16c lahf_lm cmp_legacy svm extapic cr8_legacy abm sse4a misalignsse 3dnowprefetch osvw ibs xop skinit wdt lwp fma4 tce nodeid_msr tbm topoext perfctr_core perfctr_nb arat cpb hw_pstate npt lbrv svm_lock nrip_save tsc_scale vmcb_clean flushbyasid decodeassists pausefilter pfthreshold bmi1
bogomips	: 8669.01
TLB size	: 1536 4K pages
clflush size	: 64
cache_alignment	: 64
address sizes	: 48 bits physical, 48 bits virtual
power management: ts ttp tm 100mhzsteps hwpstate cpb eff_freq_ro

processor	: 6
vendor_id	: AuthenticAMD
cpu family	: 21
model		: 2
model name	: AMD FX(tm)-8350 Eight-Core Processor           
stepping	: 0
microcode	: 0x6000817
cpu MHz		: 4334.505
cache size	: 2048 KB
physical id	: 0
siblings	: 8
core id		: 6
cpu cores	: 4
apicid		: 22
initial apicid	: 6
fpu		: yes
fpu_exception	: yes
cpuid level	: 13
wp		: yes
flags		: fpu vme de pse tsc msr pae mce cx8 apic sep mtrr pge mca cmov pat pse36 clflush mmx fxsr sse sse2 ht syscall nx mmxext fxsr_opt pdpe1gb rdtscp lm constant_tsc rep_good nopl nonstop_tsc extd_apicid aperfmperf pni pclmulqdq monitor ssse3 fma cx16 sse4_1 sse4_2 popcnt aes xsave avx f16c lahf_lm cmp_legacy svm extapic cr8_legacy abm sse4a misalignsse 3dnowprefetch osvw ibs xop skinit wdt lwp fma4 tce nodeid_msr tbm topoext perfctr_core perfctr_nb arat cpb hw_pstate npt lbrv svm_lock nrip_save tsc_scale vmcb_clean flushbyasid decodeassists pausefilter pfthreshold bmi1
bogomips	: 8669.01
TLB size	: 1536 4K pages
clflush size	: 64
cache_alignment	: 64
address sizes	: 48 bits physical, 48 bits virtual
power management: ts ttp tm 100mhzsteps hwpstate cpb eff_freq_ro

processor	: 7
vendor_id	: AuthenticAMD
cpu family	: 21
model		: 2
model name	: AMD FX(tm)-8350 Eight-Core Processor           
stepping	: 0
microcode	: 0x6000817
cpu MHz		: 4334.505
cache size	: 2048 KB
physical id	: 0
siblings	: 8
core id		: 7
cpu cores	: 4
apicid		: 23
initial apicid	: 7
fpu		: yes
fpu_exception	: yes
cpuid level	: 13
wp		: yes
flags		: fpu vme de pse tsc msr pae mce cx8 apic sep mtrr pge mca cmov pat pse36 clflush mmx fxsr sse sse2 ht syscall nx mmxext fxsr_opt pdpe1gb rdtscp lm constant_tsc rep_good nopl nonstop_tsc extd_apicid aperfmperf pni pclmulqdq monitor ssse3 fma cx16 sse4_1 sse4_2 popcnt aes xsave avx f16c lahf_lm cmp_legacy svm extapic cr8_legacy abm sse4a misalignsse 3dnowprefetch osvw ibs xop skinit wdt lwp fma4 tce nodeid_msr tbm topoext perfctr_core perfctr_nb arat cpb hw_pstate npt lbrv svm_lock nrip_save tsc_scale vmcb_clean flushbyasid decodeassists pausefilter pfthreshold bmi1
bogomips	: 8669.01
TLB size	: 1536 4K pages
clflush size	: 64
cache_alignment	: 64
address sizes	: 48 bits physical, 48 bits virtual
power management: ts ttp tm 100mhzsteps hwpstate cpb eff_freq_ro



Memory: 4k page, physical 8075356k(309952k free), swap 1951740k(1938488k free)

vm_info: OpenJDK 64-Bit Server VM (24.51-b03) for linux-amd64 JRE (1.7.0_55-b14), built on Apr 17 2014 20:08:07 by "buildd" with gcc 4.8.2

time: Tue May 27 14:00:10 2014
elapsed time: 0 seconds

