#
# A fatal error has been detected by the Java Runtime Environment:
#
#  SIGSEGV (0xb) at pc=0x00007ff006e7be51, pid=26242, tid=140668840961792
#
# JRE version: OpenJDK Runtime Environment (7.0_55-b14) (build 1.7.0_55-b14)
# Java VM: OpenJDK 64-Bit Server VM (24.51-b03 mixed mode linux-amd64 compressed oops)
# Problematic frame:
# C  [r600_dri.so+0xbbe51]  __printf_chk+0xbbe51
#
# Failed to write core dump. Core dumps have been disabled. To enable core dumping, try "ulimit -c unlimited" before starting Java again
#
# If you would like to submit a bug report, please include
# instructions on how to reproduce the bug and visit:
#   http://icedtea.classpath.org/bugzilla
# The crash happened outside the Java Virtual Machine in native code.
# See problematic frame for where to report the bug.
#

---------------  T H R E A D  ---------------

Current thread (0x00007ff040987000):  JavaThread "AWT-EventQueue-0" [_thread_in_native, id=26268, stack(0x00007ff0043be000,0x00007ff0044bf000)]

siginfo:si_signo=SIGSEGV: si_errno=0, si_code=1 (SEGV_MAPERR), si_addr=0x0000000000000000

Registers:
RAX=0x00007fefd0099fa0, RBX=0x0000000000000000, RCX=0x00007ff006e7be48, RDX=0x0000000000000012
RSP=0x00007ff0044bc540, RBP=0x00007ff0044bc550, RSI=0xffffffffffddd430, RDI=0x0000000000000387
R8 =0x0000000000000000, R9 =0x00007ff0403721ea, R10=0x00007ff0044bc4d0, R11=0x00007fefd011b650
R12=0x0000000000000000, R13=0x000000077ae686c8, R14=0x00007ff0044bc800, R15=0x00007ff040987000
RIP=0x00007ff006e7be51, EFLAGS=0x0000000000010207, CSGSFS=0x0000000000000033, ERR=0x0000000000000006
  TRAPNO=0x000000000000000e

Top of Stack: (sp=0x00007ff0044bc540)
0x00007ff0044bc540:   00007ff040221d20 00007fefd0099fa0
0x00007ff0044bc550:   0000000000000000 0000000000000000
0x00007ff0044bc560:   00007ff000000005 0000000000000000
0x00007ff0044bc570:   0000000000000001 00007ff040221d20
0x00007ff0044bc580:   0000000000000000 0000000000000000
0x00007ff0044bc590:   0000000000000000 0000000000000000
0x00007ff0044bc5a0:   0000000000000000 00007ff040222078
0x00007ff0044bc5b0:   00007ff04022a0e0 00007ff0044bc5d0
0x00007ff0044bc5c0:   000000005935c704 00007ff01832b7a2
0x00007ff0044bc5d0:   00000000ffffffff 0000000000000000
0x00007ff0044bc5e0:   00007ff019984670 00007ff04022a620
0x00007ff0044bc5f0:   00007ff03d050960 00007ff004010000
0x00007ff0044bc600:   00007ff0044bc560 0000000000000000
0x00007ff0044bc610:   0000000000000000 0000000000000000
0x00007ff0044bc620:   0000000000000000 0000000000000000
0x00007ff0044bc630:   0000000000000000 0000000000000000
0x00007ff0044bc640:   0000000000000000 00007ff0184f7740
0x00007ff0044bc650:   0000000000000000 000000077ae686c8
0x00007ff0044bc660:   00007ff0044bc800 00007ff040987000
0x00007ff0044bc670:   00007ff0044bc750 00007ff04948f557
0x00007ff0044bc680:   0000000700000005 0000000000000000
0x00007ff0044bc690:   00007ff0044bc6f0 00007ff019984670
0x00007ff0044bc6a0:   000000077ae686c8 00007ff0044bc750
0x00007ff0044bc6b0:   0000000000000000 00007ff049496515
0x00007ff0044bc6c0:   00007ff01836be0b 0000000000000000
0x00007ff0044bc6d0:   0000000000000b23 0000000000000000
0x00007ff0044bc6e0:   0000000000000b23 0000000000000000
0x00007ff0044bc6f0:   00007ff0403721ea 000000077ae686c8
0x00007ff0044bc700:   00007ff0044bc750 00007ff01836be6e
0x00007ff0044bc710:   00007ff040987000 00000000044bc760
0x00007ff0044bc720:   0000000000000000 00000b2300000000
0x00007ff0044bc730:   00007ff0044bc800 00007ff0409871d8 

Instructions: (pc=0x00007ff006e7be51)
0x00007ff006e7be31:   8d 0d e1 2b 22 00 0f b6 f2 48 63 34 b1 48 01 f1
0x00007ff006e7be41:   ff e1 0f 1f 44 00 00 48 8b 44 24 08 f3 0f 10 00
0x00007ff006e7be51:   f3 0f 11 03 48 81 c4 b8 01 00 00 5b 5d c3 90 48
0x00007ff006e7be61:   8b 44 24 08 48 8d 35 94 2f 22 00 48 8b 38 31 c0 

Register to memory mapping:

RAX=0x00007fefd0099fa0 is an unknown value
RBX=0x0000000000000000 is an unknown value
RCX=0x00007ff006e7be48: <offset 0xbbe48> in /usr/lib/x86_64-linux-gnu/dri/r600_dri.so at 0x00007ff006dc0000
RDX=0x0000000000000012 is an unknown value
RSP=0x00007ff0044bc540 is pointing into the stack for thread: 0x00007ff040987000
RBP=0x00007ff0044bc550 is pointing into the stack for thread: 0x00007ff040987000
RSI=0xffffffffffddd430 is an unknown value
RDI=0x0000000000000387 is an unknown value
R8 =0x0000000000000000 is an unknown value
R9 =0x00007ff0403721ea is an unknown value
R10=0x00007ff0044bc4d0 is pointing into the stack for thread: 0x00007ff040987000
R11=0x00007fefd011b650 is an unknown value
R12=0x0000000000000000 is an unknown value
R13=0x000000077ae686c8 is an oop
{method} 
 - klass: {other class}
R14=0x00007ff0044bc800 is pointing into the stack for thread: 0x00007ff040987000
R15=0x00007ff040987000 is a thread


Stack: [0x00007ff0043be000,0x00007ff0044bf000],  sp=0x00007ff0044bc540,  free space=1017k
Native frames: (J=compiled Java code, j=interpreted, Vv=VM code, C=native code)
C  [r600_dri.so+0xbbe51]  __printf_chk+0xbbe51

Java frames: (J=compiled Java code, j=interpreted, Vv=VM code)
j  com.sun.opengl.impl.GLImpl.glGetFloatv1(ILjava/lang/Object;I)V+0
j  com.sun.opengl.impl.GLImpl.glGetFloatv(I[FI)V+59
j  examen2.AntialiasedLines.init(Ljavax/media/opengl/GLAutoDrawable;)V+171
j  com.sun.opengl.impl.GLDrawableHelper.init(Ljavax/media/opengl/GLAutoDrawable;)V+29
j  javax.media.opengl.GLCanvas$InitAction.run()V+11
j  com.sun.opengl.impl.GLDrawableHelper.invokeGL(Ljavax/media/opengl/GLDrawable;Ljavax/media/opengl/GLContext;Ljava/lang/Runnable;Ljava/lang/Runnable;)V+370
j  javax.media.opengl.GLCanvas$DisplayOnEventDispatchThreadAction.run()V+35
j  java.awt.event.InvocationEvent.dispatch()V+11
j  java.awt.EventQueue.dispatchEventImpl(Ljava/awt/AWTEvent;Ljava/lang/Object;)V+21
j  java.awt.EventQueue.access$200(Ljava/awt/EventQueue;Ljava/awt/AWTEvent;Ljava/lang/Object;)V+3
j  java.awt.EventQueue$3.run()Ljava/lang/Void;+12
j  java.awt.EventQueue$3.run()Ljava/lang/Object;+1
v  ~StubRoutines::call_stub
j  java.security.AccessController.doPrivileged(Ljava/security/PrivilegedAction;Ljava/security/AccessControlContext;)Ljava/lang/Object;+0
j  java.security.ProtectionDomain$1.doIntersectionPrivilege(Ljava/security/PrivilegedAction;Ljava/security/AccessControlContext;Ljava/security/AccessControlContext;)Ljava/lang/Object;+28
j  java.awt.EventQueue.dispatchEvent(Ljava/awt/AWTEvent;)V+46
j  java.awt.EventDispatchThread.pumpOneEventForFilters(I)V+245
j  java.awt.EventDispatchThread.pumpEventsForFilter(ILjava/awt/Conditional;Ljava/awt/EventFilter;)V+35
j  java.awt.EventDispatchThread.pumpEventsForHierarchy(ILjava/awt/Conditional;Ljava/awt/Component;)V+11
j  java.awt.EventDispatchThread.pumpEvents(ILjava/awt/Conditional;)V+4
j  java.awt.EventDispatchThread.pumpEvents(Ljava/awt/Conditional;)V+3
j  java.awt.EventDispatchThread.run()V+9
v  ~StubRoutines::call_stub

---------------  P R O C E S S  ---------------

Java Threads: ( => current thread )
  0x00007ff04000a000 JavaThread "DestroyJavaVM" [_thread_blocked, id=26247, stack(0x00007ff04959b000,0x00007ff04969c000)]
  0x00007ff0408da000 JavaThread "Thread-0" [_thread_blocked, id=26269, stack(0x00007ff0042bd000,0x00007ff0043be000)]
=>0x00007ff040987000 JavaThread "AWT-EventQueue-0" [_thread_in_native, id=26268, stack(0x00007ff0043be000,0x00007ff0044bf000)]
  0x00007ff040998000 JavaThread "AWT-Shutdown" [_thread_blocked, id=26267, stack(0x00007ff0044bf000,0x00007ff0045c0000)]
  0x00007ff0401fa000 JavaThread "AWT-XAWT" daemon [_thread_blocked, id=26265, stack(0x00007ff02004f000,0x00007ff020150000)]
  0x00007ff0401d3000 JavaThread "Java2D Disposer" daemon [_thread_blocked, id=26264, stack(0x00007ff02c098000,0x00007ff02c199000)]
  0x00007ff0400af000 JavaThread "Service Thread" daemon [_thread_blocked, id=26262, stack(0x00007ff02eb2c000,0x00007ff02ec2d000)]
  0x00007ff0400ac800 JavaThread "C2 CompilerThread1" daemon [_thread_blocked, id=26261, stack(0x00007ff02ec2d000,0x00007ff02ed2e000)]
  0x00007ff0400a9800 JavaThread "C2 CompilerThread0" daemon [_thread_blocked, id=26260, stack(0x00007ff02ed2e000,0x00007ff02ee2f000)]
  0x00007ff0400a7800 JavaThread "Signal Dispatcher" daemon [_thread_blocked, id=26259, stack(0x00007ff02ee2f000,0x00007ff02ef30000)]
  0x00007ff040084800 JavaThread "Finalizer" daemon [_thread_blocked, id=26258, stack(0x00007ff02fbfc000,0x00007ff02fcfd000)]
  0x00007ff040082800 JavaThread "Reference Handler" daemon [_thread_blocked, id=26257, stack(0x00007ff02fcfd000,0x00007ff02fdfe000)]

Other Threads:
  0x00007ff04007e000 VMThread [stack: 0x00007ff02fdfe000,0x00007ff02feff000] [id=26256]
  0x00007ff0400b9800 WatcherThread [stack: 0x00007ff02ea2b000,0x00007ff02eb2c000] [id=26263]

VM state:not at safepoint (normal execution)

VM Mutex/Monitor currently owned by a thread: None

Heap
 PSYoungGen      total 37376K, used 10301K [0x00000007d6e80000, 0x00000007d9800000, 0x0000000800000000)
  eden space 32256K, 31% used [0x00000007d6e80000,0x00000007d788f4d8,0x00000007d8e00000)
  from space 5120K, 0% used [0x00000007d9300000,0x00000007d9300000,0x00000007d9800000)
  to   space 5120K, 0% used [0x00000007d8e00000,0x00000007d8e00000,0x00000007d9300000)
 ParOldGen       total 83968K, used 0K [0x0000000784c00000, 0x0000000789e00000, 0x00000007d6e80000)
  object space 83968K, 0% used [0x0000000784c00000,0x0000000784c00000,0x0000000789e00000)
 PSPermGen       total 21504K, used 11663K [0x000000077a600000, 0x000000077bb00000, 0x0000000784c00000)
  object space 21504K, 54% used [0x000000077a600000,0x000000077b163c08,0x000000077bb00000)

Card table byte_map: [0x00007ff045d92000,0x00007ff0461c0000] byte_map_base: 0x00007ff0421bf000

Polling page: 0x00007ff04959a000

Code Cache  [0x00007ff03d000000, 0x00007ff03d270000, 0x00007ff040000000)
 total_blobs=664 nmethods=39 adapters=580 free_code_cache=48457Kb largest_free_block=49595648

Compilation events (10 events):
Event: 0.528 Thread 0x00007ff0400a9800   35             sun.java2d.loops.GraphicsPrimitive::getUniqueID (5 bytes)
Event: 0.528 Thread 0x00007ff0400a9800 nmethod 35 0x00007ff03d0aef50 code [0x00007ff03d0af080, 0x00007ff03d0af0d8]
Event: 0.541 Thread 0x00007ff0400ac800   36             java.util.Arrays::binarySearch0 (95 bytes)
Event: 0.542 Thread 0x00007ff0400a9800   37             sun.java2d.loops.GraphicsPrimitiveMgr$2::compare (39 bytes)
Event: 0.543 Thread 0x00007ff0400a9800 nmethod 37 0x00007ff03d0aca10 code [0x00007ff03d0acb60, 0x00007ff03d0acc58]
Event: 0.543 Thread 0x00007ff0400ac800 nmethod 36 0x00007ff03d0ac510 code [0x00007ff03d0ac660, 0x00007ff03d0ac818]
Event: 0.580 Thread 0x00007ff0400a9800   38             java.lang.String::length (6 bytes)
Event: 0.581 Thread 0x00007ff0400a9800 nmethod 38 0x00007ff03d0af350 code [0x00007ff03d0af480, 0x00007ff03d0af4f8]
Event: 0.602 Thread 0x00007ff0400ac800   39             java.lang.String::startsWith (72 bytes)
Event: 0.604 Thread 0x00007ff0400ac800 nmethod 39 0x00007ff03d0ad710 code [0x00007ff03d0ad860, 0x00007ff03d0ada58]

GC Heap History (0 events):
No events

Deoptimization events (2 events):
Event: 0.250 Thread 0x00007ff04000a000 Uncommon trap: reason=class_check action=maybe_recompile pc=0x00007ff03d063a18 method=java.util.Properties$LineReader.readLine()I @ 62
Event: 0.276 Thread 0x00007ff04000a000 Uncommon trap: reason=null_check action=make_not_entrant pc=0x00007ff03d068da8 method=java.lang.String.equals(Ljava/lang/Object;)Z @ 8

Internal exceptions (10 events):
Event: 0.578 Thread 0x00007ff040987000 Threw 0x00000007d761cc10 at /build/buildd/openjdk-7-7u55-2.4.7/build/openjdk/hotspot/src/share/vm/prims/jvm.cpp:1244
Event: 0.578 Thread 0x00007ff040987000 Threw 0x00000007d7622308 at /build/buildd/openjdk-7-7u55-2.4.7/build/openjdk/hotspot/src/share/vm/prims/jvm.cpp:1244
Event: 0.579 Thread 0x00007ff040987000 Threw 0x00000007d7625910 at /build/buildd/openjdk-7-7u55-2.4.7/build/openjdk/hotspot/src/share/vm/prims/jvm.cpp:1244
Event: 0.580 Thread 0x00007ff040987000 Threw 0x00000007d7629038 at /build/buildd/openjdk-7-7u55-2.4.7/build/openjdk/hotspot/src/share/vm/prims/jvm.cpp:1244
Event: 0.580 Thread 0x00007ff040987000 Threw 0x00000007d762c4c8 at /build/buildd/openjdk-7-7u55-2.4.7/build/openjdk/hotspot/src/share/vm/prims/jvm.cpp:1244
Event: 0.581 Thread 0x00007ff040987000 Threw 0x00000007d7630258 at /build/buildd/openjdk-7-7u55-2.4.7/build/openjdk/hotspot/src/share/vm/prims/jvm.cpp:1244
Event: 0.582 Thread 0x00007ff040987000 Threw 0x00000007d76333c8 at /build/buildd/openjdk-7-7u55-2.4.7/build/openjdk/hotspot/src/share/vm/prims/jvm.cpp:1244
Event: 0.582 Thread 0x00007ff040987000 Threw 0x00000007d76372d0 at /build/buildd/openjdk-7-7u55-2.4.7/build/openjdk/hotspot/src/share/vm/prims/jvm.cpp:1244
Event: 0.592 Thread 0x00007ff040987000 Threw 0x00000007d763bf18 at /build/buildd/openjdk-7-7u55-2.4.7/build/openjdk/hotspot/src/share/vm/prims/jvm.cpp:1244
Event: 0.612 Thread 0x00007ff040987000 Threw 0x00000007d780a948 at /build/buildd/openjdk-7-7u55-2.4.7/build/openjdk/hotspot/src/share/vm/prims/jvm.cpp:1244

Events (10 events):
Event: 0.581 loading class 0x00007fefd0002210
Event: 0.581 loading class 0x00007fefd0002210 done
Event: 0.581 loading class 0x00007fefd0002700
Event: 0.581 loading class 0x00007fefd0002700 done
Event: 0.582 loading class 0x00007fefd00057a0
Event: 0.582 loading class 0x00007fefd00057a0 done
Event: 0.592 loading class 0x00007ff04022b4b0
Event: 0.592 loading class 0x00007ff04022b4b0 done
Event: 0.612 loading class 0x00007ff04022b570
Event: 0.612 loading class 0x00007ff04022b570 done


Dynamic libraries:
00400000-00401000 r-xp 00000000 08:11 2100875                            /usr/lib/jvm/java-7-openjdk-amd64/jre/bin/java
00600000-00601000 r--p 00000000 08:11 2100875                            /usr/lib/jvm/java-7-openjdk-amd64/jre/bin/java
00601000-00602000 rw-p 00001000 08:11 2100875                            /usr/lib/jvm/java-7-openjdk-amd64/jre/bin/java
019e9000-01a0a000 rw-p 00000000 00:00 0                                  [heap]
77a600000-77bb00000 rw-p 00000000 00:00 0 
77bb00000-784c00000 rw-p 00000000 00:00 0 
784c00000-789e00000 rw-p 00000000 00:00 0 
789e00000-7d6e80000 rw-p 00000000 00:00 0 
7d6e80000-7d9800000 rw-p 00000000 00:00 0 
7d9800000-800000000 rw-p 00000000 00:00 0 
7fefd0000000-7fefd01dd000 rw-p 00000000 00:00 0 
7fefd01dd000-7fefd4000000 ---p 00000000 00:00 0 
7fefd4000000-7fefd4021000 rw-p 00000000 00:00 0 
7fefd4021000-7fefd8000000 ---p 00000000 00:00 0 
7fefd8000000-7fefd8021000 rw-p 00000000 00:00 0 
7fefd8021000-7fefdc000000 ---p 00000000 00:00 0 
7fefdf7ff000-7fefdf800000 ---p 00000000 00:00 0 
7fefdf800000-7fefe0000000 rw-p 00000000 00:00 0                          [stack:26266]
7fefe0000000-7fefe0021000 rw-p 00000000 00:00 0 
7fefe0021000-7fefe4000000 ---p 00000000 00:00 0 
7fefe4000000-7fefe4021000 rw-p 00000000 00:00 0 
7fefe4021000-7fefe8000000 ---p 00000000 00:00 0 
7fefe8000000-7fefe8021000 rw-p 00000000 00:00 0 
7fefe8021000-7fefec000000 ---p 00000000 00:00 0 
7fefec000000-7fefec021000 rw-p 00000000 00:00 0 
7fefec021000-7feff0000000 ---p 00000000 00:00 0 
7feff0000000-7feff02cc000 rw-p 00000000 00:00 0 
7feff02cc000-7feff4000000 ---p 00000000 00:00 0 
7feff4000000-7feff4220000 rw-p 00000000 00:00 0 
7feff4220000-7feff8000000 ---p 00000000 00:00 0 
7feff8000000-7feff8021000 rw-p 00000000 00:00 0 
7feff8021000-7feffc000000 ---p 00000000 00:00 0 
7feffc000000-7feffc021000 rw-p 00000000 00:00 0 
7feffc021000-7ff000000000 ---p 00000000 00:00 0 
7ff000000000-7ff000021000 rw-p 00000000 00:00 0 
7ff000021000-7ff004000000 ---p 00000000 00:00 0 
7ff0042bd000-7ff0042c0000 ---p 00000000 00:00 0 
7ff0042c0000-7ff0043be000 rw-p 00000000 00:00 0                          [stack:26269]
7ff0043be000-7ff0043c1000 ---p 00000000 00:00 0 
7ff0043c1000-7ff0044bf000 rw-p 00000000 00:00 0                          [stack:26268]
7ff0044bf000-7ff0044c2000 ---p 00000000 00:00 0 
7ff0044c2000-7ff0045c0000 rw-p 00000000 00:00 0                          [stack:26267]
7ff0045c0000-7ff0045f7000 r-xp 00000000 08:11 2101194                    /usr/lib/x86_64-linux-gnu/libtxc_dxtn_s2tc.so.0.0.0
7ff0045f7000-7ff0047f6000 ---p 00037000 08:11 2101194                    /usr/lib/x86_64-linux-gnu/libtxc_dxtn_s2tc.so.0.0.0
7ff0047f6000-7ff0047f7000 r--p 00036000 08:11 2101194                    /usr/lib/x86_64-linux-gnu/libtxc_dxtn_s2tc.so.0.0.0
7ff0047f7000-7ff0047f8000 rw-p 00037000 08:11 2101194                    /usr/lib/x86_64-linux-gnu/libtxc_dxtn_s2tc.so.0.0.0
7ff0047f8000-7ff00481d000 r-xp 00000000 08:11 397338                     /lib/x86_64-linux-gnu/libtinfo.so.5.9
7ff00481d000-7ff004a1c000 ---p 00025000 08:11 397338                     /lib/x86_64-linux-gnu/libtinfo.so.5.9
7ff004a1c000-7ff004a20000 r--p 00024000 08:11 397338                     /lib/x86_64-linux-gnu/libtinfo.so.5.9
7ff004a20000-7ff004a21000 rw-p 00028000 08:11 397338                     /lib/x86_64-linux-gnu/libtinfo.so.5.9
7ff004a28000-7ff006226000 r-xp 00000000 08:11 2100657                    /usr/lib/x86_64-linux-gnu/libLLVM-3.4.so.1
7ff006226000-7ff0063b4000 r--p 017fd000 08:11 2100657                    /usr/lib/x86_64-linux-gnu/libLLVM-3.4.so.1
7ff0063b4000-7ff0063b6000 rw-p 0198b000 08:11 2100657                    /usr/lib/x86_64-linux-gnu/libLLVM-3.4.so.1
7ff0063b6000-7ff0063c9000 rw-p 00000000 00:00 0 
7ff0063d0000-7ff0063dc000 r-xp 00000000 08:11 2100673                    /usr/lib/x86_64-linux-gnu/libdrm_radeon.so.1.0.1
7ff0063dc000-7ff0065db000 ---p 0000c000 08:11 2100673                    /usr/lib/x86_64-linux-gnu/libdrm_radeon.so.1.0.1
7ff0065db000-7ff0065dc000 r--p 0000b000 08:11 2100673                    /usr/lib/x86_64-linux-gnu/libdrm_radeon.so.1.0.1
7ff0065dc000-7ff0065dd000 rw-p 0000c000 08:11 2100673                    /usr/lib/x86_64-linux-gnu/libdrm_radeon.so.1.0.1
7ff0065e0000-7ff0065f5000 r-xp 00000000 08:11 2097342                    /usr/lib/x86_64-linux-gnu/libelf-0.158.so
7ff0065f5000-7ff0067f4000 ---p 00015000 08:11 2097342                    /usr/lib/x86_64-linux-gnu/libelf-0.158.so
7ff0067f4000-7ff0067f5000 r--p 00014000 08:11 2097342                    /usr/lib/x86_64-linux-gnu/libelf-0.158.so
7ff0067f5000-7ff0067f6000 rw-p 00015000 08:11 2097342                    /usr/lib/x86_64-linux-gnu/libelf-0.158.so
7ff0067f8000-7ff0069e5000 r-xp 00000000 08:11 2099513                    /usr/lib/x86_64-linux-gnu/libgallium.so.0.0.0
7ff0069e5000-7ff006be5000 ---p 001ed000 08:11 2099513                    /usr/lib/x86_64-linux-gnu/libgallium.so.0.0.0
7ff006be5000-7ff006bf5000 r--p 001ed000 08:11 2099513                    /usr/lib/x86_64-linux-gnu/libgallium.so.0.0.0
7ff006bf5000-7ff006bf7000 rw-p 001fd000 08:11 2099513                    /usr/lib/x86_64-linux-gnu/libgallium.so.0.0.0
7ff006bf7000-7ff006dbf000 rw-p 00000000 00:00 0 
7ff006dc0000-7ff007160000 r-xp 00000000 08:11 2359532                    /usr/lib/x86_64-linux-gnu/dri/r600_dri.so
7ff007160000-7ff00735f000 ---p 003a0000 08:11 2359532                    /usr/lib/x86_64-linux-gnu/dri/r600_dri.so
7ff00735f000-7ff00739d000 r--p 0039f000 08:11 2359532                    /usr/lib/x86_64-linux-gnu/dri/r600_dri.so
7ff00739d000-7ff0073a8000 rw-p 003dd000 08:11 2359532                    /usr/lib/x86_64-linux-gnu/dri/r600_dri.so
7ff0073a8000-7ff0073c4000 rw-p 00000000 00:00 0 
7ff0073c8000-7ff0073d0000 r-xp 00000000 08:11 401667                     /lib/x86_64-linux-gnu/libnih-dbus.so.1.0.0
7ff0073d0000-7ff0075d0000 ---p 00008000 08:11 401667                     /lib/x86_64-linux-gnu/libnih-dbus.so.1.0.0
7ff0075d0000-7ff0075d1000 r--p 00008000 08:11 401667                     /lib/x86_64-linux-gnu/libnih-dbus.so.1.0.0
7ff0075d1000-7ff0075d2000 rw-p 00009000 08:11 401667                     /lib/x86_64-linux-gnu/libnih-dbus.so.1.0.0
7ff0075d8000-7ff0075ef000 r-xp 00000000 08:11 397403                     /lib/x86_64-linux-gnu/libnih.so.1.0.0
7ff0075ef000-7ff0077ee000 ---p 00017000 08:11 397403                     /lib/x86_64-linux-gnu/libnih.so.1.0.0
7ff0077ee000-7ff0077ef000 r--p 00016000 08:11 397403                     /lib/x86_64-linux-gnu/libnih.so.1.0.0
7ff0077ef000-7ff0077f0000 rw-p 00017000 08:11 397403                     /lib/x86_64-linux-gnu/libnih.so.1.0.0
7ff0077f0000-7ff007809000 r-xp 00000000 08:11 396498                     /lib/x86_64-linux-gnu/libcgmanager.so.0.0.0
7ff007809000-7ff007a08000 ---p 00019000 08:11 396498                     /lib/x86_64-linux-gnu/libcgmanager.so.0.0.0
7ff007a08000-7ff007a0a000 r--p 00018000 08:11 396498                     /lib/x86_64-linux-gnu/libcgmanager.so.0.0.0
7ff007a0a000-7ff007a0b000 rw-p 0001a000 08:11 396498                     /lib/x86_64-linux-gnu/libcgmanager.so.0.0.0
7ff007a10000-7ff007a20000 r-xp 00000000 08:11 396500                     /lib/x86_64-linux-gnu/libudev.so.1.3.5
7ff007a20000-7ff007c1f000 ---p 00010000 08:11 396500                     /lib/x86_64-linux-gnu/libudev.so.1.3.5
7ff007c1f000-7ff007c20000 r--p 0000f000 08:11 396500                     /lib/x86_64-linux-gnu/libudev.so.1.3.5
7ff007c20000-7ff007c21000 rw-p 00010000 08:11 396500                     /lib/x86_64-linux-gnu/libudev.so.1.3.5
7ff007c28000-7ff007c2a000 r-xp 00000000 08:15 22151911                   /home/mau/.netbeans/8.0/jogl-runtime/jogl.jar-natives-linux-amd64/libjogl_awt.so
7ff007c2a000-7ff007d29000 ---p 00002000 08:15 22151911                   /home/mau/.netbeans/8.0/jogl-runtime/jogl.jar-natives-linux-amd64/libjogl_awt.so
7ff007d29000-7ff007d2a000 rw-p 00001000 08:15 22151911                   /home/mau/.netbeans/8.0/jogl-runtime/jogl.jar-natives-linux-amd64/libjogl_awt.so
7ff007d30000-7ff00c000000 rw-p 00000000 00:00 0 
7ff00c000000-7ff00c021000 rw-p 00000000 00:00 0 
7ff00c021000-7ff010000000 ---p 00000000 00:00 0 
7ff010000000-7ff010021000 rw-p 00000000 00:00 0 
7ff010021000-7ff014000000 ---p 00000000 00:00 0 
7ff014000000-7ff014021000 rw-p 00000000 00:00 0 
7ff014021000-7ff018000000 ---p 00000000 00:00 0 
7ff018100000-7ff018101000 r-xp 00000000 08:11 2101605                    /usr/lib/jvm/java-7-openjdk-amd64/jre/lib/amd64/libjawt.so
7ff018101000-7ff018300000 ---p 00001000 08:11 2101605                    /usr/lib/jvm/java-7-openjdk-amd64/jre/lib/amd64/libjawt.so
7ff018300000-7ff018301000 r--p 00000000 08:11 2101605                    /usr/lib/jvm/java-7-openjdk-amd64/jre/lib/amd64/libjawt.so
7ff018301000-7ff018302000 rw-p 00001000 08:11 2101605                    /usr/lib/jvm/java-7-openjdk-amd64/jre/lib/amd64/libjawt.so
7ff018308000-7ff0183f7000 r-xp 00000000 08:15 22151910                   /home/mau/.netbeans/8.0/jogl-runtime/jogl.jar-natives-linux-amd64/libjogl.so
7ff0183f7000-7ff0184f7000 ---p 000ef000 08:15 22151910                   /home/mau/.netbeans/8.0/jogl-runtime/jogl.jar-natives-linux-amd64/libjogl.so
7ff0184f7000-7ff0184f8000 rw-p 000ef000 08:15 22151910                   /home/mau/.netbeans/8.0/jogl-runtime/jogl.jar-natives-linux-amd64/libjogl.so
7ff0184f8000-7ff018503000 r-xp 00000000 08:11 2100653                    /usr/lib/x86_64-linux-gnu/libdrm.so.2.4.0
7ff018503000-7ff018702000 ---p 0000b000 08:11 2100653                    /usr/lib/x86_64-linux-gnu/libdrm.so.2.4.0
7ff018702000-7ff018703000 r--p 0000a000 08:11 2100653                    /usr/lib/x86_64-linux-gnu/libdrm.so.2.4.0
7ff018703000-7ff018704000 rw-p 0000b000 08:11 2100653                    /usr/lib/x86_64-linux-gnu/libdrm.so.2.4.0
7ff018708000-7ff01870c000 r-xp 00000000 08:11 2106424                    /usr/lib/x86_64-linux-gnu/libXxf86vm.so.1.0.0
7ff01870c000-7ff01890c000 ---p 00004000 08:11 2106424                    /usr/lib/x86_64-linux-gnu/libXxf86vm.so.1.0.0
7ff01890c000-7ff01890d000 r--p 00004000 08:11 2106424                    /usr/lib/x86_64-linux-gnu/libXxf86vm.so.1.0.0
7ff01890d000-7ff01890e000 rw-p 00005000 08:11 2106424                    /usr/lib/x86_64-linux-gnu/libXxf86vm.so.1.0.0
7ff018910000-7ff018911000 r-xp 00000000 08:11 2098515                    /usr/lib/x86_64-linux-gnu/libxshmfence.so.1.0.0
7ff018911000-7ff018b10000 ---p 00001000 08:11 2098515                    /usr/lib/x86_64-linux-gnu/libxshmfence.so.1.0.0
7ff018b10000-7ff018b11000 r--p 00000000 08:11 2098515                    /usr/lib/x86_64-linux-gnu/libxshmfence.so.1.0.0
7ff018b11000-7ff018b12000 rw-p 00001000 08:11 2098515                    /usr/lib/x86_64-linux-gnu/libxshmfence.so.1.0.0
7ff018b18000-7ff018b1d000 r-xp 00000000 08:11 2100744                    /usr/lib/x86_64-linux-gnu/libxcb-sync.so.1.0.0
7ff018b1d000-7ff018d1c000 ---p 00005000 08:11 2100744                    /usr/lib/x86_64-linux-gnu/libxcb-sync.so.1.0.0
7ff018d1c000-7ff018d1d000 r--p 00004000 08:11 2100744                    /usr/lib/x86_64-linux-gnu/libxcb-sync.so.1.0.0
7ff018d1d000-7ff018d1e000 rw-p 00005000 08:11 2100744                    /usr/lib/x86_64-linux-gnu/libxcb-sync.so.1.0.0
7ff018d20000-7ff018d22000 r-xp 00000000 08:11 2100742                    /usr/lib/x86_64-linux-gnu/libxcb-present.so.0.0.0
7ff018d22000-7ff018f21000 ---p 00002000 08:11 2100742                    /usr/lib/x86_64-linux-gnu/libxcb-present.so.0.0.0
7ff018f21000-7ff018f22000 r--p 00001000 08:11 2100742                    /usr/lib/x86_64-linux-gnu/libxcb-present.so.0.0.0
7ff018f22000-7ff018f23000 rw-p 00002000 08:11 2100742                    /usr/lib/x86_64-linux-gnu/libxcb-present.so.0.0.0
7ff018f28000-7ff018f2a000 r-xp 00000000 08:11 2100740                    /usr/lib/x86_64-linux-gnu/libxcb-dri3.so.0.0.0
7ff018f2a000-7ff019129000 ---p 00002000 08:11 2100740                    /usr/lib/x86_64-linux-gnu/libxcb-dri3.so.0.0.0
7ff019129000-7ff01912a000 r--p 00001000 08:11 2100740                    /usr/lib/x86_64-linux-gnu/libxcb-dri3.so.0.0.0
7ff01912a000-7ff01912b000 rw-p 00002000 08:11 2100740                    /usr/lib/x86_64-linux-gnu/libxcb-dri3.so.0.0.0
7ff019130000-7ff019133000 r-xp 00000000 08:11 2100676                    /usr/lib/x86_64-linux-gnu/libxcb-dri2.so.0.0.0
7ff019133000-7ff019333000 ---p 00003000 08:11 2100676                    /usr/lib/x86_64-linux-gnu/libxcb-dri2.so.0.0.0
7ff019333000-7ff019334000 r--p 00003000 08:11 2100676                    /usr/lib/x86_64-linux-gnu/libxcb-dri2.so.0.0.0
7ff019334000-7ff019335000 rw-p 00004000 08:11 2100676                    /usr/lib/x86_64-linux-gnu/libxcb-dri2.so.0.0.0
7ff019338000-7ff01934d000 r-xp 00000000 08:11 2100746                    /usr/lib/x86_64-linux-gnu/libxcb-glx.so.0.0.0
7ff01934d000-7ff01954c000 ---p 00015000 08:11 2100746                    /usr/lib/x86_64-linux-gnu/libxcb-glx.so.0.0.0
7ff01954c000-7ff01954e000 r--p 00014000 08:11 2100746                    /usr/lib/x86_64-linux-gnu/libxcb-glx.so.0.0.0
7ff01954e000-7ff01954f000 rw-p 00016000 08:11 2100746                    /usr/lib/x86_64-linux-gnu/libxcb-glx.so.0.0.0
7ff019550000-7ff019551000 r-xp 00000000 08:11 2105447                    /usr/lib/x86_64-linux-gnu/libX11-xcb.so.1.0.0
7ff019551000-7ff019750000 ---p 00001000 08:11 2105447                    /usr/lib/x86_64-linux-gnu/libX11-xcb.so.1.0.0
7ff019750000-7ff019751000 r--p 00000000 08:11 2105447                    /usr/lib/x86_64-linux-gnu/libX11-xcb.so.1.0.0
7ff019751000-7ff019752000 rw-p 00001000 08:11 2105447                    /usr/lib/x86_64-linux-gnu/libX11-xcb.so.1.0.0
7ff019758000-7ff01977a000 r-xp 00000000 08:11 2100738                    /usr/lib/x86_64-linux-gnu/libglapi.so.0.0.0
7ff01977a000-7ff01997a000 ---p 00022000 08:11 2100738                    /usr/lib/x86_64-linux-gnu/libglapi.so.0.0.0
7ff01997a000-7ff01997d000 r--p 00022000 08:11 2100738                    /usr/lib/x86_64-linux-gnu/libglapi.so.0.0.0
7ff01997d000-7ff01997e000 rw-p 00025000 08:11 2100738                    /usr/lib/x86_64-linux-gnu/libglapi.so.0.0.0
7ff01997e000-7ff01997f000 rw-p 00000000 00:00 0 
7ff019980000-7ff0199e1000 r-xp 00000000 08:11 2359556                    /usr/lib/x86_64-linux-gnu/mesa/libGL.so.1.2.0
7ff0199e1000-7ff019be0000 ---p 00061000 08:11 2359556                    /usr/lib/x86_64-linux-gnu/mesa/libGL.so.1.2.0
7ff019be0000-7ff019be3000 r--p 00060000 08:11 2359556                    /usr/lib/x86_64-linux-gnu/mesa/libGL.so.1.2.0
7ff019be3000-7ff019be4000 rw-p 00063000 08:11 2359556                    /usr/lib/x86_64-linux-gnu/mesa/libGL.so.1.2.0
7ff019be4000-7ff019be5000 rw-p 00000000 00:00 0 
7ff019be8000-7ff019be9000 r-xp 00000000 08:15 22151876                   /home/mau/.netbeans/8.0/gluegen-runtime/gluegen-rt.jar-natives-linux-amd64/libgluegen-rt.so
7ff019be9000-7ff019ce8000 ---p 00001000 08:15 22151876                   /home/mau/.netbeans/8.0/gluegen-runtime/gluegen-rt.jar-natives-linux-amd64/libgluegen-rt.so
7ff019ce8000-7ff019ce9000 rw-p 00000000 08:15 22151876                   /home/mau/.netbeans/8.0/gluegen-runtime/gluegen-rt.jar-natives-linux-amd64/libgluegen-rt.so
7ff019cf0000-7ff019cf4000 r-xp 00000000 08:11 397871                     /lib/x86_64-linux-gnu/libgpg-error.so.0.10.0
7ff019cf4000-7ff019ef3000 ---p 00004000 08:11 397871                     /lib/x86_64-linux-gnu/libgpg-error.so.0.10.0
7ff019ef3000-7ff019ef4000 r--p 00003000 08:11 397871                     /lib/x86_64-linux-gnu/libgpg-error.so.0.10.0
7ff019ef4000-7ff019ef5000 rw-p 00004000 08:11 397871                     /lib/x86_64-linux-gnu/libgpg-error.so.0.10.0
7ff019ef8000-7ff019efa000 r-xp 00000000 08:11 397347                     /lib/x86_64-linux-gnu/libkeyutils.so.1.4
7ff019efa000-7ff01a0fa000 ---p 00002000 08:11 397347                     /lib/x86_64-linux-gnu/libkeyutils.so.1.4
7ff01a0fa000-7ff01a0fb000 r--p 00002000 08:11 397347                     /lib/x86_64-linux-gnu/libkeyutils.so.1.4
7ff01a0fb000-7ff01a0fc000 rw-p 00003000 08:11 397347                     /lib/x86_64-linux-gnu/libkeyutils.so.1.4
7ff01a100000-7ff01a11a000 r-xp 00000000 08:11 2106707                    /usr/lib/x86_64-linux-gnu/libgraphite2.so.3.0.1
7ff01a11a000-7ff01a319000 ---p 0001a000 08:11 2106707                    /usr/lib/x86_64-linux-gnu/libgraphite2.so.3.0.1
7ff01a319000-7ff01a31b000 r--p 00019000 08:11 2106707                    /usr/lib/x86_64-linux-gnu/libgraphite2.so.3.0.1
7ff01a31b000-7ff01a31c000 rw-p 0001b000 08:11 2106707                    /usr/lib/x86_64-linux-gnu/libgraphite2.so.3.0.1
7ff01a320000-7ff01a364000 r-xp 00000000 08:11 393407                     /lib/x86_64-linux-gnu/libdbus-1.so.3.7.6
7ff01a364000-7ff01a563000 ---p 00044000 08:11 393407                     /lib/x86_64-linux-gnu/libdbus-1.so.3.7.6
7ff01a563000-7ff01a564000 r--p 00043000 08:11 393407                     /lib/x86_64-linux-gnu/libdbus-1.so.3.7.6
7ff01a564000-7ff01a565000 rw-p 00044000 08:11 393407                     /lib/x86_64-linux-gnu/libdbus-1.so.3.7.6
7ff01a568000-7ff01a5a3000 r-xp 00000000 08:11 2106506                    /usr/lib/x86_64-linux-gnu/libp11-kit.so.0.0.0
7ff01a5a3000-7ff01a7a2000 ---p 0003b000 08:11 2106506                    /usr/lib/x86_64-linux-gnu/libp11-kit.so.0.0.0
7ff01a7a2000-7ff01a7a8000 r--p 0003a000 08:11 2106506                    /usr/lib/x86_64-linux-gnu/libp11-kit.so.0.0.0
7ff01a7a8000-7ff01a7aa000 rw-p 00040000 08:11 2106506                    /usr/lib/x86_64-linux-gnu/libp11-kit.so.0.0.0
7ff01a7b0000-7ff01a7c2000 r-xp 00000000 08:11 2106458                    /usr/lib/x86_64-linux-gnu/libtasn1.so.6.2.0
7ff01a7c2000-7ff01a9c2000 ---p 00012000 08:11 2106458                    /usr/lib/x86_64-linux-gnu/libtasn1.so.6.2.0
7ff01a9c2000-7ff01a9c3000 r--p 00012000 08:11 2106458                    /usr/lib/x86_64-linux-gnu/libtasn1.so.6.2.0
7ff01a9c3000-7ff01a9c4000 rw-p 00013000 08:11 2106458                    /usr/lib/x86_64-linux-gnu/libtasn1.so.6.2.0
7ff01a9c8000-7ff01aa43000 r-xp 00000000 08:11 397371                     /lib/x86_64-linux-gnu/libgcrypt.so.11.8.2
7ff01aa43000-7ff01ac43000 ---p 0007b000 08:11 397371                     /lib/x86_64-linux-gnu/libgcrypt.so.11.8.2
7ff01ac43000-7ff01ac44000 r--p 0007b000 08:11 397371                     /lib/x86_64-linux-gnu/libgcrypt.so.11.8.2
7ff01ac44000-7ff01ac47000 rw-p 0007c000 08:11 397371                     /lib/x86_64-linux-gnu/libgcrypt.so.11.8.2
7ff01ac48000-7ff01ac52000 r-xp 00000000 08:11 2106642                    /usr/lib/x86_64-linux-gnu/libkrb5support.so.0.1
7ff01ac52000-7ff01ae51000 ---p 0000a000 08:11 2106642                    /usr/lib/x86_64-linux-gnu/libkrb5support.so.0.1
7ff01ae51000-7ff01ae52000 r--p 00009000 08:11 2106642                    /usr/lib/x86_64-linux-gnu/libkrb5support.so.0.1
7ff01ae52000-7ff01ae53000 rw-p 0000a000 08:11 2106642                    /usr/lib/x86_64-linux-gnu/libkrb5support.so.0.1
7ff01ae58000-7ff01ae5b000 r-xp 00000000 08:11 397875                     /lib/x86_64-linux-gnu/libcom_err.so.2.1
7ff01ae5b000-7ff01b05a000 ---p 00003000 08:11 397875                     /lib/x86_64-linux-gnu/libcom_err.so.2.1
7ff01b05a000-7ff01b05b000 r--p 00002000 08:11 397875                     /lib/x86_64-linux-gnu/libcom_err.so.2.1
7ff01b05b000-7ff01b05c000 rw-p 00003000 08:11 397875                     /lib/x86_64-linux-gnu/libcom_err.so.2.1
7ff01b060000-7ff01b08c000 r-xp 00000000 08:11 2106582                    /usr/lib/x86_64-linux-gnu/libk5crypto.so.3.1
7ff01b08c000-7ff01b28b000 ---p 0002c000 08:11 2106582                    /usr/lib/x86_64-linux-gnu/libk5crypto.so.3.1
7ff01b28b000-7ff01b28d000 r--p 0002b000 08:11 2106582                    /usr/lib/x86_64-linux-gnu/libk5crypto.so.3.1
7ff01b28d000-7ff01b28e000 rw-p 0002d000 08:11 2106582                    /usr/lib/x86_64-linux-gnu/libk5crypto.so.3.1
7ff01b28e000-7ff01b28f000 rw-p 00000000 00:00 0 
7ff01b290000-7ff01b34c000 r-xp 00000000 08:11 2106632                    /usr/lib/x86_64-linux-gnu/libkrb5.so.3.3
7ff01b34c000-7ff01b54c000 ---p 000bc000 08:11 2106632                    /usr/lib/x86_64-linux-gnu/libkrb5.so.3.3
7ff01b54c000-7ff01b559000 r--p 000bc000 08:11 2106632                    /usr/lib/x86_64-linux-gnu/libkrb5.so.3.3
7ff01b559000-7ff01b55b000 rw-p 000c9000 08:11 2106632                    /usr/lib/x86_64-linux-gnu/libkrb5.so.3.3
7ff01b560000-7ff01b566000 r-xp 00000000 08:11 2101554                    /usr/lib/x86_64-linux-gnu/libdatrie.so.1.3.1
7ff01b566000-7ff01b765000 ---p 00006000 08:11 2101554                    /usr/lib/x86_64-linux-gnu/libdatrie.so.1.3.1
7ff01b765000-7ff01b766000 r--p 00005000 08:11 2101554                    /usr/lib/x86_64-linux-gnu/libdatrie.so.1.3.1
7ff01b766000-7ff01b767000 rw-p 00006000 08:11 2101554                    /usr/lib/x86_64-linux-gnu/libdatrie.so.1.3.1
7ff01b768000-7ff01b7bb000 r-xp 00000000 08:11 2104973                    /usr/lib/x86_64-linux-gnu/libharfbuzz.so.0.927.0
7ff01b7bb000-7ff01b9bb000 ---p 00053000 08:11 2104973                    /usr/lib/x86_64-linux-gnu/libharfbuzz.so.0.927.0
7ff01b9bb000-7ff01b9bc000 r--p 00053000 08:11 2104973                    /usr/lib/x86_64-linux-gnu/libharfbuzz.so.0.927.0
7ff01b9bc000-7ff01b9bd000 rw-p 00054000 08:11 2104973                    /usr/lib/x86_64-linux-gnu/libharfbuzz.so.0.927.0
7ff01b9c0000-7ff01b9c8000 r-xp 00000000 08:11 2111101                    /usr/lib/x86_64-linux-gnu/libxcb-render.so.0.0.0
7ff01b9c8000-7ff01bbc7000 ---p 00008000 08:11 2111101                    /usr/lib/x86_64-linux-gnu/libxcb-render.so.0.0.0
7ff01bbc7000-7ff01bbc8000 r--p 00007000 08:11 2111101                    /usr/lib/x86_64-linux-gnu/libxcb-render.so.0.0.0
7ff01bbc8000-7ff01bbc9000 rw-p 00008000 08:11 2111101                    /usr/lib/x86_64-linux-gnu/libxcb-render.so.0.0.0
7ff01bbd0000-7ff01bbd2000 r-xp 00000000 08:11 2111105                    /usr/lib/x86_64-linux-gnu/libxcb-shm.so.0.0.0
7ff01bbd2000-7ff01bdd1000 ---p 00002000 08:11 2111105                    /usr/lib/x86_64-linux-gnu/libxcb-shm.so.0.0.0
7ff01bdd1000-7ff01bdd2000 r--p 00001000 08:11 2111105                    /usr/lib/x86_64-linux-gnu/libxcb-shm.so.0.0.0
7ff01bdd2000-7ff01bdd3000 rw-p 00002000 08:11 2111105                    /usr/lib/x86_64-linux-gnu/libxcb-shm.so.0.0.0
7ff01bdd8000-7ff01bdfd000 r-xp 00000000 08:11 401507                     /lib/x86_64-linux-gnu/libpng12.so.0.50.0
7ff01bdfd000-7ff01bffc000 ---p 00025000 08:11 401507                     /lib/x86_64-linux-gnu/libpng12.so.0.50.0
7ff01bffc000-7ff01bffd000 r--p 00024000 08:11 401507                     /lib/x86_64-linux-gnu/libpng12.so.0.50.0
7ff01bffd000-7ff01bffe000 rw-p 00025000 08:11 401507                     /lib/x86_64-linux-gnu/libpng12.so.0.50.0
7ff01c000000-7ff01c021000 rw-p 00000000 00:00 0 
7ff01c021000-7ff020000000 ---p 00000000 00:00 0 
7ff02004f000-7ff020052000 ---p 00000000 00:00 0 
7ff020052000-7ff020150000 rw-p 00000000 00:00 0                          [stack:26265]
7ff020150000-7ff0201f1000 r-xp 00000000 08:11 2111098                    /usr/lib/x86_64-linux-gnu/libpixman-1.so.0.30.2
7ff0201f1000-7ff0203f1000 ---p 000a1000 08:11 2111098                    /usr/lib/x86_64-linux-gnu/libpixman-1.so.0.30.2
7ff0203f1000-7ff0203f8000 r--p 000a1000 08:11 2111098                    /usr/lib/x86_64-linux-gnu/libpixman-1.so.0.30.2
7ff0203f8000-7ff0203f9000 rw-p 000a8000 08:11 2111098                    /usr/lib/x86_64-linux-gnu/libpixman-1.so.0.30.2
7ff020400000-7ff020405000 r-xp 00000000 08:11 2106390                    /usr/lib/x86_64-linux-gnu/libXdmcp.so.6.0.0
7ff020405000-7ff020604000 ---p 00005000 08:11 2106390                    /usr/lib/x86_64-linux-gnu/libXdmcp.so.6.0.0
7ff020604000-7ff020605000 r--p 00004000 08:11 2106390                    /usr/lib/x86_64-linux-gnu/libXdmcp.so.6.0.0
7ff020605000-7ff020606000 rw-p 00005000 08:11 2106390                    /usr/lib/x86_64-linux-gnu/libXdmcp.so.6.0.0
7ff020608000-7ff02060a000 r-xp 00000000 08:11 2106379                    /usr/lib/x86_64-linux-gnu/libXau.so.6.0.0
7ff02060a000-7ff02080a000 ---p 00002000 08:11 2106379                    /usr/lib/x86_64-linux-gnu/libXau.so.6.0.0
7ff02080a000-7ff02080b000 r--p 00002000 08:11 2106379                    /usr/lib/x86_64-linux-gnu/libXau.so.6.0.0
7ff02080b000-7ff02080c000 rw-p 00003000 08:11 2106379                    /usr/lib/x86_64-linux-gnu/libXau.so.6.0.0
7ff020810000-7ff02081f000 r-xp 00000000 08:11 2097599                    /usr/lib/x86_64-linux-gnu/libavahi-client.so.3.2.9
7ff02081f000-7ff020a1f000 ---p 0000f000 08:11 2097599                    /usr/lib/x86_64-linux-gnu/libavahi-client.so.3.2.9
7ff020a1f000-7ff020a20000 r--p 0000f000 08:11 2097599                    /usr/lib/x86_64-linux-gnu/libavahi-client.so.3.2.9
7ff020a20000-7ff020a21000 rw-p 00010000 08:11 2097599                    /usr/lib/x86_64-linux-gnu/libavahi-client.so.3.2.9
7ff020a28000-7ff020a33000 r-xp 00000000 08:11 2106954                    /usr/lib/x86_64-linux-gnu/libavahi-common.so.3.5.3
7ff020a33000-7ff020c32000 ---p 0000b000 08:11 2106954                    /usr/lib/x86_64-linux-gnu/libavahi-common.so.3.5.3
7ff020c32000-7ff020c33000 r--p 0000a000 08:11 2106954                    /usr/lib/x86_64-linux-gnu/libavahi-common.so.3.5.3
7ff020c33000-7ff020c34000 rw-p 0000b000 08:11 2106954                    /usr/lib/x86_64-linux-gnu/libavahi-common.so.3.5.3
7ff020c38000-7ff020cee000 r-xp 00000000 08:11 2106556                    /usr/lib/x86_64-linux-gnu/libgnutls.so.26.22.6
7ff020cee000-7ff020eee000 ---p 000b6000 08:11 2106556                    /usr/lib/x86_64-linux-gnu/libgnutls.so.26.22.6
7ff020eee000-7ff020ef4000 r--p 000b6000 08:11 2106556                    /usr/lib/x86_64-linux-gnu/libgnutls.so.26.22.6
7ff020ef4000-7ff020ef5000 rw-p 000bc000 08:11 2106556                    /usr/lib/x86_64-linux-gnu/libgnutls.so.26.22.6
7ff020ef5000-7ff020ef6000 rw-p 00000000 00:00 0 
7ff020ef8000-7ff020f3b000 r-xp 00000000 08:11 2106630                    /usr/lib/x86_64-linux-gnu/libgssapi_krb5.so.2.2
7ff020f3b000-7ff02113b000 ---p 00043000 08:11 2106630                    /usr/lib/x86_64-linux-gnu/libgssapi_krb5.so.2.2
7ff02113b000-7ff02113c000 r--p 00043000 08:11 2106630                    /usr/lib/x86_64-linux-gnu/libgssapi_krb5.so.2.2
7ff02113c000-7ff02113e000 rw-p 00044000 08:11 2106630                    /usr/lib/x86_64-linux-gnu/libgssapi_krb5.so.2.2
7ff021140000-7ff02117d000 r-xp 00000000 08:11 397324                     /lib/x86_64-linux-gnu/libpcre.so.3.13.1
7ff02117d000-7ff02137c000 ---p 0003d000 08:11 397324                     /lib/x86_64-linux-gnu/libpcre.so.3.13.1
7ff02137c000-7ff02137d000 r--p 0003c000 08:11 397324                     /lib/x86_64-linux-gnu/libpcre.so.3.13.1
7ff02137d000-7ff02137e000 rw-p 0003d000 08:11 397324                     /lib/x86_64-linux-gnu/libpcre.so.3.13.1
7ff021380000-7ff021387000 r-xp 00000000 08:11 2098005                    /usr/lib/x86_64-linux-gnu/libffi.so.6.0.1
7ff021387000-7ff021586000 ---p 00007000 08:11 2098005                    /usr/lib/x86_64-linux-gnu/libffi.so.6.0.1
7ff021586000-7ff021587000 r--p 00006000 08:11 2098005                    /usr/lib/x86_64-linux-gnu/libffi.so.6.0.1
7ff021587000-7ff021588000 rw-p 00007000 08:11 2098005                    /usr/lib/x86_64-linux-gnu/libffi.so.6.0.1
7ff021588000-7ff0215af000 r-xp 00000000 08:11 401497                     /lib/x86_64-linux-gnu/libexpat.so.1.6.0
7ff0215af000-7ff0217af000 ---p 00027000 08:11 401497                     /lib/x86_64-linux-gnu/libexpat.so.1.6.0
7ff0217af000-7ff0217b1000 r--p 00027000 08:11 401497                     /lib/x86_64-linux-gnu/libexpat.so.1.6.0
7ff0217b1000-7ff0217b2000 rw-p 00029000 08:11 401497                     /lib/x86_64-linux-gnu/libexpat.so.1.6.0
7ff0217b8000-7ff021855000 r-xp 00000000 08:11 2110715                    /usr/lib/x86_64-linux-gnu/libfreetype.so.6.11.1
7ff021855000-7ff021a54000 ---p 0009d000 08:11 2110715                    /usr/lib/x86_64-linux-gnu/libfreetype.so.6.11.1
7ff021a54000-7ff021a5a000 r--p 0009c000 08:11 2110715                    /usr/lib/x86_64-linux-gnu/libfreetype.so.6.11.1
7ff021a5a000-7ff021a5b000 rw-p 000a2000 08:11 2110715                    /usr/lib/x86_64-linux-gnu/libfreetype.so.6.11.1
7ff021a60000-7ff021a68000 r-xp 00000000 08:11 2101620                    /usr/lib/x86_64-linux-gnu/libthai.so.0.2.0
7ff021a68000-7ff021c67000 ---p 00008000 08:11 2101620                    /usr/lib/x86_64-linux-gnu/libthai.so.0.2.0
7ff021c67000-7ff021c68000 r--p 00007000 08:11 2101620                    /usr/lib/x86_64-linux-gnu/libthai.so.0.2.0
7ff021c68000-7ff021c69000 rw-p 00008000 08:11 2101620                    /usr/lib/x86_64-linux-gnu/libthai.so.0.2.0
7ff021c70000-7ff021c87000 r-xp 00000000 08:11 398260                     /lib/x86_64-linux-gnu/libresolv-2.19.so
7ff021c87000-7ff021e87000 ---p 00017000 08:11 398260                     /lib/x86_64-linux-gnu/libresolv-2.19.so
7ff021e87000-7ff021e88000 r--p 00017000 08:11 398260                     /lib/x86_64-linux-gnu/libresolv-2.19.so
7ff021e88000-7ff021e89000 rw-p 00018000 08:11 398260                     /lib/x86_64-linux-gnu/libresolv-2.19.so
7ff021e89000-7ff021e8b000 rw-p 00000000 00:00 0 
7ff021e90000-7ff021eb0000 r-xp 00000000 08:11 396472                     /lib/x86_64-linux-gnu/libselinux.so.1
7ff021eb0000-7ff0220af000 ---p 00020000 08:11 396472                     /lib/x86_64-linux-gnu/libselinux.so.1
7ff0220af000-7ff0220b0000 r--p 0001f000 08:11 396472                     /lib/x86_64-linux-gnu/libselinux.so.1
7ff0220b0000-7ff0220b1000 rw-p 00020000 08:11 396472                     /lib/x86_64-linux-gnu/libselinux.so.1
7ff0220b1000-7ff0220b3000 rw-p 00000000 00:00 0 
7ff0220b8000-7ff0220ba000 r-xp 00000000 08:11 2106388                    /usr/lib/x86_64-linux-gnu/libXdamage.so.1.1.0
7ff0220ba000-7ff0222b9000 ---p 00002000 08:11 2106388                    /usr/lib/x86_64-linux-gnu/libXdamage.so.1.1.0
7ff0222b9000-7ff0222ba000 r--p 00001000 08:11 2106388                    /usr/lib/x86_64-linux-gnu/libXdamage.so.1.1.0
7ff0222ba000-7ff0222bb000 rw-p 00002000 08:11 2106388                    /usr/lib/x86_64-linux-gnu/libXdamage.so.1.1.0
7ff0222c0000-7ff0222c2000 r-xp 00000000 08:11 2106384                    /usr/lib/x86_64-linux-gnu/libXcomposite.so.1.0.0
7ff0222c2000-7ff0224c1000 ---p 00002000 08:11 2106384                    /usr/lib/x86_64-linux-gnu/libXcomposite.so.1.0.0
7ff0224c1000-7ff0224c2000 r--p 00001000 08:11 2106384                    /usr/lib/x86_64-linux-gnu/libXcomposite.so.1.0.0
7ff0224c2000-7ff0224c3000 rw-p 00002000 08:11 2106384                    /usr/lib/x86_64-linux-gnu/libXcomposite.so.1.0.0
7ff0224c8000-7ff0224d1000 r-xp 00000000 08:11 2106386                    /usr/lib/x86_64-linux-gnu/libXcursor.so.1.0.2
7ff0224d1000-7ff0226d0000 ---p 00009000 08:11 2106386                    /usr/lib/x86_64-linux-gnu/libXcursor.so.1.0.2
7ff0226d0000-7ff0226d1000 r--p 00008000 08:11 2106386                    /usr/lib/x86_64-linux-gnu/libXcursor.so.1.0.2
7ff0226d1000-7ff0226d2000 rw-p 00009000 08:11 2106386                    /usr/lib/x86_64-linux-gnu/libXcursor.so.1.0.2
7ff0226d8000-7ff0226e1000 r-xp 00000000 08:11 2098926                    /usr/lib/x86_64-linux-gnu/libXrandr.so.2.2.0
7ff0226e1000-7ff0228e0000 ---p 00009000 08:11 2098926                    /usr/lib/x86_64-linux-gnu/libXrandr.so.2.2.0
7ff0228e0000-7ff0228e1000 r--p 00008000 08:11 2098926                    /usr/lib/x86_64-linux-gnu/libXrandr.so.2.2.0
7ff0228e1000-7ff0228e2000 rw-p 00009000 08:11 2098926                    /usr/lib/x86_64-linux-gnu/libXrandr.so.2.2.0
7ff0228e8000-7ff0228ea000 r-xp 00000000 08:11 2106402                    /usr/lib/x86_64-linux-gnu/libXinerama.so.1.0.0
7ff0228ea000-7ff022ae9000 ---p 00002000 08:11 2106402                    /usr/lib/x86_64-linux-gnu/libXinerama.so.1.0.0
7ff022ae9000-7ff022aea000 r--p 00001000 08:11 2106402                    /usr/lib/x86_64-linux-gnu/libXinerama.so.1.0.0
7ff022aea000-7ff022aeb000 rw-p 00002000 08:11 2106402                    /usr/lib/x86_64-linux-gnu/libXinerama.so.1.0.0
7ff022af0000-7ff022b04000 r-xp 00000000 08:11 2106882                    /usr/lib/x86_64-linux-gnu/libpangoft2-1.0.so.0.3600.3
7ff022b04000-7ff022d03000 ---p 00014000 08:11 2106882                    /usr/lib/x86_64-linux-gnu/libpangoft2-1.0.so.0.3600.3
7ff022d03000-7ff022d04000 r--p 00013000 08:11 2106882                    /usr/lib/x86_64-linux-gnu/libpangoft2-1.0.so.0.3600.3
7ff022d04000-7ff022d05000 rw-p 00014000 08:11 2106882                    /usr/lib/x86_64-linux-gnu/libpangoft2-1.0.so.0.3600.3
7ff022d08000-7ff022e0e000 r-xp 00000000 08:11 2100228                    /usr/lib/x86_64-linux-gnu/libcairo.so.2.11301.0
7ff022e0e000-7ff02300d000 ---p 00106000 08:11 2100228                    /usr/lib/x86_64-linux-gnu/libcairo.so.2.11301.0
7ff02300d000-7ff023010000 r--p 00105000 08:11 2100228                    /usr/lib/x86_64-linux-gnu/libcairo.so.2.11301.0
7ff023010000-7ff023011000 rw-p 00108000 08:11 2100228                    /usr/lib/x86_64-linux-gnu/libcairo.so.2.11301.0
7ff023011000-7ff023013000 rw-p 00000000 00:00 0 
7ff023018000-7ff023037000 r-xp 00000000 08:11 2105600                    /usr/lib/x86_64-linux-gnu/libatk-1.0.so.0.21009.1
7ff023037000-7ff023237000 ---p 0001f000 08:11 2105600                    /usr/lib/x86_64-linux-gnu/libatk-1.0.so.0.21009.1
7ff023237000-7ff023239000 r--p 0001f000 08:11 2105600                    /usr/lib/x86_64-linux-gnu/libatk-1.0.so.0.21009.1
7ff023239000-7ff02323a000 rw-p 00021000 08:11 2105600                    /usr/lib/x86_64-linux-gnu/libatk-1.0.so.0.21009.1
7ff023240000-7ff023245000 r-xp 00000000 08:11 2106394                    /usr/lib/x86_64-linux-gnu/libXfixes.so.3.1.0
7ff023245000-7ff023444000 ---p 00005000 08:11 2106394                    /usr/lib/x86_64-linux-gnu/libXfixes.so.3.1.0
7ff023444000-7ff023445000 r--p 00004000 08:11 2106394                    /usr/lib/x86_64-linux-gnu/libXfixes.so.3.1.0
7ff023445000-7ff023446000 rw-p 00005000 08:11 2106394                    /usr/lib/x86_64-linux-gnu/libXfixes.so.3.1.0
7ff023448000-7ff023453000 r-xp 00000000 08:11 2108710                    /usr/lib/x86_64-linux-gnu/libpangocairo-1.0.so.0.3600.3
7ff023453000-7ff023653000 ---p 0000b000 08:11 2108710                    /usr/lib/x86_64-linux-gnu/libpangocairo-1.0.so.0.3600.3
7ff023653000-7ff023654000 r--p 0000b000 08:11 2108710                    /usr/lib/x86_64-linux-gnu/libpangocairo-1.0.so.0.3600.3
7ff023654000-7ff023655000 rw-p 0000c000 08:11 2108710                    /usr/lib/x86_64-linux-gnu/libpangocairo-1.0.so.0.3600.3
7ff023658000-7ff02365b000 r-xp 00000000 08:11 2104873                    /usr/lib/x86_64-linux-gnu/libgmodule-2.0.so.0.4000.0
7ff02365b000-7ff02385a000 ---p 00003000 08:11 2104873                    /usr/lib/x86_64-linux-gnu/libgmodule-2.0.so.0.4000.0
7ff02385a000-7ff02385b000 r--p 00002000 08:11 2104873                    /usr/lib/x86_64-linux-gnu/libgmodule-2.0.so.0.4000.0
7ff02385b000-7ff02385c000 rw-p 00003000 08:11 2104873                    /usr/lib/x86_64-linux-gnu/libgmodule-2.0.so.0.4000.0
7ff023860000-7ff02387d000 r-xp 00000000 08:11 2111173                    /usr/lib/x86_64-linux-gnu/libxcb.so.1.1.0
7ff02387d000-7ff023a7d000 ---p 0001d000 08:11 2111173                    /usr/lib/x86_64-linux-gnu/libxcb.so.1.1.0
7ff023a7d000-7ff023a7e000 r--p 0001d000 08:11 2111173                    /usr/lib/x86_64-linux-gnu/libxcb.so.1.1.0
7ff023a7e000-7ff023a7f000 rw-p 0001e000 08:11 2111173                    /usr/lib/x86_64-linux-gnu/libxcb.so.1.1.0
7ff023a80000-7ff023aec000 r-xp 00000000 08:11 2097526                    /usr/lib/x86_64-linux-gnu/libcups.so.2
7ff023aec000-7ff023cec000 ---p 0006c000 08:11 2097526                    /usr/lib/x86_64-linux-gnu/libcups.so.2
7ff023cec000-7ff023cf3000 r--p 0006c000 08:11 2097526                    /usr/lib/x86_64-linux-gnu/libcups.so.2
7ff023cf3000-7ff023cf4000 rw-p 00073000 08:11 2097526                    /usr/lib/x86_64-linux-gnu/libcups.so.2
7ff023cf8000-7ff023dfe000 r-xp 00000000 08:11 397932                     /lib/x86_64-linux-gnu/libglib-2.0.so.0.4000.0
7ff023dfe000-7ff023ffd000 ---p 00106000 08:11 397932                     /lib/x86_64-linux-gnu/libglib-2.0.so.0.4000.0
7ff023ffd000-7ff023ffe000 r--p 00105000 08:11 397932                     /lib/x86_64-linux-gnu/libglib-2.0.so.0.4000.0
7ff023ffe000-7ff023fff000 rw-p 00106000 08:11 397932                     /lib/x86_64-linux-gnu/libglib-2.0.so.0.4000.0
7ff023fff000-7ff024000000 rw-p 00000000 00:00 0 
7ff024000000-7ff024021000 rw-p 00000000 00:00 0 
7ff024021000-7ff028000000 ---p 00000000 00:00 0 
7ff028000000-7ff028021000 rw-p 00000000 00:00 0 
7ff028021000-7ff02c000000 ---p 00000000 00:00 0 
7ff02c05e000-7ff02c06e000 rw-s 1365ce000 00:05 7748                      /dev/dri/card0
7ff02c072000-7ff02c082000 rw-s 1365ba000 00:05 7748                      /dev/dri/card0
7ff02c083000-7ff02c093000 rw-s 136583000 00:05 7748                      /dev/dri/card0
7ff02c098000-7ff02c09b000 ---p 00000000 00:00 0 
7ff02c09b000-7ff02c199000 rw-p 00000000 00:00 0                          [stack:26264]
7ff02c199000-7ff02c1a2000 r--s 000b9000 08:11 2101259                    /usr/lib/jvm/java-7-openjdk-amd64/jre/lib/resources.jar
7ff02c1a8000-7ff02c1af000 r--s 00000000 08:11 2378357                    /usr/lib/x86_64-linux-gnu/gconv/gconv-modules.cache
7ff02c1b0000-7ff02c1b1000 r-xp 00000000 08:11 2104874                    /usr/lib/x86_64-linux-gnu/libgthread-2.0.so.0.4000.0
7ff02c1b1000-7ff02c3b0000 ---p 00001000 08:11 2104874                    /usr/lib/x86_64-linux-gnu/libgthread-2.0.so.0.4000.0
7ff02c3b0000-7ff02c3b1000 r--p 00000000 08:11 2104874                    /usr/lib/x86_64-linux-gnu/libgthread-2.0.so.0.4000.0
7ff02c3b1000-7ff02c3b2000 rw-p 00001000 08:11 2104874                    /usr/lib/x86_64-linux-gnu/libgthread-2.0.so.0.4000.0
7ff02c3b8000-7ff02c407000 r-xp 00000000 08:11 2102266                    /usr/lib/x86_64-linux-gnu/libgobject-2.0.so.0.4000.0
7ff02c407000-7ff02c607000 ---p 0004f000 08:11 2102266                    /usr/lib/x86_64-linux-gnu/libgobject-2.0.so.0.4000.0
7ff02c607000-7ff02c608000 r--p 0004f000 08:11 2102266                    /usr/lib/x86_64-linux-gnu/libgobject-2.0.so.0.4000.0
7ff02c608000-7ff02c609000 rw-p 00050000 08:11 2102266                    /usr/lib/x86_64-linux-gnu/libgobject-2.0.so.0.4000.0
7ff02c610000-7ff02c64a000 r-xp 00000000 08:11 2110693                    /usr/lib/x86_64-linux-gnu/libfontconfig.so.1.8.0
7ff02c64a000-7ff02c849000 ---p 0003a000 08:11 2110693                    /usr/lib/x86_64-linux-gnu/libfontconfig.so.1.8.0
7ff02c849000-7ff02c84b000 r--p 00039000 08:11 2110693                    /usr/lib/x86_64-linux-gnu/libfontconfig.so.1.8.0
7ff02c84b000-7ff02c84c000 rw-p 0003b000 08:11 2110693                    /usr/lib/x86_64-linux-gnu/libfontconfig.so.1.8.0
7ff02c850000-7ff02c89a000 r-xp 00000000 08:11 2107065                    /usr/lib/x86_64-linux-gnu/libpango-1.0.so.0.3600.3
7ff02c89a000-7ff02ca9a000 ---p 0004a000 08:11 2107065                    /usr/lib/x86_64-linux-gnu/libpango-1.0.so.0.3600.3
7ff02ca9a000-7ff02ca9c000 r--p 0004a000 08:11 2107065                    /usr/lib/x86_64-linux-gnu/libpango-1.0.so.0.3600.3
7ff02ca9c000-7ff02ca9d000 rw-p 0004c000 08:11 2107065                    /usr/lib/x86_64-linux-gnu/libpango-1.0.so.0.3600.3
7ff02caa0000-7ff02cabf000 r-xp 00000000 08:11 2111190                    /usr/lib/x86_64-linux-gnu/libgdk_pixbuf-2.0.so.0.3000.7
7ff02cabf000-7ff02ccbf000 ---p 0001f000 08:11 2111190                    /usr/lib/x86_64-linux-gnu/libgdk_pixbuf-2.0.so.0.3000.7
7ff02ccbf000-7ff02ccc0000 r--p 0001f000 08:11 2111190                    /usr/lib/x86_64-linux-gnu/libgdk_pixbuf-2.0.so.0.3000.7
7ff02ccc0000-7ff02ccc1000 rw-p 00020000 08:11 2111190                    /usr/lib/x86_64-linux-gnu/libgdk_pixbuf-2.0.so.0.3000.7
7ff02ccc8000-7ff02ce33000 r-xp 00000000 08:11 2102273                    /usr/lib/x86_64-linux-gnu/libgio-2.0.so.0.4000.0
7ff02ce33000-7ff02d033000 ---p 0016b000 08:11 2102273                    /usr/lib/x86_64-linux-gnu/libgio-2.0.so.0.4000.0
7ff02d033000-7ff02d037000 r--p 0016b000 08:11 2102273                    /usr/lib/x86_64-linux-gnu/libgio-2.0.so.0.4000.0
7ff02d037000-7ff02d039000 rw-p 0016f000 08:11 2102273                    /usr/lib/x86_64-linux-gnu/libgio-2.0.so.0.4000.0
7ff02d039000-7ff02d03b000 rw-p 00000000 00:00 0 
7ff02d040000-7ff02d0ed000 r-xp 00000000 08:11 2103777                    /usr/lib/x86_64-linux-gnu/libgdk-x11-2.0.so.0.2400.23
7ff02d0ed000-7ff02d2ec000 ---p 000ad000 08:11 2103777                    /usr/lib/x86_64-linux-gnu/libgdk-x11-2.0.so.0.2400.23
7ff02d2ec000-7ff02d2f0000 r--p 000ac000 08:11 2103777                    /usr/lib/x86_64-linux-gnu/libgdk-x11-2.0.so.0.2400.23
7ff02d2f0000-7ff02d2f2000 rw-p 000b0000 08:11 2103777                    /usr/lib/x86_64-linux-gnu/libgdk-x11-2.0.so.0.2400.23
7ff02d2f8000-7ff02d727000 r-xp 00000000 08:11 2103775                    /usr/lib/x86_64-linux-gnu/libgtk-x11-2.0.so.0.2400.23
7ff02d727000-7ff02d926000 ---p 0042f000 08:11 2103775                    /usr/lib/x86_64-linux-gnu/libgtk-x11-2.0.so.0.2400.23
7ff02d926000-7ff02d92d000 r--p 0042e000 08:11 2103775                    /usr/lib/x86_64-linux-gnu/libgtk-x11-2.0.so.0.2400.23
7ff02d92d000-7ff02d931000 rw-p 00435000 08:11 2103775                    /usr/lib/x86_64-linux-gnu/libgtk-x11-2.0.so.0.2400.23
7ff02d931000-7ff02d934000 rw-p 00000000 00:00 0 
7ff02d938000-7ff02d947000 r-xp 00000000 08:11 2106400                    /usr/lib/x86_64-linux-gnu/libXi.so.6.1.0
7ff02d947000-7ff02db46000 ---p 0000f000 08:11 2106400                    /usr/lib/x86_64-linux-gnu/libXi.so.6.1.0
7ff02db46000-7ff02db47000 r--p 0000e000 08:11 2106400                    /usr/lib/x86_64-linux-gnu/libXi.so.6.1.0
7ff02db47000-7ff02db48000 rw-p 0000f000 08:11 2106400                    /usr/lib/x86_64-linux-gnu/libXi.so.6.1.0
7ff02db48000-7ff02db4d000 r-xp 00000000 08:11 2106418                    /usr/lib/x86_64-linux-gnu/libXtst.so.6.1.0
7ff02db4d000-7ff02dd4c000 ---p 00005000 08:11 2106418                    /usr/lib/x86_64-linux-gnu/libXtst.so.6.1.0
7ff02dd4c000-7ff02dd4d000 r--p 00004000 08:11 2106418                    /usr/lib/x86_64-linux-gnu/libXtst.so.6.1.0
7ff02dd4d000-7ff02dd4e000 rw-p 00005000 08:11 2106418                    /usr/lib/x86_64-linux-gnu/libXtst.so.6.1.0
7ff02dd50000-7ff02dd59000 r-xp 00000000 08:11 2106414                    /usr/lib/x86_64-linux-gnu/libXrender.so.1.3.0
7ff02dd59000-7ff02df58000 ---p 00009000 08:11 2106414                    /usr/lib/x86_64-linux-gnu/libXrender.so.1.3.0
7ff02df58000-7ff02df59000 r--p 00008000 08:11 2106414                    /usr/lib/x86_64-linux-gnu/libXrender.so.1.3.0
7ff02df59000-7ff02df5a000 rw-p 00009000 08:11 2106414                    /usr/lib/x86_64-linux-gnu/libXrender.so.1.3.0
7ff02df60000-7ff02e090000 r-xp 00000000 08:11 2114724                    /usr/lib/x86_64-linux-gnu/libX11.so.6.3.0
7ff02e090000-7ff02e290000 ---p 00130000 08:11 2114724                    /usr/lib/x86_64-linux-gnu/libX11.so.6.3.0
7ff02e290000-7ff02e291000 r--p 00130000 08:11 2114724                    /usr/lib/x86_64-linux-gnu/libX11.so.6.3.0
7ff02e291000-7ff02e295000 rw-p 00131000 08:11 2114724                    /usr/lib/x86_64-linux-gnu/libX11.so.6.3.0
7ff02e298000-7ff02e2a9000 r-xp 00000000 08:11 2106392                    /usr/lib/x86_64-linux-gnu/libXext.so.6.4.0
7ff02e2a9000-7ff02e4a8000 ---p 00011000 08:11 2106392                    /usr/lib/x86_64-linux-gnu/libXext.so.6.4.0
7ff02e4a8000-7ff02e4a9000 r--p 00010000 08:11 2106392                    /usr/lib/x86_64-linux-gnu/libXext.so.6.4.0
7ff02e4a9000-7ff02e4aa000 rw-p 00011000 08:11 2106392                    /usr/lib/x86_64-linux-gnu/libXext.so.6.4.0
7ff02e4b0000-7ff02e4d6000 r--p 00000000 08:11 2626341                    /usr/share/locale-langpack/es/LC_MESSAGES/libc.mo
7ff02e4d8000-7ff02e529000 r-xp 00000000 08:11 2100791                    /usr/lib/jvm/java-7-openjdk-amd64/jre/lib/amd64/xawt/libmawt.so
7ff02e529000-7ff02e728000 ---p 00051000 08:11 2100791                    /usr/lib/jvm/java-7-openjdk-amd64/jre/lib/amd64/xawt/libmawt.so
7ff02e728000-7ff02e729000 r--p 00050000 08:11 2100791                    /usr/lib/jvm/java-7-openjdk-amd64/jre/lib/amd64/xawt/libmawt.so
7ff02e729000-7ff02e72c000 rw-p 00051000 08:11 2100791                    /usr/lib/jvm/java-7-openjdk-amd64/jre/lib/amd64/xawt/libmawt.so
7ff02e72c000-7ff02e72d000 rw-p 00000000 00:00 0 
7ff02e730000-7ff02e7d0000 r-xp 00000000 08:11 2101624                    /usr/lib/jvm/java-7-openjdk-amd64/jre/lib/amd64/libawt.so
7ff02e7d0000-7ff02e9cf000 ---p 000a0000 08:11 2101624                    /usr/lib/jvm/java-7-openjdk-amd64/jre/lib/amd64/libawt.so
7ff02e9cf000-7ff02e9d0000 r--p 0009f000 08:11 2101624                    /usr/lib/jvm/java-7-openjdk-amd64/jre/lib/amd64/libawt.so
7ff02e9d0000-7ff02e9db000 rw-p 000a0000 08:11 2101624                    /usr/lib/jvm/java-7-openjdk-amd64/jre/lib/amd64/libawt.so
7ff02e9db000-7ff02ea00000 rw-p 00000000 00:00 0 
7ff02ea03000-7ff02ea0e000 r--s 00203000 08:11 2100894                    /usr/lib/jvm/java-7-openjdk-amd64/jre/lib/charsets.jar
7ff02ea0f000-7ff02ea12000 r--s 00017000 08:11 2100901                    /usr/lib/jvm/java-7-openjdk-amd64/jre/lib/jce.jar
7ff02ea14000-7ff02ea19000 r--s 0004c000 08:11 2101274                    /usr/lib/jvm/java-7-openjdk-amd64/jre/lib/jsse.jar
7ff02ea20000-7ff02ea2b000 r--s 00110000 08:15 22151908                   /home/mau/.netbeans/8.0/jogl-runtime/jogl.jar
7ff02ea2b000-7ff02ea2c000 ---p 00000000 00:00 0 
7ff02ea2c000-7ff02eb2c000 rw-p 00000000 00:00 0                          [stack:26263]
7ff02eb2c000-7ff02eb2f000 ---p 00000000 00:00 0 
7ff02eb2f000-7ff02ec2d000 rw-p 00000000 00:00 0                          [stack:26262]
7ff02ec2d000-7ff02ec30000 ---p 00000000 00:00 0 
7ff02ec30000-7ff02ed2e000 rw-p 00000000 00:00 0                          [stack:26261]
7ff02ed2e000-7ff02ed31000 ---p 00000000 00:00 0 
7ff02ed31000-7ff02ee2f000 rw-p 00000000 00:00 0                          [stack:26260]
7ff02ee2f000-7ff02ee32000 ---p 00000000 00:00 0 
7ff02ee32000-7ff02ef30000 rw-p 00000000 00:00 0                          [stack:26259]
7ff02ef30000-7ff02fbf8000 r--p 00000000 08:11 2114398                    /usr/lib/locale/locale-archive
7ff02fbfc000-7ff02fbff000 ---p 00000000 00:00 0 
7ff02fbff000-7ff02fcfd000 rw-p 00000000 00:00 0                          [stack:26258]
7ff02fcfd000-7ff02fd00000 ---p 00000000 00:00 0 
7ff02fd00000-7ff02fdfe000 rw-p 00000000 00:00 0                          [stack:26257]
7ff02fdfe000-7ff02fdff000 ---p 00000000 00:00 0 
7ff02fdff000-7ff030000000 rw-p 00000000 00:00 0                          [stack:26256]
7ff030000000-7ff030021000 rw-p 00000000 00:00 0 
7ff030021000-7ff034000000 ---p 00000000 00:00 0 
7ff034000000-7ff034021000 rw-p 00000000 00:00 0 
7ff034021000-7ff038000000 ---p 00000000 00:00 0 
7ff038000000-7ff038021000 rw-p 00000000 00:00 0 
7ff038021000-7ff03c000000 ---p 00000000 00:00 0 
7ff03c004000-7ff03c006000 r--s 00004000 08:15 22151874                   /home/mau/.netbeans/8.0/gluegen-runtime/gluegen-rt.jar
7ff03c00b000-7ff03c00f000 r--s 0003b000 08:11 2101256                    /usr/lib/jvm/java-7-openjdk-amd64/jre/lib/ext/sunpkcs11.jar
7ff03c015000-7ff03c019000 r--s 00085000 08:11 2101255                    /usr/lib/jvm/java-7-openjdk-amd64/jre/lib/ext/localedata.jar
7ff03c01f000-7ff03c022000 r--s 0000f000 08:11 2101243                    /usr/lib/jvm/java-7-openjdk-amd64/jre/lib/ext/pulse-java.jar
7ff03c022000-7ff03c024000 r--s 00012000 08:11 2101244                    /usr/lib/jvm/java-7-openjdk-amd64/jre/lib/ext/zipfs.jar
7ff03c02b000-7ff03d000000 rw-p 00000000 00:00 0 
7ff03d000000-7ff03d270000 rwxp 00000000 00:00 0 
7ff03d270000-7ff0409c4000 rw-p 00000000 00:00 0 
7ff0409c4000-7ff044000000 ---p 00000000 00:00 0 
7ff044002000-7ff044003000 r--s 00002000 08:11 2101257                    /usr/lib/jvm/java-7-openjdk-amd64/jre/lib/ext/dnsns.jar
7ff04400a000-7ff04400d000 r--s 00032000 08:11 2101249                    /usr/lib/jvm/java-7-openjdk-amd64/jre/lib/ext/sunjce_provider.jar
7ff04400e000-7ff044010000 r--s 00006000 08:11 2493966                    /usr/share/java/java-atk-wrapper.jar
7ff044015000-7ff044bcc000 rw-p 00000000 00:00 0 
7ff044bcc000-7ff044d7a000 r--s 01cfc000 08:11 2100893                    /usr/lib/jvm/java-7-openjdk-amd64/jre/lib/rt.jar
7ff044d7f000-7ff0452a5000 rw-p 00000000 00:00 0 
7ff0452a5000-7ff0452a6000 ---p 00000000 00:00 0 
7ff0452a6000-7ff0453a6000 rw-p 00000000 00:00 0                          [stack:26255]
7ff0453a6000-7ff0453a7000 ---p 00000000 00:00 0 
7ff0453a7000-7ff0454a7000 rw-p 00000000 00:00 0                          [stack:26254]
7ff0454a7000-7ff0454a8000 ---p 00000000 00:00 0 
7ff0454a8000-7ff0455a8000 rw-p 00000000 00:00 0                          [stack:26253]
7ff0455a8000-7ff0455a9000 ---p 00000000 00:00 0 
7ff0455a9000-7ff0456a9000 rw-p 00000000 00:00 0                          [stack:26252]
7ff0456a9000-7ff0456aa000 ---p 00000000 00:00 0 
7ff0456aa000-7ff0457aa000 rw-p 00000000 00:00 0                          [stack:26251]
7ff0457aa000-7ff0457ab000 ---p 00000000 00:00 0 
7ff0457ab000-7ff0458ab000 rw-p 00000000 00:00 0                          [stack:26250]
7ff0458ab000-7ff0458ac000 ---p 00000000 00:00 0 
7ff0458ac000-7ff0459ac000 rw-p 00000000 00:00 0                          [stack:26249]
7ff0459ac000-7ff0459ad000 ---p 00000000 00:00 0 
7ff0459ad000-7ff045ab8000 rw-p 00000000 00:00 0                          [stack:26248]
7ff045ab8000-7ff045b00000 rw-p 00000000 00:00 0 
7ff045b00000-7ff045b29000 rw-p 00000000 00:00 0 
7ff045b29000-7ff045d92000 rw-p 00000000 00:00 0 
7ff045d92000-7ff045d9d000 rw-p 00000000 00:00 0 
7ff045d9d000-7ff045de5000 rw-p 00000000 00:00 0 
7ff045de5000-7ff045e0e000 rw-p 00000000 00:00 0 
7ff045e0e000-7ff046076000 rw-p 00000000 00:00 0 
7ff046076000-7ff04608b000 rw-p 00000000 00:00 0 
7ff04608b000-7ff0461bf000 rw-p 00000000 00:00 0 
7ff0461bf000-7ff0461c0000 rw-p 00000000 00:00 0 
7ff0461c0000-7ff0461c8000 r-xp 00000000 08:11 2101490                    /usr/lib/jvm/java-7-openjdk-amd64/jre/lib/amd64/libzip.so
7ff0461c8000-7ff0463c7000 ---p 00008000 08:11 2101490                    /usr/lib/jvm/java-7-openjdk-amd64/jre/lib/amd64/libzip.so
7ff0463c7000-7ff0463c8000 r--p 00007000 08:11 2101490                    /usr/lib/jvm/java-7-openjdk-amd64/jre/lib/amd64/libzip.so
7ff0463c8000-7ff0463c9000 rw-p 00008000 08:11 2101490                    /usr/lib/jvm/java-7-openjdk-amd64/jre/lib/amd64/libzip.so
7ff0463d0000-7ff0463db000 r-xp 00000000 08:11 398211                     /lib/x86_64-linux-gnu/libnss_files-2.19.so
7ff0463db000-7ff0465da000 ---p 0000b000 08:11 398211                     /lib/x86_64-linux-gnu/libnss_files-2.19.so
7ff0465da000-7ff0465db000 r--p 0000a000 08:11 398211                     /lib/x86_64-linux-gnu/libnss_files-2.19.so
7ff0465db000-7ff0465dc000 rw-p 0000b000 08:11 398211                     /lib/x86_64-linux-gnu/libnss_files-2.19.so
7ff0465e0000-7ff0465eb000 r-xp 00000000 08:11 398225                     /lib/x86_64-linux-gnu/libnss_nis-2.19.so
7ff0465eb000-7ff0467ea000 ---p 0000b000 08:11 398225                     /lib/x86_64-linux-gnu/libnss_nis-2.19.so
7ff0467ea000-7ff0467eb000 r--p 0000a000 08:11 398225                     /lib/x86_64-linux-gnu/libnss_nis-2.19.so
7ff0467eb000-7ff0467ec000 rw-p 0000b000 08:11 398225                     /lib/x86_64-linux-gnu/libnss_nis-2.19.so
7ff0467f0000-7ff046807000 r-xp 00000000 08:11 398219                     /lib/x86_64-linux-gnu/libnsl-2.19.so
7ff046807000-7ff046a06000 ---p 00017000 08:11 398219                     /lib/x86_64-linux-gnu/libnsl-2.19.so
7ff046a06000-7ff046a07000 r--p 00016000 08:11 398219                     /lib/x86_64-linux-gnu/libnsl-2.19.so
7ff046a07000-7ff046a08000 rw-p 00017000 08:11 398219                     /lib/x86_64-linux-gnu/libnsl-2.19.so
7ff046a08000-7ff046a0a000 rw-p 00000000 00:00 0 
7ff046a10000-7ff046a19000 r-xp 00000000 08:11 398227                     /lib/x86_64-linux-gnu/libnss_compat-2.19.so
7ff046a19000-7ff046c18000 ---p 00009000 08:11 398227                     /lib/x86_64-linux-gnu/libnss_compat-2.19.so
7ff046c18000-7ff046c19000 r--p 00008000 08:11 398227                     /lib/x86_64-linux-gnu/libnss_compat-2.19.so
7ff046c19000-7ff046c1a000 rw-p 00009000 08:11 398227                     /lib/x86_64-linux-gnu/libnss_compat-2.19.so
7ff046c20000-7ff046c4b000 r-xp 00000000 08:11 2101447                    /usr/lib/jvm/java-7-openjdk-amd64/jre/lib/amd64/libjava.so
7ff046c4b000-7ff046e4a000 ---p 0002b000 08:11 2101447                    /usr/lib/jvm/java-7-openjdk-amd64/jre/lib/amd64/libjava.so
7ff046e4a000-7ff046e4b000 r--p 0002a000 08:11 2101447                    /usr/lib/jvm/java-7-openjdk-amd64/jre/lib/amd64/libjava.so
7ff046e4b000-7ff046e4d000 rw-p 0002b000 08:11 2101447                    /usr/lib/jvm/java-7-openjdk-amd64/jre/lib/amd64/libjava.so
7ff046e50000-7ff046e60000 r-xp 00000000 08:11 2101668                    /usr/lib/jvm/java-7-openjdk-amd64/jre/lib/amd64/libverify.so
7ff046e60000-7ff04705f000 ---p 00010000 08:11 2101668                    /usr/lib/jvm/java-7-openjdk-amd64/jre/lib/amd64/libverify.so
7ff04705f000-7ff047061000 r--p 0000f000 08:11 2101668                    /usr/lib/jvm/java-7-openjdk-amd64/jre/lib/amd64/libverify.so
7ff047061000-7ff047062000 rw-p 00011000 08:11 2101668                    /usr/lib/jvm/java-7-openjdk-amd64/jre/lib/amd64/libverify.so
7ff047068000-7ff04706f000 r-xp 00000000 08:11 398331                     /lib/x86_64-linux-gnu/librt-2.19.so
7ff04706f000-7ff04726e000 ---p 00007000 08:11 398331                     /lib/x86_64-linux-gnu/librt-2.19.so
7ff04726e000-7ff04726f000 r--p 00006000 08:11 398331                     /lib/x86_64-linux-gnu/librt-2.19.so
7ff04726f000-7ff047270000 rw-p 00007000 08:11 398331                     /lib/x86_64-linux-gnu/librt-2.19.so
7ff047270000-7ff047286000 r-xp 00000000 08:11 397319                     /lib/x86_64-linux-gnu/libgcc_s.so.1
7ff047286000-7ff047485000 ---p 00016000 08:11 397319                     /lib/x86_64-linux-gnu/libgcc_s.so.1
7ff047485000-7ff047486000 rw-p 00015000 08:11 397319                     /lib/x86_64-linux-gnu/libgcc_s.so.1
7ff047488000-7ff04758d000 r-xp 00000000 08:11 398213                     /lib/x86_64-linux-gnu/libm-2.19.so
7ff04758d000-7ff04778c000 ---p 00105000 08:11 398213                     /lib/x86_64-linux-gnu/libm-2.19.so
7ff04778c000-7ff04778d000 r--p 00104000 08:11 398213                     /lib/x86_64-linux-gnu/libm-2.19.so
7ff04778d000-7ff04778e000 rw-p 00105000 08:11 398213                     /lib/x86_64-linux-gnu/libm-2.19.so
7ff047790000-7ff047876000 r-xp 00000000 08:11 2097498                    /usr/lib/x86_64-linux-gnu/libstdc++.so.6.0.19
7ff047876000-7ff047a75000 ---p 000e6000 08:11 2097498                    /usr/lib/x86_64-linux-gnu/libstdc++.so.6.0.19
7ff047a75000-7ff047a7d000 r--p 000e5000 08:11 2097498                    /usr/lib/x86_64-linux-gnu/libstdc++.so.6.0.19
7ff047a7d000-7ff047a7f000 rw-p 000ed000 08:11 2097498                    /usr/lib/x86_64-linux-gnu/libstdc++.so.6.0.19
7ff047a7f000-7ff047a94000 rw-p 00000000 00:00 0 
7ff047a98000-7ff048579000 r-xp 00000000 08:11 2101544                    /usr/lib/jvm/java-7-openjdk-amd64/jre/lib/amd64/server/libjvm.so
7ff048579000-7ff048778000 ---p 00ae1000 08:11 2101544                    /usr/lib/jvm/java-7-openjdk-amd64/jre/lib/amd64/server/libjvm.so
7ff048778000-7ff04880a000 r--p 00ae0000 08:11 2101544                    /usr/lib/jvm/java-7-openjdk-amd64/jre/lib/amd64/server/libjvm.so
7ff04880a000-7ff04882d000 rw-p 00b72000 08:11 2101544                    /usr/lib/jvm/java-7-openjdk-amd64/jre/lib/amd64/server/libjvm.so
7ff04882d000-7ff04885a000 rw-p 00000000 00:00 0 
7ff048860000-7ff048878000 r-xp 00000000 08:11 397499                     /lib/x86_64-linux-gnu/libz.so.1.2.8
7ff048878000-7ff048a77000 ---p 00018000 08:11 397499                     /lib/x86_64-linux-gnu/libz.so.1.2.8
7ff048a77000-7ff048a78000 r--p 00017000 08:11 397499                     /lib/x86_64-linux-gnu/libz.so.1.2.8
7ff048a78000-7ff048a79000 rw-p 00018000 08:11 397499                     /lib/x86_64-linux-gnu/libz.so.1.2.8
7ff048a80000-7ff048a99000 r-xp 00000000 08:11 398261                     /lib/x86_64-linux-gnu/libpthread-2.19.so
7ff048a99000-7ff048c98000 ---p 00019000 08:11 398261                     /lib/x86_64-linux-gnu/libpthread-2.19.so
7ff048c98000-7ff048c99000 r--p 00018000 08:11 398261                     /lib/x86_64-linux-gnu/libpthread-2.19.so
7ff048c99000-7ff048c9a000 rw-p 00019000 08:11 398261                     /lib/x86_64-linux-gnu/libpthread-2.19.so
7ff048c9a000-7ff048c9e000 rw-p 00000000 00:00 0 
7ff048ca0000-7ff048ca3000 r-xp 00000000 08:11 398233                     /lib/x86_64-linux-gnu/libdl-2.19.so
7ff048ca3000-7ff048ea2000 ---p 00003000 08:11 398233                     /lib/x86_64-linux-gnu/libdl-2.19.so
7ff048ea2000-7ff048ea3000 r--p 00002000 08:11 398233                     /lib/x86_64-linux-gnu/libdl-2.19.so
7ff048ea3000-7ff048ea4000 rw-p 00003000 08:11 398233                     /lib/x86_64-linux-gnu/libdl-2.19.so
7ff048ea8000-7ff049064000 r-xp 00000000 08:11 398207                     /lib/x86_64-linux-gnu/libc-2.19.so
7ff049064000-7ff049263000 ---p 001bc000 08:11 398207                     /lib/x86_64-linux-gnu/libc-2.19.so
7ff049263000-7ff049267000 r--p 001bb000 08:11 398207                     /lib/x86_64-linux-gnu/libc-2.19.so
7ff049267000-7ff049269000 rw-p 001bf000 08:11 398207                     /lib/x86_64-linux-gnu/libc-2.19.so
7ff049269000-7ff04926e000 rw-p 00000000 00:00 0 
7ff049270000-7ff04927d000 r-xp 00000000 08:11 2101622                    /usr/lib/jvm/java-7-openjdk-amd64/jre/lib/amd64/jli/libjli.so
7ff04927d000-7ff04947c000 ---p 0000d000 08:11 2101622                    /usr/lib/jvm/java-7-openjdk-amd64/jre/lib/amd64/jli/libjli.so
7ff04947c000-7ff04947d000 r--p 0000c000 08:11 2101622                    /usr/lib/jvm/java-7-openjdk-amd64/jre/lib/amd64/jli/libjli.so
7ff04947d000-7ff04947e000 rw-p 0000d000 08:11 2101622                    /usr/lib/jvm/java-7-openjdk-amd64/jre/lib/amd64/jli/libjli.so
7ff049480000-7ff0494a3000 r-xp 00000000 08:11 398205                     /lib/x86_64-linux-gnu/ld-2.19.so
7ff0494a5000-7ff0494da000 rw-p 00000000 00:00 0 
7ff0494da000-7ff049590000 rw-p 00000000 00:00 0 
7ff049590000-7ff049598000 rw-s 00000000 08:11 1966190                    /tmp/hsperfdata_mau/26242
7ff049598000-7ff049599000 rwxp 00000000 00:00 0 
7ff049599000-7ff04959a000 rw-p 00000000 00:00 0 
7ff04959a000-7ff04959b000 r--p 00000000 00:00 0 
7ff04959b000-7ff04959e000 ---p 00000000 00:00 0 
7ff04959e000-7ff0496a2000 rw-p 00000000 00:00 0                          [stack:26247]
7ff0496a2000-7ff0496a3000 r--p 00022000 08:11 398205                     /lib/x86_64-linux-gnu/ld-2.19.so
7ff0496a3000-7ff0496a4000 rw-p 00023000 08:11 398205                     /lib/x86_64-linux-gnu/ld-2.19.so
7ff0496a4000-7ff0496a6000 rw-p 00000000 00:00 0 
7fff3684f000-7fff36870000 rw-p 00000000 00:00 0                          [stack]
7fff36928000-7fff3692a000 r-xp 00000000 00:00 0                          [vdso]
ffffffffff600000-ffffffffff601000 r-xp 00000000 00:00 0                  [vsyscall]

VM Arguments:
jvm_args: -Dfile.encoding=UTF-8 -Djava.library.path=/home/mau/.netbeans/8.0/jogl-runtime/jogl.jar-natives-linux-amd64:/home/mau/.netbeans/8.0/gluegen-runtime/gluegen-rt.jar-natives-linux-amd64 
java_command: examen2.AntialiasedLines
Launcher Type: SUN_STANDARD

Environment Variables:
PATH=/usr/local/sbin:/usr/local/bin:/usr/sbin:/usr/bin:/sbin:/bin:/usr/games:/usr/local/games
LD_LIBRARY_PATH=/usr/lib/jvm/default-java/jre/lib/amd64:/usr/lib/jvm/default-java/jre/lib/i386:
SHELL=/bin/bash
DISPLAY=:0

Signal Handlers:
SIGSEGV: [libjvm.so+0x918620], sa_mask[0]=0x7ffbfeff, sa_flags=0x10000004
SIGBUS: [libjvm.so+0x918620], sa_mask[0]=0x7ffbfeff, sa_flags=0x10000004
SIGFPE: [libjvm.so+0x795e30], sa_mask[0]=0x7ffbfeff, sa_flags=0x10000004
SIGPIPE: [libjvm.so+0x795e30], sa_mask[0]=0x7ffbfeff, sa_flags=0x10000004
SIGXFSZ: [libjvm.so+0x795e30], sa_mask[0]=0x7ffbfeff, sa_flags=0x10000004
SIGILL: [libjvm.so+0x795e30], sa_mask[0]=0x7ffbfeff, sa_flags=0x10000004
SIGUSR1: SIG_DFL, sa_mask[0]=0x00000000, sa_flags=0x00000000
SIGUSR2: [libjvm.so+0x795cd0], sa_mask[0]=0x00000004, sa_flags=0x10000004
SIGHUP: [libjvm.so+0x795eb0], sa_mask[0]=0x7ffbfeff, sa_flags=0x10000004
SIGINT: SIG_IGN, sa_mask[0]=0x00000000, sa_flags=0x00000000
SIGTERM: [libjvm.so+0x795eb0], sa_mask[0]=0x7ffbfeff, sa_flags=0x10000004
SIGQUIT: [libjvm.so+0x795eb0], sa_mask[0]=0x7ffbfeff, sa_flags=0x10000004


---------------  S Y S T E M  ---------------

OS:Ubuntu 14.04 (trusty)
uname:Linux 3.13.0-27-generic #50-Ubuntu SMP Thu May 15 18:06:16 UTC 2014 x86_64
libc:glibc 2.19 NPTL 2.19 
rlimit: STACK 8192k, CORE 0k, NPROC 62405, NOFILE 4096, AS infinity
load average:0.38 0.26 0.30

/proc/meminfo:
MemTotal:        8075356 kB
MemFree:          406760 kB
Buffers:          327996 kB
Cached:          2881476 kB
SwapCached:         2776 kB
Active:          4595112 kB
Inactive:        2465644 kB
Active(anon):    3022672 kB
Inactive(anon):   960240 kB
Active(file):    1572440 kB
Inactive(file):  1505404 kB
Unevictable:          52 kB
Mlocked:              52 kB
SwapTotal:       1951740 kB
SwapFree:        1945992 kB
Dirty:               264 kB
Writeback:             0 kB
AnonPages:       3848824 kB
Mapped:           308948 kB
Shmem:            131628 kB
Slab:             305644 kB
SReclaimable:     254548 kB
SUnreclaim:        51096 kB
KernelStack:        6488 kB
PageTables:        62100 kB
NFS_Unstable:          0 kB
Bounce:                0 kB
WritebackTmp:          0 kB
CommitLimit:     5989416 kB
Committed_AS:    9991896 kB
VmallocTotal:   34359738367 kB
VmallocUsed:      296912 kB
VmallocChunk:   34359344244 kB
HardwareCorrupted:     0 kB
AnonHugePages:   2058240 kB
HugePages_Total:       0
HugePages_Free:        0
HugePages_Rsvd:        0
HugePages_Surp:        0
Hugepagesize:       2048 kB
DirectMap4k:       72628 kB
DirectMap2M:     4020224 kB
DirectMap1G:     4194304 kB


CPU:total 8 (8 cores per cpu, 1 threads per core) family 21 model 2 stepping 0, cmov, cx8, fxsr, mmx, sse, sse2, sse3, ssse3, sse4.1, sse4.2, popcnt, avx, aes, mmxext, 3dnowpref, lzcnt, sse4a, tsc, tscinvbit, tscinv

/proc/cpuinfo:
processor	: 0
vendor_id	: AuthenticAMD
cpu family	: 21
model		: 2
model name	: AMD FX(tm)-8350 Eight-Core Processor
stepping	: 0
microcode	: 0x6000817
cpu MHz		: 4334.505
cache size	: 2048 KB
physical id	: 0
siblings	: 8
core id		: 0
cpu cores	: 4
apicid		: 16
initial apicid	: 0
fpu		: yes
fpu_exception	: yes
cpuid level	: 13
wp		: yes
flags		: fpu vme de pse tsc msr pae mce cx8 apic sep mtrr pge mca cmov pat pse36 clflush mmx fxsr sse sse2 ht syscall nx mmxext fxsr_opt pdpe1gb rdtscp lm constant_tsc rep_good nopl nonstop_tsc extd_apicid aperfmperf pni pclmulqdq monitor ssse3 fma cx16 sse4_1 sse4_2 popcnt aes xsave avx f16c lahf_lm cmp_legacy svm extapic cr8_legacy abm sse4a misalignsse 3dnowprefetch osvw ibs xop skinit wdt lwp fma4 tce nodeid_msr tbm topoext perfctr_core perfctr_nb arat cpb hw_pstate npt lbrv svm_lock nrip_save tsc_scale vmcb_clean flushbyasid decodeassists pausefilter pfthreshold bmi1
bogomips	: 8669.01
TLB size	: 1536 4K pages
clflush size	: 64
cache_alignment	: 64
address sizes	: 48 bits physical, 48 bits virtual
power management: ts ttp tm 100mhzsteps hwpstate cpb eff_freq_ro

processor	: 1
vendor_id	: AuthenticAMD
cpu family	: 21
model		: 2
model name	: AMD FX(tm)-8350 Eight-Core Processor           
stepping	: 0
microcode	: 0x6000817
cpu MHz		: 4334.505
cache size	: 2048 KB
physical id	: 0
siblings	: 8
core id		: 1
cpu cores	: 4
apicid		: 17
initial apicid	: 1
fpu		: yes
fpu_exception	: yes
cpuid level	: 13
wp		: yes
flags		: fpu vme de pse tsc msr pae mce cx8 apic sep mtrr pge mca cmov pat pse36 clflush mmx fxsr sse sse2 ht syscall nx mmxext fxsr_opt pdpe1gb rdtscp lm constant_tsc rep_good nopl nonstop_tsc extd_apicid aperfmperf pni pclmulqdq monitor ssse3 fma cx16 sse4_1 sse4_2 popcnt aes xsave avx f16c lahf_lm cmp_legacy svm extapic cr8_legacy abm sse4a misalignsse 3dnowprefetch osvw ibs xop skinit wdt lwp fma4 tce nodeid_msr tbm topoext perfctr_core perfctr_nb arat cpb hw_pstate npt lbrv svm_lock nrip_save tsc_scale vmcb_clean flushbyasid decodeassists pausefilter pfthreshold bmi1
bogomips	: 8669.01
TLB size	: 1536 4K pages
clflush size	: 64
cache_alignment	: 64
address sizes	: 48 bits physical, 48 bits virtual
power management: ts ttp tm 100mhzsteps hwpstate cpb eff_freq_ro

processor	: 2
vendor_id	: AuthenticAMD
cpu family	: 21
model		: 2
model name	: AMD FX(tm)-8350 Eight-Core Processor           
stepping	: 0
microcode	: 0x6000817
cpu MHz		: 4334.505
cache size	: 2048 KB
physical id	: 0
siblings	: 8
core id		: 2
cpu cores	: 4
apicid		: 18
initial apicid	: 2
fpu		: yes
fpu_exception	: yes
cpuid level	: 13
wp		: yes
flags		: fpu vme de pse tsc msr pae mce cx8 apic sep mtrr pge mca cmov pat pse36 clflush mmx fxsr sse sse2 ht syscall nx mmxext fxsr_opt pdpe1gb rdtscp lm constant_tsc rep_good nopl nonstop_tsc extd_apicid aperfmperf pni pclmulqdq monitor ssse3 fma cx16 sse4_1 sse4_2 popcnt aes xsave avx f16c lahf_lm cmp_legacy svm extapic cr8_legacy abm sse4a misalignsse 3dnowprefetch osvw ibs xop skinit wdt lwp fma4 tce nodeid_msr tbm topoext perfctr_core perfctr_nb arat cpb hw_pstate npt lbrv svm_lock nrip_save tsc_scale vmcb_clean flushbyasid decodeassists pausefilter pfthreshold bmi1
bogomips	: 8669.01
TLB size	: 1536 4K pages
clflush size	: 64
cache_alignment	: 64
address sizes	: 48 bits physical, 48 bits virtual
power management: ts ttp tm 100mhzsteps hwpstate cpb eff_freq_ro

processor	: 3
vendor_id	: AuthenticAMD
cpu family	: 21
model		: 2
model name	: AMD FX(tm)-8350 Eight-Core Processor           
stepping	: 0
microcode	: 0x6000817
cpu MHz		: 4334.505
cache size	: 2048 KB
physical id	: 0
siblings	: 8
core id		: 3
cpu cores	: 4
apicid		: 19
initial apicid	: 3
fpu		: yes
fpu_exception	: yes
cpuid level	: 13
wp		: yes
flags		: fpu vme de pse tsc msr pae mce cx8 apic sep mtrr pge mca cmov pat pse36 clflush mmx fxsr sse sse2 ht syscall nx mmxext fxsr_opt pdpe1gb rdtscp lm constant_tsc rep_good nopl nonstop_tsc extd_apicid aperfmperf pni pclmulqdq monitor ssse3 fma cx16 sse4_1 sse4_2 popcnt aes xsave avx f16c lahf_lm cmp_legacy svm extapic cr8_legacy abm sse4a misalignsse 3dnowprefetch osvw ibs xop skinit wdt lwp fma4 tce nodeid_msr tbm topoext perfctr_core perfctr_nb arat cpb hw_pstate npt lbrv svm_lock nrip_save tsc_scale vmcb_clean flushbyasid decodeassists pausefilter pfthreshold bmi1
bogomips	: 8669.01
TLB size	: 1536 4K pages
clflush size	: 64
cache_alignment	: 64
address sizes	: 48 bits physical, 48 bits virtual
power management: ts ttp tm 100mhzsteps hwpstate cpb eff_freq_ro

processor	: 4
vendor_id	: AuthenticAMD
cpu family	: 21
model		: 2
model name	: AMD FX(tm)-8350 Eight-Core Processor           
stepping	: 0
microcode	: 0x6000817
cpu MHz		: 4334.505
cache size	: 2048 KB
physical id	: 0
siblings	: 8
core id		: 4
cpu cores	: 4
apicid		: 20
initial apicid	: 4
fpu		: yes
fpu_exception	: yes
cpuid level	: 13
wp		: yes
flags		: fpu vme de pse tsc msr pae mce cx8 apic sep mtrr pge mca cmov pat pse36 clflush mmx fxsr sse sse2 ht syscall nx mmxext fxsr_opt pdpe1gb rdtscp lm constant_tsc rep_good nopl nonstop_tsc extd_apicid aperfmperf pni pclmulqdq monitor ssse3 fma cx16 sse4_1 sse4_2 popcnt aes xsave avx f16c lahf_lm cmp_legacy svm extapic cr8_legacy abm sse4a misalignsse 3dnowprefetch osvw ibs xop skinit wdt lwp fma4 tce nodeid_msr tbm topoext perfctr_core perfctr_nb arat cpb hw_pstate npt lbrv svm_lock nrip_save tsc_scale vmcb_clean flushbyasid decodeassists pausefilter pfthreshold bmi1
bogomips	: 8669.01
TLB size	: 1536 4K pages
clflush size	: 64
cache_alignment	: 64
address sizes	: 48 bits physical, 48 bits virtual
power management: ts ttp tm 100mhzsteps hwpstate cpb eff_freq_ro

processor	: 5
vendor_id	: AuthenticAMD
cpu family	: 21
model		: 2
model name	: AMD FX(tm)-8350 Eight-Core Processor           
stepping	: 0
microcode	: 0x6000817
cpu MHz		: 4334.505
cache size	: 2048 KB
physical id	: 0
siblings	: 8
core id		: 5
cpu cores	: 4
apicid		: 21
initial apicid	: 5
fpu		: yes
fpu_exception	: yes
cpuid level	: 13
wp		: yes
flags		: fpu vme de pse tsc msr pae mce cx8 apic sep mtrr pge mca cmov pat pse36 clflush mmx fxsr sse sse2 ht syscall nx mmxext fxsr_opt pdpe1gb rdtscp lm constant_tsc rep_good nopl nonstop_tsc extd_apicid aperfmperf pni pclmulqdq monitor ssse3 fma cx16 sse4_1 sse4_2 popcnt aes xsave avx f16c lahf_lm cmp_legacy svm extapic cr8_legacy abm sse4a misalignsse 3dnowprefetch osvw ibs xop skinit wdt lwp fma4 tce nodeid_msr tbm topoext perfctr_core perfctr_nb arat cpb hw_pstate npt lbrv svm_lock nrip_save tsc_scale vmcb_clean flushbyasid decodeassists pausefilter pfthreshold bmi1
bogomips	: 8669.01
TLB size	: 1536 4K pages
clflush size	: 64
cache_alignment	: 64
address sizes	: 48 bits physical, 48 bits virtual
power management: ts ttp tm 100mhzsteps hwpstate cpb eff_freq_ro

processor	: 6
vendor_id	: AuthenticAMD
cpu family	: 21
model		: 2
model name	: AMD FX(tm)-8350 Eight-Core Processor           
stepping	: 0
microcode	: 0x6000817
cpu MHz		: 4334.505
cache size	: 2048 KB
physical id	: 0
siblings	: 8
core id		: 6
cpu cores	: 4
apicid		: 22
initial apicid	: 6
fpu		: yes
fpu_exception	: yes
cpuid level	: 13
wp		: yes
flags		: fpu vme de pse tsc msr pae mce cx8 apic sep mtrr pge mca cmov pat pse36 clflush mmx fxsr sse sse2 ht syscall nx mmxext fxsr_opt pdpe1gb rdtscp lm constant_tsc rep_good nopl nonstop_tsc extd_apicid aperfmperf pni pclmulqdq monitor ssse3 fma cx16 sse4_1 sse4_2 popcnt aes xsave avx f16c lahf_lm cmp_legacy svm extapic cr8_legacy abm sse4a misalignsse 3dnowprefetch osvw ibs xop skinit wdt lwp fma4 tce nodeid_msr tbm topoext perfctr_core perfctr_nb arat cpb hw_pstate npt lbrv svm_lock nrip_save tsc_scale vmcb_clean flushbyasid decodeassists pausefilter pfthreshold bmi1
bogomips	: 8669.01
TLB size	: 1536 4K pages
clflush size	: 64
cache_alignment	: 64
address sizes	: 48 bits physical, 48 bits virtual
power management: ts ttp tm 100mhzsteps hwpstate cpb eff_freq_ro

processor	: 7
vendor_id	: AuthenticAMD
cpu family	: 21
model		: 2
model name	: AMD FX(tm)-8350 Eight-Core Processor           
stepping	: 0
microcode	: 0x6000817
cpu MHz		: 4334.505
cache size	: 2048 KB
physical id	: 0
siblings	: 8
core id		: 7
cpu cores	: 4
apicid		: 23
initial apicid	: 7
fpu		: yes
fpu_exception	: yes
cpuid level	: 13
wp		: yes
flags		: fpu vme de pse tsc msr pae mce cx8 apic sep mtrr pge mca cmov pat pse36 clflush mmx fxsr sse sse2 ht syscall nx mmxext fxsr_opt pdpe1gb rdtscp lm constant_tsc rep_good nopl nonstop_tsc extd_apicid aperfmperf pni pclmulqdq monitor ssse3 fma cx16 sse4_1 sse4_2 popcnt aes xsave avx f16c lahf_lm cmp_legacy svm extapic cr8_legacy abm sse4a misalignsse 3dnowprefetch osvw ibs xop skinit wdt lwp fma4 tce nodeid_msr tbm topoext perfctr_core perfctr_nb arat cpb hw_pstate npt lbrv svm_lock nrip_save tsc_scale vmcb_clean flushbyasid decodeassists pausefilter pfthreshold bmi1
bogomips	: 8669.01
TLB size	: 1536 4K pages
clflush size	: 64
cache_alignment	: 64
address sizes	: 48 bits physical, 48 bits virtual
power management: ts ttp tm 100mhzsteps hwpstate cpb eff_freq_ro



Memory: 4k page, physical 8075356k(406480k free), swap 1951740k(1945992k free)

vm_info: OpenJDK 64-Bit Server VM (24.51-b03) for linux-amd64 JRE (1.7.0_55-b14), built on Apr 17 2014 20:08:07 by "buildd" with gcc 4.8.2

time: Tue May 27 13:39:33 2014
elapsed time: 0 seconds

